Para practicar el concepto de generación de imágenes con Stable Diffusion, sigue los siguientes pasos:

Instalar las dependencias necesarias: Abre una terminal y ejecuta los comandos siguientes para instalar Python virtual environment y Git:

sudo apt update
sudo apt install -y python3-venv git
Crear y activar un entorno virtual: Crea un nuevo entorno virtual llamado venv y activa it:

python3 -m venv venv
source venv/bin/activate
Instalar las bibliotecas necesarias: Actualiza pip y luego instala las bibliotecas necesarias para Stable Diffusion:

pip install --upgrade pip
pip install torch torchvision diffusers transformers accelerate safetensors pillow
Clonar el repositorio de Stable Diffusion WebUI: Clona el repositorio de GitHub que contiene la interfaz web de Stable Diffusion:

git clone https://github.com/AUTOMATIC1111/stable-diffusion-webui.git
cd stable-diffusion-webui
Iniciar la aplicación: Ejecuta el script webui.sh para iniciar la interfaz web de Stable Diffusion:

./webui.sh
Generar imágenes usando Stable Diffusion: Abre un navegador y ve a http://localhost:7860. En la interfaz, puedes ingresar prompts como "a green dog over green grass" para generar imágenes basadas en esos prompts.

Ejemplo práctico: Para generar una imagen de un perro verde sobre hierba verde, puedes seguir los pasos siguientes usando el código proporcionado:

Crea un archivo llamado 003-crear_imagen.py con el siguiente contenido:

from diffusers import StableDiffusionPipeline
import torch
from PIL import Image

MODEL_ID = "runwayml/stable-diffusion-v1-5"
PROMPT = "a green dog over green grass"

device = "cuda" if torch.cuda.is_available() else "cpu"
dtype = torch.float16 if device == "cuda" else torch.float32

pipe = StableDiffusionPipeline.from_pretrained(
    MODEL_ID,
    torch_dtype=dtype,
    safety_checker=None,
)
pipe = pipe.to(device)

img = pipe(
    PROMPT,
    num_inference_steps=30,
    guidance_scale=7.5,
    height=512,
    width=512,
).images[0]

img.save("out.png")
print("Saved out.png")
Ejecuta el script:

python 003-crear_imagen.py
Verifica que se haya generado una imagen llamada out.png en tu directorio.

Generar múltiples imágenes: Puedes generar múltiples imágenes usando un bucle en el script 004-lista_peticiones.py:

Crea un archivo llamado 004-lista_peticiones.py con el siguiente contenido:

from diffusers import StableDiffusionPipeline
import torch
from PIL import Image

MODEL_ID = "runwayml/stable-diffusion-v1-5"

lista = [
  'a green dog over green grass',
  'a pink cat over a sofa',
  'a horse running in the forest'
]
for peticion in lista:
  device = "cuda" if torch.cuda.is_available() else "cpu"
  dtype = torch.float16 if device == "cuda" else torch.float32

  pipe = StableDiffusionPipeline.from_pretrained(
      MODEL_ID,
      torch_dtype=dtype,
      safety_checker=None,
  )
  pipe = pipe.to(device)

  img = pipe(
      peticion,
      num_inference_steps=30,
      guidance_scale=7.5,
      height=256,
      width=256,
  ).images[0]

  img.save(peticion+".png")
  print(f"Saved {peticion}.png")
Ejecuta el script:

python 004-lista_peticiones.py
Verifica que se hayan generado imágenes para cada prompt en la lista.

Al completar estos pasos, tendrás una comprensión práctica de cómo generar imágenes usando Stable Diffusion y podrás aplicar este conocimiento en proyectos futuros relacionados con generación de contenido digital.


Respuesta:

En esta actividad practico la generación de imágenes con inteligencia artificial usando Stable Diffusion. El objetivo es aprender a instalar las herramientas necesarias, ejecutar Stable Diffusion en local con una interfaz web y también generar imágenes desde Python usando librerías como diffusers y torch.

La práctica me sirve para entender cómo funciona un modelo de difusión y cómo puedo usar “prompts” (descripciones en inglés) para obtener imágenes generadas automáticamente. Además, trabajo conceptos muy importantes como entornos virtuales de Python, instalación de dependencias y ejecución de programas desde terminal.

Primero abro una terminal e instalo lo básico para poder trabajar:
```
sudo apt update
sudo apt install -y python3-venv git
```

Con esto me aseguro de tener:
-venv para crear entornos virtuales
-git para clonar repositorios desde GitHub

Después creo un entorno virtual para no mezclar librerías del sistema con las del proyecto:
```
python3 -m venv venv
source venv/bin/activate
```

Compruebo que funciona porque en la terminal me aparece (venv) al principio.

Actualizo pip e instalo las librerías necesarias para poder usar Stable Diffusion desde Python:
```
pip install --upgrade pip
pip install torch torchvision diffusers transformers accelerate safetensors pillow
```

Para tener una interfaz web más cómoda clono el repositorio AUTOMATIC1111:
```
git clone https://github.com/AUTOMATIC1111/stable-diffusion-webui.git
cd stable-diffusion-webui
```

Y lo ejecuto:
```
./webui.sh
```

Durante la instalación me aparecen varios problemas:

***Problema 1: GitHub no acepta contraseña***

Cuando intenta clonar un repositorio desde GitHub, Git me pide usuario y contraseña, pero me falla porque GitHub ya no deja autenticarse con contraseña. En mi terminal aparece algo como:

Password authentication is not supported for Git operations

Para solucionarlo configuro el acceso mediante SSH creando una clave:
```
ssh-keygen -t ed25519 -C "serenaesteve@users.noreply.github.com"
eval "$(ssh-agent -s)"
ssh-add ~/.ssh/id_ed25519
cat ~/.ssh/id_ed25519.pub
```

Después copio la clave y la pego en GitHub en:
Settings → SSH and GPG keys → New SSH key

Compruebo que funciona con:
```
ssh -T git@github.com
```

Y me aparece:

Hi serenaesteve! You've successfully authenticated...

Luego fuerzo que Git use SSH en vez de HTTPS:
```
git config --global url."git@github.com:".insteadOf "https://github.com/"
```
Con esto ya no me vuelve a pedir contraseña.

***Problema 2: incompatibilidad de Python + tokenizers***

Durante la instalación aparecen errores con tokenizers y compilación (Rust). Al final consigo tenerlo funcional y la WebUI arranca correctamente, abriendo el servidor local.



Cuando ya está funcionando, abro el navegador y entro en:

http://localhost:7860

Compruebo que la interfaz aparece correctamente y cargo el modelo:

v1-5-pruned-emaonly.safetensors

Después, en la pestaña txt2img escribo el prompt del ejercicio:
a green dog over green grass

Pulso Generate y se genera una imagen correctamente.

Verifico que la imagen se guarda automáticamente en:
stable-diffusion-webui/outputs/txt2img-images/


Además de la WebUI, creo scripts Python para generar imágenes desde código, tal y como pide el enunciado.

Creo el archivo desde terminal en una carpeta scripts:
```
cd ~/stable_diffusion_practica
mkdir -p scripts
cd scripts
nano 003-crear_imagen.py
```
Pego el código indicado y lo ejecuto:
```
python 003-crear_imagen.py
```

Compruebo que se genera la imagen:
out.png

Creo el archivo:
```
nano 004-lista_peticiones.py
```

Pego el código con la lista de prompts y lo ejecuto:
```
python 004-lista_peticiones.py
```
Compruebo que se generan varias imágenes .png en la carpeta.


Terminal1:
```
serena@serena-portatil:~$ mkdir -p ~/stable_diffusion_practica
serena@serena-portatil:~$ cd ~/stable_diffusion_practica
serena@serena-portatil:~/stable_diffusion_practica$ sudo apt update
sudo apt install -y python3-venv git
[sudo] contraseña para serena: 
Obj:1 http://es.archive.ubuntu.com/ubuntu noble InRelease
Ign:2 https://apt.packages.shiftkey.dev/ubuntu any InRelease                   
Des:3 http://es.archive.ubuntu.com/ubuntu noble-updates InRelease [126 kB]     
Des:4 http://es.archive.ubuntu.com/ubuntu noble-backports InRelease [126 kB]   
Des:5 http://es.archive.ubuntu.com/ubuntu noble-updates/main amd64 Packages [1.722 kB]
Des:6 http://security.ubuntu.com/ubuntu noble-security InRelease [126 kB]
Des:7 http://es.archive.ubuntu.com/ubuntu noble-updates/main Translation-en [322 kB]
Des:8 http://es.archive.ubuntu.com/ubuntu noble-updates/main amd64 Components [175 kB]
Des:9 http://es.archive.ubuntu.com/ubuntu noble-updates/main amd64 c-n-f Metadata [16,4 kB]
Des:10 http://es.archive.ubuntu.com/ubuntu noble-updates/restricted amd64 Packages [2.547 kB]
Des:11 http://es.archive.ubuntu.com/ubuntu noble-updates/restricted Translation-en [583 kB]
Des:12 http://es.archive.ubuntu.com/ubuntu noble-updates/restricted amd64 Components [212 B]
Des:13 http://es.archive.ubuntu.com/ubuntu noble-updates/universe amd64 Packages [1.528 kB]
Des:14 http://es.archive.ubuntu.com/ubuntu noble-updates/universe Translation-en [313 kB]
Des:15 http://es.archive.ubuntu.com/ubuntu noble-updates/universe amd64 Components [386 kB]
Des:16 http://security.ubuntu.com/ubuntu noble-security/main amd64 Packages [1.410 kB]
Des:17 http://es.archive.ubuntu.com/ubuntu noble-updates/universe amd64 c-n-f Metadata [31,9 kB]
Des:18 http://es.archive.ubuntu.com/ubuntu noble-updates/multiverse amd64 Packages [32,1 kB]
Des:19 http://es.archive.ubuntu.com/ubuntu noble-updates/multiverse amd64 Components [940 B]
Des:20 http://es.archive.ubuntu.com/ubuntu noble-backports/main amd64 Components [7.280 B]
Des:21 http://es.archive.ubuntu.com/ubuntu noble-backports/restricted amd64 Components [212 B]
Des:22 http://es.archive.ubuntu.com/ubuntu noble-backports/universe amd64 Components [10,5 kB]
Des:23 http://es.archive.ubuntu.com/ubuntu noble-backports/multiverse amd64 Components [212 B]
Ign:2 https://apt.packages.shiftkey.dev/ubuntu any InRelease                   
Des:24 http://security.ubuntu.com/ubuntu noble-security/main Translation-en [230 kB]
Des:25 http://security.ubuntu.com/ubuntu noble-security/main amd64 Components [21,5 kB]
Des:26 http://security.ubuntu.com/ubuntu noble-security/main amd64 c-n-f Metadata [9.840 B]
Des:27 http://security.ubuntu.com/ubuntu noble-security/restricted amd64 Components [208 B]
Des:28 http://security.ubuntu.com/ubuntu noble-security/universe amd64 Packages [929 kB]
Des:29 http://security.ubuntu.com/ubuntu noble-security/universe Translation-en [212 kB]
Des:30 http://security.ubuntu.com/ubuntu noble-security/universe amd64 Components [74,1 kB]
Des:31 http://security.ubuntu.com/ubuntu noble-security/universe amd64 c-n-f Metadata [19,9 kB]
Des:32 http://security.ubuntu.com/ubuntu noble-security/multiverse amd64 Components [208 B]
Ign:2 https://apt.packages.shiftkey.dev/ubuntu any InRelease
Err:2 https://apt.packages.shiftkey.dev/ubuntu any InRelease                   
  Certificate verification failed: The certificate is NOT trusted. The name in the certificate does not match the expected.  Could not handshake: Error in the certificate verification. [IP: 13.107.213.43 443]
Descargados 11,0 MB en 7s (1.501 kB/s)                                         
Leyendo lista de paquetes... Hecho
Creando árbol de dependencias... Hecho
Leyendo la información de estado... Hecho
Se pueden actualizar 186 paquetes. Ejecute «apt list --upgradable» para verlos.
W: Fallo al obtener https://apt.packages.shiftkey.dev/ubuntu/dists/any/InRelease  Certificate verification failed: The certificate is NOT trusted. The name in the certificate does not match the expected.  Could not handshake: Error in the certificate verification. [IP: 13.107.213.43 443]
W: No se han podido descargar algunos archivos de índice, se han omitido, o se han utilizado unos antiguos en su lugar.
Leyendo lista de paquetes... Hecho
Creando árbol de dependencias... Hecho
Leyendo la información de estado... Hecho
git ya está en su versión más reciente (1:2.43.0-1ubuntu7.3).
El paquete indicado a continuación se instaló de forma automática y ya no es necesario.
  libllvm19
Utilice «sudo apt autoremove» para eliminarlo.
Se instalarán los siguientes paquetes adicionales:
  python3-pip-whl python3-setuptools-whl python3.12-venv
Se instalarán los siguientes paquetes NUEVOS:
  python3-pip-whl python3-setuptools-whl python3-venv python3.12-venv
0 actualizados, 4 nuevos se instalarán, 0 para eliminar y 186 no actualizados.
Se necesita descargar 2.430 kB de archivos.
Se utilizarán 2.783 kB de espacio de disco adicional después de esta operación.
Des:1 http://es.archive.ubuntu.com/ubuntu noble-updates/universe amd64 python3-pip-whl all 24.0+dfsg-1ubuntu1.3 [1.707 kB]
Des:2 http://es.archive.ubuntu.com/ubuntu noble-updates/universe amd64 python3-setuptools-whl all 68.1.2-2ubuntu1.2 [716 kB]
Des:3 http://es.archive.ubuntu.com/ubuntu noble-updates/universe amd64 python3.12-venv amd64 3.12.3-1ubuntu0.10 [5.678 B]
Des:4 http://es.archive.ubuntu.com/ubuntu noble-updates/universe amd64 python3-venv amd64 3.12.3-0ubuntu2.1 [1.032 B]
Descargados 2.430 kB en 1s (2.858 kB/s)
Seleccionando el paquete python3-pip-whl previamente no seleccionado.
(Leyendo la base de datos ... 161374 ficheros o directorios instalados actualmen
te.)
Preparando para desempaquetar .../python3-pip-whl_24.0+dfsg-1ubuntu1.3_all.deb .
..
Desempaquetando python3-pip-whl (24.0+dfsg-1ubuntu1.3) ...
Seleccionando el paquete python3-setuptools-whl previamente no seleccionado.
Preparando para desempaquetar .../python3-setuptools-whl_68.1.2-2ubuntu1.2_all.d
eb ...
Desempaquetando python3-setuptools-whl (68.1.2-2ubuntu1.2) ...
Seleccionando el paquete python3.12-venv previamente no seleccionado.
Preparando para desempaquetar .../python3.12-venv_3.12.3-1ubuntu0.10_amd64.deb .
..
Desempaquetando python3.12-venv (3.12.3-1ubuntu0.10) ...
Seleccionando el paquete python3-venv previamente no seleccionado.
Preparando para desempaquetar .../python3-venv_3.12.3-0ubuntu2.1_amd64.deb ...
Desempaquetando python3-venv (3.12.3-0ubuntu2.1) ...
Configurando python3-setuptools-whl (68.1.2-2ubuntu1.2) ...
Configurando python3-pip-whl (24.0+dfsg-1ubuntu1.3) ...
Configurando python3.12-venv (3.12.3-1ubuntu0.10) ...
Configurando python3-venv (3.12.3-0ubuntu2.1) ...
serena@serena-portatil:~/stable_diffusion_practica$ python3 -m venv venv
source venv/bin/activate
(venv) serena@serena-portatil:~/stable_diffusion_practica$ pip install --upgrade pip
Requirement already satisfied: pip in ./venv/lib/python3.12/site-packages (24.0)
Collecting pip
  Downloading pip-26.0-py3-none-any.whl.metadata (4.7 kB)
Downloading pip-26.0-py3-none-any.whl (1.8 MB)
   ━━━━━━━━━━━━━━━━━━━━━━━━━━━━━━━━━━━━━━━━ 1.8/1.8 MB 8.0 MB/s eta 0:00:00
Installing collected packages: pip
  Attempting uninstall: pip
    Found existing installation: pip 24.0
    Uninstalling pip-24.0:
      Successfully uninstalled pip-24.0
Successfully installed pip-26.0
(venv) serena@serena-portatil:~/stable_diffusion_practica$ pip install torch torchvision diffusers transformers accelerate safetensors pillow
Collecting torch
  Downloading torch-2.10.0-cp312-cp312-manylinux_2_28_x86_64.whl.metadata (31 kB)
Collecting torchvision
  Downloading torchvision-0.25.0-cp312-cp312-manylinux_2_28_x86_64.whl.metadata (5.4 kB)
Collecting diffusers
  Downloading diffusers-0.36.0-py3-none-any.whl.metadata (20 kB)
Collecting transformers
  Downloading transformers-5.0.0-py3-none-any.whl.metadata (37 kB)
Collecting accelerate
  Downloading accelerate-1.12.0-py3-none-any.whl.metadata (19 kB)
Collecting safetensors
  Downloading safetensors-0.7.0-cp38-abi3-manylinux_2_17_x86_64.manylinux2014_x86_64.whl.metadata (4.1 kB)
Collecting pillow
  Downloading pillow-12.1.0-cp312-cp312-manylinux_2_27_x86_64.manylinux_2_28_x86_64.whl.metadata (8.8 kB)
Collecting filelock (from torch)
  Downloading filelock-3.20.3-py3-none-any.whl.metadata (2.1 kB)
Collecting typing-extensions>=4.10.0 (from torch)
  Downloading typing_extensions-4.15.0-py3-none-any.whl.metadata (3.3 kB)
Collecting setuptools (from torch)
  Downloading setuptools-80.10.2-py3-none-any.whl.metadata (6.6 kB)
Collecting sympy>=1.13.3 (from torch)
  Downloading sympy-1.14.0-py3-none-any.whl.metadata (12 kB)
Collecting networkx>=2.5.1 (from torch)
  Downloading networkx-3.6.1-py3-none-any.whl.metadata (6.8 kB)
Collecting jinja2 (from torch)
  Downloading jinja2-3.1.6-py3-none-any.whl.metadata (2.9 kB)
Collecting fsspec>=0.8.5 (from torch)
  Downloading fsspec-2026.1.0-py3-none-any.whl.metadata (10 kB)
Collecting cuda-bindings==12.9.4 (from torch)
  Downloading cuda_bindings-12.9.4-cp312-cp312-manylinux_2_24_x86_64.manylinux_2_28_x86_64.whl.metadata (2.6 kB)
Collecting nvidia-cuda-nvrtc-cu12==12.8.93 (from torch)
  Downloading nvidia_cuda_nvrtc_cu12-12.8.93-py3-none-manylinux2010_x86_64.manylinux_2_12_x86_64.whl.metadata (1.7 kB)
Collecting nvidia-cuda-runtime-cu12==12.8.90 (from torch)
  Downloading nvidia_cuda_runtime_cu12-12.8.90-py3-none-manylinux2014_x86_64.manylinux_2_17_x86_64.whl.metadata (1.7 kB)
Collecting nvidia-cuda-cupti-cu12==12.8.90 (from torch)
  Downloading nvidia_cuda_cupti_cu12-12.8.90-py3-none-manylinux2014_x86_64.manylinux_2_17_x86_64.whl.metadata (1.7 kB)
Collecting nvidia-cudnn-cu12==9.10.2.21 (from torch)
  Downloading nvidia_cudnn_cu12-9.10.2.21-py3-none-manylinux_2_27_x86_64.whl.metadata (1.8 kB)
Collecting nvidia-cublas-cu12==12.8.4.1 (from torch)
  Downloading nvidia_cublas_cu12-12.8.4.1-py3-none-manylinux_2_27_x86_64.whl.metadata (1.7 kB)
Collecting nvidia-cufft-cu12==11.3.3.83 (from torch)
  Downloading nvidia_cufft_cu12-11.3.3.83-py3-none-manylinux2014_x86_64.manylinux_2_17_x86_64.whl.metadata (1.7 kB)
Collecting nvidia-curand-cu12==10.3.9.90 (from torch)
  Downloading nvidia_curand_cu12-10.3.9.90-py3-none-manylinux_2_27_x86_64.whl.metadata (1.7 kB)
Collecting nvidia-cusolver-cu12==11.7.3.90 (from torch)
  Downloading nvidia_cusolver_cu12-11.7.3.90-py3-none-manylinux_2_27_x86_64.whl.metadata (1.8 kB)
Collecting nvidia-cusparse-cu12==12.5.8.93 (from torch)
  Downloading nvidia_cusparse_cu12-12.5.8.93-py3-none-manylinux2014_x86_64.manylinux_2_17_x86_64.whl.metadata (1.8 kB)
Collecting nvidia-cusparselt-cu12==0.7.1 (from torch)
  Downloading nvidia_cusparselt_cu12-0.7.1-py3-none-manylinux2014_x86_64.whl.metadata (7.0 kB)
Collecting nvidia-nccl-cu12==2.27.5 (from torch)
  Downloading nvidia_nccl_cu12-2.27.5-py3-none-manylinux2014_x86_64.manylinux_2_17_x86_64.whl.metadata (2.0 kB)
Collecting nvidia-nvshmem-cu12==3.4.5 (from torch)
  Downloading nvidia_nvshmem_cu12-3.4.5-py3-none-manylinux2014_x86_64.manylinux_2_17_x86_64.whl.metadata (2.1 kB)
Collecting nvidia-nvtx-cu12==12.8.90 (from torch)
  Downloading nvidia_nvtx_cu12-12.8.90-py3-none-manylinux2014_x86_64.manylinux_2_17_x86_64.whl.metadata (1.8 kB)
Collecting nvidia-nvjitlink-cu12==12.8.93 (from torch)
  Downloading nvidia_nvjitlink_cu12-12.8.93-py3-none-manylinux2010_x86_64.manylinux_2_12_x86_64.whl.metadata (1.7 kB)
Collecting nvidia-cufile-cu12==1.13.1.3 (from torch)
  Downloading nvidia_cufile_cu12-1.13.1.3-py3-none-manylinux2014_x86_64.manylinux_2_17_x86_64.whl.metadata (1.7 kB)
Collecting triton==3.6.0 (from torch)
  Downloading triton-3.6.0-cp312-cp312-manylinux_2_27_x86_64.manylinux_2_28_x86_64.whl.metadata (1.7 kB)
Collecting cuda-pathfinder~=1.1 (from cuda-bindings==12.9.4->torch)
  Downloading cuda_pathfinder-1.3.3-py3-none-any.whl.metadata (1.9 kB)
Collecting numpy (from torchvision)
  Downloading numpy-2.4.2-cp312-cp312-manylinux_2_27_x86_64.manylinux_2_28_x86_64.whl.metadata (6.6 kB)
Collecting importlib_metadata (from diffusers)
  Downloading importlib_metadata-8.7.1-py3-none-any.whl.metadata (4.7 kB)
Collecting httpx<1.0.0 (from diffusers)
  Downloading httpx-0.28.1-py3-none-any.whl.metadata (7.1 kB)
Collecting huggingface-hub<2.0,>=0.34.0 (from diffusers)
  Downloading huggingface_hub-1.3.7-py3-none-any.whl.metadata (13 kB)
Collecting regex!=2019.12.17 (from diffusers)
  Downloading regex-2026.1.15-cp312-cp312-manylinux2014_x86_64.manylinux_2_17_x86_64.manylinux_2_28_x86_64.whl.metadata (40 kB)
Collecting requests (from diffusers)
  Downloading requests-2.32.5-py3-none-any.whl.metadata (4.9 kB)
Collecting anyio (from httpx<1.0.0->diffusers)
  Downloading anyio-4.12.1-py3-none-any.whl.metadata (4.3 kB)
Collecting certifi (from httpx<1.0.0->diffusers)
  Downloading certifi-2026.1.4-py3-none-any.whl.metadata (2.5 kB)
Collecting httpcore==1.* (from httpx<1.0.0->diffusers)
  Downloading httpcore-1.0.9-py3-none-any.whl.metadata (21 kB)
Collecting idna (from httpx<1.0.0->diffusers)
  Downloading idna-3.11-py3-none-any.whl.metadata (8.4 kB)
Collecting h11>=0.16 (from httpcore==1.*->httpx<1.0.0->diffusers)
  Downloading h11-0.16.0-py3-none-any.whl.metadata (8.3 kB)
Collecting hf-xet<2.0.0,>=1.2.0 (from huggingface-hub<2.0,>=0.34.0->diffusers)
  Downloading hf_xet-1.2.0-cp37-abi3-manylinux_2_17_x86_64.manylinux2014_x86_64.whl.metadata (4.9 kB)
Collecting packaging>=20.9 (from huggingface-hub<2.0,>=0.34.0->diffusers)
  Downloading packaging-26.0-py3-none-any.whl.metadata (3.3 kB)
Collecting pyyaml>=5.1 (from huggingface-hub<2.0,>=0.34.0->diffusers)
  Downloading pyyaml-6.0.3-cp312-cp312-manylinux2014_x86_64.manylinux_2_17_x86_64.manylinux_2_28_x86_64.whl.metadata (2.4 kB)
Collecting shellingham (from huggingface-hub<2.0,>=0.34.0->diffusers)
  Downloading shellingham-1.5.4-py2.py3-none-any.whl.metadata (3.5 kB)
Collecting tqdm>=4.42.1 (from huggingface-hub<2.0,>=0.34.0->diffusers)
  Downloading tqdm-4.67.2-py3-none-any.whl.metadata (57 kB)
Collecting typer-slim (from huggingface-hub<2.0,>=0.34.0->diffusers)
  Downloading typer_slim-0.21.1-py3-none-any.whl.metadata (16 kB)
Collecting tokenizers<=0.23.0,>=0.22.0 (from transformers)
  Downloading tokenizers-0.22.2-cp39-abi3-manylinux_2_17_x86_64.manylinux2014_x86_64.whl.metadata (7.3 kB)
Collecting psutil (from accelerate)
  Downloading psutil-7.2.2-cp36-abi3-manylinux2010_x86_64.manylinux_2_12_x86_64.manylinux_2_28_x86_64.whl.metadata (22 kB)
Collecting mpmath<1.4,>=1.1.0 (from sympy>=1.13.3->torch)
  Downloading mpmath-1.3.0-py3-none-any.whl.metadata (8.6 kB)
Collecting zipp>=3.20 (from importlib_metadata->diffusers)
  Downloading zipp-3.23.0-py3-none-any.whl.metadata (3.6 kB)
Collecting MarkupSafe>=2.0 (from jinja2->torch)
  Downloading markupsafe-3.0.3-cp312-cp312-manylinux2014_x86_64.manylinux_2_17_x86_64.manylinux_2_28_x86_64.whl.metadata (2.7 kB)
Collecting charset_normalizer<4,>=2 (from requests->diffusers)
  Downloading charset_normalizer-3.4.4-cp312-cp312-manylinux2014_x86_64.manylinux_2_17_x86_64.manylinux_2_28_x86_64.whl.metadata (37 kB)
Collecting urllib3<3,>=1.21.1 (from requests->diffusers)
  Downloading urllib3-2.6.3-py3-none-any.whl.metadata (6.9 kB)
Collecting click>=8.0.0 (from typer-slim->huggingface-hub<2.0,>=0.34.0->diffusers)
  Downloading click-8.3.1-py3-none-any.whl.metadata (2.6 kB)
Downloading torch-2.10.0-cp312-cp312-manylinux_2_28_x86_64.whl (915.7 MB)
   ━━━━━━━━━━━━━━━━━━━━━━━━━━━━━━━━━━━━━━━━ 915.7/915.7 MB 9.5 MB/s  0:01:34
Downloading cuda_bindings-12.9.4-cp312-cp312-manylinux_2_24_x86_64.manylinux_2_28_x86_64.whl (12.2 MB)
   ━━━━━━━━━━━━━━━━━━━━━━━━━━━━━━━━━━━━━━━━ 12.2/12.2 MB 10.2 MB/s  0:00:01
Downloading nvidia_cublas_cu12-12.8.4.1-py3-none-manylinux_2_27_x86_64.whl (594.3 MB)
   ━━━━━━━━━━━━━━━━━━━━━━━━━━━━━━━━━━━━━━━━ 594.3/594.3 MB 12.4 MB/s  0:00:49
Downloading nvidia_cuda_cupti_cu12-12.8.90-py3-none-manylinux2014_x86_64.manylinux_2_17_x86_64.whl (10.2 MB)
   ━━━━━━━━━━━━━━━━━━━━━━━━━━━━━━━━━━━━━━━━ 10.2/10.2 MB 10.6 MB/s  0:00:00
Downloading nvidia_cuda_nvrtc_cu12-12.8.93-py3-none-manylinux2010_x86_64.manylinux_2_12_x86_64.whl (88.0 MB)
   ━━━━━━━━━━━━━━━━━━━━━━━━━━━━━━━━━━━━━━━━ 88.0/88.0 MB 10.4 MB/s  0:00:08
Downloading nvidia_cuda_runtime_cu12-12.8.90-py3-none-manylinux2014_x86_64.manylinux_2_17_x86_64.whl (954 kB)
   ━━━━━━━━━━━━━━━━━━━━━━━━━━━━━━━━━━━━━━━━ 954.8/954.8 kB 13.9 MB/s  0:00:00
Downloading nvidia_cudnn_cu12-9.10.2.21-py3-none-manylinux_2_27_x86_64.whl (706.8 MB)
   ━━━━━━━━━━━━━━━━━━━━━━━━━━━━━━━━━━━━━━━━ 706.8/706.8 MB 11.6 MB/s  0:00:57
Downloading nvidia_cufft_cu12-11.3.3.83-py3-none-manylinux2014_x86_64.manylinux_2_17_x86_64.whl (193.1 MB)
   ━━━━━━━━━━━━━━━━━━━━━━━━━━━━━━━━━━━━━━━━ 193.1/193.1 MB 14.3 MB/s  0:00:13
Downloading nvidia_cufile_cu12-1.13.1.3-py3-none-manylinux2014_x86_64.manylinux_2_17_x86_64.whl (1.2 MB)
   ━━━━━━━━━━━━━━━━━━━━━━━━━━━━━━━━━━━━━━━━ 1.2/1.2 MB 15.8 MB/s  0:00:00
Downloading nvidia_curand_cu12-10.3.9.90-py3-none-manylinux_2_27_x86_64.whl (63.6 MB)
   ━━━━━━━━━━━━━━━━━━━━━━━━━━━━━━━━━━━━━━━━ 63.6/63.6 MB 16.6 MB/s  0:00:03
Downloading nvidia_cusolver_cu12-11.7.3.90-py3-none-manylinux_2_27_x86_64.whl (267.5 MB)
   ━━━━━━━━━━━━━━━━━━━━━━━━━━━━━━━━━━━━━━━━ 267.5/267.5 MB 16.2 MB/s  0:00:16
Downloading nvidia_cusparse_cu12-12.5.8.93-py3-none-manylinux2014_x86_64.manylinux_2_17_x86_64.whl (288.2 MB)
   ━━━━━━━━━━━━━━━━━━━━━━━━━━━━━━━━━━━━━━━━ 288.2/288.2 MB 12.4 MB/s  0:00:23
Downloading nvidia_cusparselt_cu12-0.7.1-py3-none-manylinux2014_x86_64.whl (287.2 MB)
   ━━━━━━━━━━━━━━━━━━━━━━━━━━━━━━━━━━━━━━━━ 287.2/287.2 MB 15.3 MB/s  0:00:19
Downloading nvidia_nccl_cu12-2.27.5-py3-none-manylinux2014_x86_64.manylinux_2_17_x86_64.whl (322.3 MB)
   ━━━━━━━━━━━━━━━━━━━━━━━━━━━━━━━━━━━━━━━━ 322.3/322.3 MB 14.3 MB/s  0:00:22
Downloading nvidia_nvjitlink_cu12-12.8.93-py3-none-manylinux2010_x86_64.manylinux_2_12_x86_64.whl (39.3 MB)
   ━━━━━━━━━━━━━━━━━━━━━━━━━━━━━━━━━━━━━━━━ 39.3/39.3 MB 15.7 MB/s  0:00:02
Downloading nvidia_nvshmem_cu12-3.4.5-py3-none-manylinux2014_x86_64.manylinux_2_17_x86_64.whl (139.1 MB)
   ━━━━━━━━━━━━━━━━━━━━━━━━━━━━━━━━━━━━━━━━ 139.1/139.1 MB 14.8 MB/s  0:00:09
Downloading nvidia_nvtx_cu12-12.8.90-py3-none-manylinux2014_x86_64.manylinux_2_17_x86_64.whl (89 kB)
Downloading triton-3.6.0-cp312-cp312-manylinux_2_27_x86_64.manylinux_2_28_x86_64.whl (188.3 MB)
   ━━━━━━━━━━━╺━━━━━━━━━━━━━━━━━━━━━━━━━━━━ 54.0/188.3 MB 8.7 MB/s eta 0:0   ━━━━━━━━━━━━━━━━━━━━━━━━━━━━━━━━━━━━━━ 188.3/188.3 MB 9.3 MB/s  0:00:20
Downloading cuda_pathfinder-1.3.3-py3-none-any.whl (27 kB)
Downloading torchvision-0.25.0-cp312-cp312-manylinux_2_28_x86_64.whl (8.1 MB)
   ━━━━━━━━━━━━━━━━━━━━━━━━━━━━━━━━━━━━━━━━ 8.1/8.1 MB 9.9 MB/s  0:00:00
Downloading diffusers-0.36.0-py3-none-any.whl (4.6 MB)
   ━━━━━━━━━━━━━━━━━━━━━━━━━━━━━━━━━━━━━━━━ 4.6/4.6 MB 14.0 MB/s  0:00:00
Downloading httpx-0.28.1-py3-none-any.whl (73 kB)
Downloading httpcore-1.0.9-py3-none-any.whl (78 kB)
Downloading huggingface_hub-1.3.7-py3-none-any.whl (536 kB)
   ━━━━━━━━━━━━━━━━━━━━━━━━━━━━━━━━━━━━━ 536.7/536.7 kB 11.8 MB/s  0:00:00
Downloading hf_xet-1.2.0-cp37-abi3-manylinux_2_17_x86_64.manylinux2014_x86_64.whl (3.3 MB)
   ━━━━━━━━━━━━━━━━━━━━━━━━━━━━━━━━━━━━━━━━ 3.3/3.3 MB 10.0 MB/s  0:00:00
Downloading transformers-5.0.0-py3-none-any.whl (10.1 MB)
   ━━━━━━━━━━━━━━━━━━━━━━━━━━━━━━━━━━━━━━━ 10.1/10.1 MB 12.3 MB/s  0:00:00
Downloading tokenizers-0.22.2-cp39-abi3-manylinux_2_17_x86_64.manylinux2014_x86_64.whl (3.3 MB)
   ━━━━━━━━━━━━━━━━━━━━━━━━━━━━━━━━━━━━━━━━ 3.3/3.3 MB 9.5 MB/s  0:00:00
Downloading accelerate-1.12.0-py3-none-any.whl (380 kB)
Downloading safetensors-0.7.0-cp38-abi3-manylinux_2_17_x86_64.manylinux2014_x86_64.whl (507 kB)
Downloading pillow-12.1.0-cp312-cp312-manylinux_2_27_x86_64.manylinux_2_28_x86_64.whl (7.0 MB)
   ━━━━━━━━━━━━━━━━━━━━━━━━━━━━━━━━━━━━━━━━ 7.0/7.0 MB 11.8 MB/s  0:00:00
Downloading fsspec-2026.1.0-py3-none-any.whl (201 kB)
Downloading h11-0.16.0-py3-none-any.whl (37 kB)
Downloading networkx-3.6.1-py3-none-any.whl (2.1 MB)
   ━━━━━━━━━━━━━━━━━━━━━━━━━━━━━━━━━━━━━━━━ 2.1/2.1 MB 13.3 MB/s  0:00:00
Downloading numpy-2.4.2-cp312-cp312-manylinux_2_27_x86_64.manylinux_2_28_x86_64.whl (16.6 MB)
   ━━━━━━━━━━━━━━━━━━━━━━━━━━━━━━━━━━━━━━━ 16.6/16.6 MB 15.5 MB/s  0:00:01
Downloading packaging-26.0-py3-none-any.whl (74 kB)
Downloading pyyaml-6.0.3-cp312-cp312-manylinux2014_x86_64.manylinux_2_17_x86_64.manylinux_2_28_x86_64.whl (807 kB)
   ━━━━━━━━━━━━━━━━━━━━━━━━━━━━━━━━━━━━━ 807.9/807.9 kB 12.4 MB/s  0:00:00
Downloading regex-2026.1.15-cp312-cp312-manylinux2014_x86_64.manylinux_2_17_x86_64.manylinux_2_28_x86_64.whl (803 kB)
   ━━━━━━━━━━━━━━━━━━━━━━━━━━━━━━━━━━━━━ 803.6/803.6 kB 13.2 MB/s  0:00:00
Downloading sympy-1.14.0-py3-none-any.whl (6.3 MB)
   ━━━━━━━━━━━━━━━━━━━━━━━━━━━━━━━━━━━━━━━━ 6.3/6.3 MB 12.0 MB/s  0:00:00
Downloading mpmath-1.3.0-py3-none-any.whl (536 kB)
   ━━━━━━━━━━━━━━━━━━━━━━━━━━━━━━━━━━━━━ 536.2/536.2 kB 16.4 MB/s  0:00:00
Downloading tqdm-4.67.2-py3-none-any.whl (78 kB)
Downloading typing_extensions-4.15.0-py3-none-any.whl (44 kB)
Downloading anyio-4.12.1-py3-none-any.whl (113 kB)
Downloading idna-3.11-py3-none-any.whl (71 kB)
Downloading certifi-2026.1.4-py3-none-any.whl (152 kB)
Downloading filelock-3.20.3-py3-none-any.whl (16 kB)
Downloading importlib_metadata-8.7.1-py3-none-any.whl (27 kB)
Downloading zipp-3.23.0-py3-none-any.whl (10 kB)
Downloading jinja2-3.1.6-py3-none-any.whl (134 kB)
Downloading markupsafe-3.0.3-cp312-cp312-manylinux2014_x86_64.manylinux_2_17_x86_64.manylinux_2_28_x86_64.whl (22 kB)
Downloading psutil-7.2.2-cp36-abi3-manylinux2010_x86_64.manylinux_2_12_x86_64.manylinux_2_28_x86_64.whl (155 kB)
Downloading requests-2.32.5-py3-none-any.whl (64 kB)
Downloading charset_normalizer-3.4.4-cp312-cp312-manylinux2014_x86_64.manylinux_2_17_x86_64.manylinux_2_28_x86_64.whl (153 kB)
Downloading urllib3-2.6.3-py3-none-any.whl (131 kB)
Downloading setuptools-80.10.2-py3-none-any.whl (1.1 MB)
   ━━━━━━━━━━━━━━━━━━━━━━━━━━━━━━━━━━━━━━━━ 1.1/1.1 MB 17.3 MB/s  0:00:00
Downloading shellingham-1.5.4-py2.py3-none-any.whl (9.8 kB)
Downloading typer_slim-0.21.1-py3-none-any.whl (47 kB)
Downloading click-8.3.1-py3-none-any.whl (108 kB)
Installing collected packages: nvidia-cusparselt-cu12, mpmath, zipp, urllib3, typing-extensions, triton, tqdm, sympy, shellingham, setuptools, safetensors, regex, pyyaml, psutil, pillow, packaging, nvidia-nvtx-cu12, nvidia-nvshmem-cu12, nvidia-nvjitlink-cu12, nvidia-nccl-cu12, nvidia-curand-cu12, nvidia-cufile-cu12, nvidia-cuda-runtime-cu12, nvidia-cuda-nvrtc-cu12, nvidia-cuda-cupti-cu12, nvidia-cublas-cu12, numpy, networkx, MarkupSafe, idna, hf-xet, h11, fsspec, filelock, cuda-pathfinder, click, charset_normalizer, certifi, typer-slim, requests, nvidia-cusparse-cu12, nvidia-cufft-cu12, nvidia-cudnn-cu12, jinja2, importlib_metadata, httpcore, cuda-bindings, anyio, nvidia-cusolver-cu12, httpx, torch, huggingface-hub, torchvision, tokenizers, diffusers, accelerate, transformers
Successfully installed MarkupSafe-3.0.3 accelerate-1.12.0 anyio-4.12.1 certifi-2026.1.4 charset_normalizer-3.4.4 click-8.3.1 cuda-bindings-12.9.4 cuda-pathfinder-1.3.3 diffusers-0.36.0 filelock-3.20.3 fsspec-2026.1.0 h11-0.16.0 hf-xet-1.2.0 httpcore-1.0.9 httpx-0.28.1 huggingface-hub-1.3.7 idna-3.11 importlib_metadata-8.7.1 jinja2-3.1.6 mpmath-1.3.0 networkx-3.6.1 numpy-2.4.2 nvidia-cublas-cu12-12.8.4.1 nvidia-cuda-cupti-cu12-12.8.90 nvidia-cuda-nvrtc-cu12-12.8.93 nvidia-cuda-runtime-cu12-12.8.90 nvidia-cudnn-cu12-9.10.2.21 nvidia-cufft-cu12-11.3.3.83 nvidia-cufile-cu12-1.13.1.3 nvidia-curand-cu12-10.3.9.90 nvidia-cusolver-cu12-11.7.3.90 nvidia-cusparse-cu12-12.5.8.93 nvidia-cusparselt-cu12-0.7.1 nvidia-nccl-cu12-2.27.5 nvidia-nvjitlink-cu12-12.8.93 nvidia-nvshmem-cu12-3.4.5 nvidia-nvtx-cu12-12.8.90 packaging-26.0 pillow-12.1.0 psutil-7.2.2 pyyaml-6.0.3 regex-2026.1.15 requests-2.32.5 safetensors-0.7.0 setuptools-80.10.2 shellingham-1.5.4 sympy-1.14.0 tokenizers-0.22.2 torch-2.10.0 torchvision-0.25.0 tqdm-4.67.2 transformers-5.0.0 triton-3.6.0 typer-slim-0.21.1 typing-extensions-4.15.0 urllib3-2.6.3 zipp-3.23.0
(venv) serena@serena-portatil:~/stable_diffusion_practica$ python -c "import torch; print('Torch OK', torch.__version__)"
Torch OK 2.10.0+cu128
(venv) serena@serena-portatil:~/stable_diffusion_practica$ git clone https://github.com/AUTOMATIC1111/stable-diffusion-webui.git
cd stable-diffusion-webui
Clonando en 'stable-diffusion-webui'...
remote: Enumerating objects: 34985, done.
remote: Counting objects: 100% (3/3), done.
remote: Compressing objects: 100% (3/3), done.
remote: Total 34985 (delta 0), reused 0 (delta 0), pack-reused 34982 (from 2)
Recibiendo objetos: 100% (34985/34985), 35.66 MiB | 3.11 MiB/s, listo.
Resolviendo deltas: 100% (24367/24367), listo.
(venv) serena@serena-portatil:~/stable_diffusion_practica/stable-diffusion-webui$ ./webui.sh

################################################################
Install script for stable-diffusion + Web UI
Tested on Debian 11 (Bullseye), Fedora 34+ and openSUSE Leap 15.4 or newer.
################################################################

################################################################
Running on serena user
################################################################

################################################################
Repo already cloned, using it as install directory
################################################################

################################################################
python venv already activate or run without venv: /home/serena/stable_diffusion_practica/venv
################################################################

################################################################
Launching launch.py...
################################################################
glibc version is 2.39
Cannot locate TCMalloc. Do you have tcmalloc or google-perftool installed on your system? (improves CPU memory usage)
=============================================================================================
INCOMPATIBLE PYTHON VERSION

This program is tested with 3.10.6 Python, but you have 3.12.3.
If you encounter an error with "RuntimeError: Couldn't install torch." message,
or any other error regarding unsuccessful package (library) installation,
please downgrade (or upgrade) to the latest version of 3.10 Python
and delete current Python and "venv" folder in WebUI's directory.

You can download 3.10 Python from here: https://www.python.org/downloads/release/python-3106/



Use --skip-python-version-check to suppress this warning.
=============================================================================================
Python 3.12.3 (main, Jan  8 2026, 11:30:50) [GCC 13.3.0]
Version: v1.10.1
Commit hash: 82a973c04367123ae98bd9abdf80d9eda9b910e2
Installing clip
Installing open_clip
Cloning assets into /home/serena/stable_diffusion_practica/stable-diffusion-webui/repositories/stable-diffusion-webui-assets...
Clonando en '/home/serena/stable_diffusion_practica/stable-diffusion-webui/repositories/stable-diffusion-webui-assets'...
remote: Enumerating objects: 20, done.
remote: Counting objects: 100% (20/20), done.
remote: Compressing objects: 100% (18/18), done.
remote: Total 20 (delta 0), reused 20 (delta 0), pack-reused 0 (from 0)
Recibiendo objetos: 100% (20/20), 132.70 KiB | 1.21 MiB/s, listo.
Cloning Stable Diffusion into /home/serena/stable_diffusion_practica/stable-diffusion-webui/repositories/stable-diffusion-stability-ai...
Clonando en '/home/serena/stable_diffusion_practica/stable-diffusion-webui/repositories/stable-diffusion-stability-ai'...
git: 'credential-libsecret' no es un comando de git. Mira 'git --help'.
Username for 'https://github.com': serenaesteve
Password for 'https://serenaesteve@github.com': 
git: 'credential-libsecret' no es un comando de git. Mira 'git --help'.
remote: Invalid username or token. Password authentication is not supported for Git operations.
fatal: Autenticación falló para 'https://github.com/Stability-AI/stablediffusion.git/'
Traceback (most recent call last):
  File "/home/serena/stable_diffusion_practica/stable-diffusion-webui/launch.py", line 48, in <module>
    main()
  File "/home/serena/stable_diffusion_practica/stable-diffusion-webui/launch.py", line 39, in main
    prepare_environment()
  File "/home/serena/stable_diffusion_practica/stable-diffusion-webui/modules/launch_utils.py", line 412, in prepare_environment
    git_clone(stable_diffusion_repo, repo_dir('stable-diffusion-stability-ai'), "Stable Diffusion", stable_diffusion_commit_hash)
  File "/home/serena/stable_diffusion_practica/stable-diffusion-webui/modules/launch_utils.py", line 192, in git_clone
    run(f'"{git}" clone --config core.filemode=false "{url}" "{dir}"', f"Cloning {name} into {dir}...", f"Couldn't clone {name}", live=True)
  File "/home/serena/stable_diffusion_practica/stable-diffusion-webui/modules/launch_utils.py", line 116, in run
    raise RuntimeError("\n".join(error_bits))
RuntimeError: Couldn't clone Stable Diffusion.
Command: "git" clone --config core.filemode=false "https://github.com/Stability-AI/stablediffusion.git" "/home/serena/stable_diffusion_practica/stable-diffusion-webui/repositories/stable-diffusion-stability-ai"
Error code: 128
(venv) serena@serena-portatil:~/stable_diffusion_practica/stable-diffusion-webui$ ^C
(venv) serena@serena-portatil:~/stable_diffusion_practica/stable-diffusion-webui$ ping -c 2 github.com
PING github.com (140.82.121.3) 56(84) bytes of data.
64 bytes from lb-140-82-121-3-fra.github.com (140.82.121.3): icmp_seq=1 ttl=50 time=34.3 ms
64 bytes from lb-140-82-121-3-fra.github.com (140.82.121.3): icmp_seq=2 ttl=50 time=36.3 ms

--- github.com ping statistics ---
2 packets transmitted, 2 received, 0% packet loss, time 1002ms
rtt min/avg/max/mdev = 34.324/35.301/36.279/0.977 ms
(venv) serena@serena-portatil:~/stable_diffusion_practica/stable-diffusion-webui$ ^C
(venv) serena@serena-portatil:~/stable_diffusion_practica/stable-diffusion-webui$ rm -rf "/home/serena/stable_diffusion_practica/stable-diffusion-webui/repositories/stable-diffusion-stability-ai"
(venv) serena@serena-portatil:~/stable_diffusion_practica/stable-diffusion-webui$ sudo apt update
sudo apt install -y git-lfs
git lfs install
Obj:1 http://es.archive.ubuntu.com/ubuntu noble InRelease
Obj:2 http://es.archive.ubuntu.com/ubuntu noble-updates InRelease        
Obj:3 http://es.archive.ubuntu.com/ubuntu noble-backports InRelease      
Ign:4 https://apt.packages.shiftkey.dev/ubuntu any InRelease             
Obj:5 http://security.ubuntu.com/ubuntu noble-security InRelease     
Ign:4 https://apt.packages.shiftkey.dev/ubuntu any InRelease
Ign:4 https://apt.packages.shiftkey.dev/ubuntu any InRelease
Err:4 https://apt.packages.shiftkey.dev/ubuntu any InRelease
  Certificate verification failed: The certificate is NOT trusted. The name in the certificate does not match the expected.  Could not handshake: Error in the certificate verification. [IP: 13.107.213.43 443]
Leyendo lista de paquetes... Hecho
Creando árbol de dependencias... Hecho
Leyendo la información de estado... Hecho
Se pueden actualizar 186 paquetes. Ejecute «apt list --upgradable» para verlos.
W: Fallo al obtener https://apt.packages.shiftkey.dev/ubuntu/dists/any/InRelease  Certificate verification failed: The certificate is NOT trusted. The name in the certificate does not match the expected.  Could not handshake: Error in the certificate verification. [IP: 13.107.213.43 443]
W: No se han podido descargar algunos archivos de índice, se han omitido, o se han utilizado unos antiguos en su lugar.
Leyendo lista de paquetes... Hecho
Creando árbol de dependencias... Hecho
Leyendo la información de estado... Hecho
El paquete indicado a continuación se instaló de forma automática y ya no es necesario.
  libllvm19
Utilice «sudo apt autoremove» para eliminarlo.
Se instalarán los siguientes paquetes NUEVOS:
  git-lfs
0 actualizados, 1 nuevos se instalarán, 0 para eliminar y 186 no actualizados.
Se necesita descargar 3.944 kB de archivos.
Se utilizarán 11,7 MB de espacio de disco adicional después de esta operación.
Des:1 http://es.archive.ubuntu.com/ubuntu noble-updates/universe amd64 git-lfs amd64 3.4.1-1ubuntu0.3 [3.944 kB]
Descargados 3.944 kB en 1s (4.727 kB/s)
Seleccionando el paquete git-lfs previamente no seleccionado.
(Leyendo la base de datos ... 161391 ficheros o directorios instalados act
ualmente.)
Preparando para desempaquetar .../git-lfs_3.4.1-1ubuntu0.3_amd64.deb ...
Desempaquetando git-lfs (3.4.1-1ubuntu0.3) ...
Configurando git-lfs (3.4.1-1ubuntu0.3) ...
Procesando disparadores para man-db (2.12.0-4build2) ...
Updated Git hooks.
Git LFS initialized.
(venv) serena@serena-portatil:~/stable_diffusion_practica/stable-diffusion-webui$ git config --global http.postBuffer 524288000
(venv) serena@serena-portatil:~/stable_diffusion_practica/stable-diffusion-webui$ cd ~/stable_diffusion_practica/stable-diffusion-webui
./webui.sh

################################################################
Install script for stable-diffusion + Web UI
Tested on Debian 11 (Bullseye), Fedora 34+ and openSUSE Leap 15.4 or newer.
################################################################

################################################################
Running on serena user
################################################################

################################################################
Repo already cloned, using it as install directory
################################################################

################################################################
python venv already activate or run without venv: /home/serena/stable_diffusion_practica/venv
################################################################

################################################################
Launching launch.py...
################################################################
glibc version is 2.39
Cannot locate TCMalloc. Do you have tcmalloc or google-perftool installed on your system? (improves CPU memory usage)
=============================================================================================
INCOMPATIBLE PYTHON VERSION

This program is tested with 3.10.6 Python, but you have 3.12.3.
If you encounter an error with "RuntimeError: Couldn't install torch." message,
or any other error regarding unsuccessful package (library) installation,
please downgrade (or upgrade) to the latest version of 3.10 Python
and delete current Python and "venv" folder in WebUI's directory.

You can download 3.10 Python from here: https://www.python.org/downloads/release/python-3106/



Use --skip-python-version-check to suppress this warning.
=============================================================================================
Python 3.12.3 (main, Jan  8 2026, 11:30:50) [GCC 13.3.0]
Version: v1.10.1
Commit hash: 82a973c04367123ae98bd9abdf80d9eda9b910e2
Cloning Stable Diffusion into /home/serena/stable_diffusion_practica/stable-diffusion-webui/repositories/stable-diffusion-stability-ai...
Clonando en '/home/serena/stable_diffusion_practica/stable-diffusion-webui/repositories/stable-diffusion-stability-ai'...
git: 'credential-libsecret' no es un comando de git. Mira 'git --help'.
Username for 'https://github.com': serenaesteve
Password for 'https://serenaesteve@github.com': 
git: 'credential-libsecret' no es un comando de git. Mira 'git --help'.
remote: Invalid username or token. Password authentication is not supported for Git operations.
fatal: Autenticación falló para 'https://github.com/Stability-AI/stablediffusion.git/'
Traceback (most recent call last):
  File "/home/serena/stable_diffusion_practica/stable-diffusion-webui/launch.py", line 48, in <module>
    main()
  File "/home/serena/stable_diffusion_practica/stable-diffusion-webui/launch.py", line 39, in main
    prepare_environment()
  File "/home/serena/stable_diffusion_practica/stable-diffusion-webui/modules/launch_utils.py", line 412, in prepare_environment
    git_clone(stable_diffusion_repo, repo_dir('stable-diffusion-stability-ai'), "Stable Diffusion", stable_diffusion_commit_hash)
  File "/home/serena/stable_diffusion_practica/stable-diffusion-webui/modules/launch_utils.py", line 192, in git_clone
    run(f'"{git}" clone --config core.filemode=false "{url}" "{dir}"', f"Cloning {name} into {dir}...", f"Couldn't clone {name}", live=True)
  File "/home/serena/stable_diffusion_practica/stable-diffusion-webui/modules/launch_utils.py", line 116, in run
    raise RuntimeError("\n".join(error_bits))
RuntimeError: Couldn't clone Stable Diffusion.
Command: "git" clone --config core.filemode=false "https://github.com/Stability-AI/stablediffusion.git" "/home/serena/stable_diffusion_practica/stable-diffusion-webui/repositories/stable-diffusion-stability-ai"
Error code: 128
(venv) serena@serena-portatil:~/stable_diffusion_practica/stable-diffusion-webui$ rm -rf "/home/serena/stable_diffusion_practica/stable-diffusion-webui/repositories/stable-diffusion-stability-ai"
(venv) serena@serena-portatil:~/stable_diffusion_practica/stable-diffusion-webui$ git config --global --get credential.helper
libsecret
(venv) serena@serena-portatil:~/stable_diffusion_practica/stable-diffusion-webui$ git config --global --unset credential.helper
(venv) serena@serena-portatil:~/stable_diffusion_practica/stable-diffusion-webui$ cd ~/stable_diffusion_practica/stable-diffusion-webui/repositories 
git clone --depth=1 https://github.com/Stability-AI/stablediffusion.git stable-diffusion-stability-ai
Clonando en 'stable-diffusion-stability-ai'...
Username for 'https://github.com': serenaesteve 
Password for 'https://serenaesteve@github.com': 
remote: Invalid username or token. Password authentication is not supported for Git operations.
fatal: Autenticación falló para 'https://github.com/Stability-AI/stablediffusion.git/'
(venv) serena@serena-portatil:~/stable_diffusion_practica/stable-diffusion-webui/repositories$ ls -la ~/.ssh
total 8
drwx------  2 serena serena 4096 ene 14 19:08 .
drwxr-x--- 20 serena serena 4096 feb  3 12:16 ..
-rw-------  1 serena serena    0 ene 14 19:08 authorized_keys
(venv) serena@serena-portatil:~/stable_diffusion_practica/stable-diffusion-webui/repositories$ ssh-keygen -t ed25519 -C "serenaesteve@users.noreply.github.com"
Generating public/private ed25519 key pair.
Enter file in which to save the key (/home/serena/.ssh/id_ed25519): 
Enter passphrase (empty for no passphrase): 
Enter same passphrase again: 
Your identification has been saved in /home/serena/.ssh/id_ed25519
Your public key has been saved in /home/serena/.ssh/id_ed25519.pub
The key fingerprint is:
SHA256:Vs4w385wKc2kAIsc7wIRPD4Plt+ccF6MXkyh9zl0+GE serenaesteve@users.noreply.github.com
The key's randomart image is:
+--[ED25519 256]--+
| .o.. . ..       |
|  oo + +.  .     |
| ..oo +== + E    |
|  *...o.=@ @ o   |
| . =.B.+S @ B    |
|    o.*.   B     |
|            o    |
|                 |
|                 |
+----[SHA256]-----+
(venv) serena@serena-portatil:~/stable_diffusion_practica/stable-diffusion-webui/repositories$ ls -la ~/.ssh
total 16
drwx------  2 serena serena 4096 feb  3 12:20 .
drwxr-x--- 20 serena serena 4096 feb  3 12:16 ..
-rw-------  1 serena serena    0 ene 14 19:08 authorized_keys
-rw-------  1 serena serena  432 feb  3 12:20 id_ed25519
-rw-r--r--  1 serena serena  119 feb  3 12:20 id_ed25519.pub
(venv) serena@serena-portatil:~/stable_diffusion_practica/stable-diffusion-webui/repositories$ eval "$(ssh-agent -s)"
ssh-add ~/.ssh/id_ed25519
Agent pid 13504
Identity added: /home/serena/.ssh/id_ed25519 (serenaesteve@users.noreply.github.com)
(venv) serena@serena-portatil:~/stable_diffusion_practica/stable-diffusion-webui/repositories$ cat ~/.ssh/id_ed25519.pub
ssh-ed25519 AAAAC3NzaC1lZDI1NTE5AAAAICL24zBF2zJp5pq0K4nlRrijZd3RYxUos3K33M9zXJfu serenaesteve@users.noreply.github.com
(venv) serena@serena-portatil:~/stable_diffusion_practica/stable-diffusion-webui/repositories$ ssh -T git@github.com
The authenticity of host 'github.com (140.82.121.3)' can't be established.
ED25519 key fingerprint is SHA256:+DiY3wvvV6TuJJhbpZisF/zLDA0zPMSvHdkr4UvCOqU.
This key is not known by any other names.
Are you sure you want to continue connecting (yes/no/[fingerprint])? yes
Warning: Permanently added 'github.com' (ED25519) to the list of known hosts.
Hi serenaesteve! You've successfully authenticated, but GitHub does not provide shell access.
(venv) serena@serena-portatil:~/stable_diffusion_practica/stable-diffusion-webui/repositories$ git config --global url."git@github.com:".insteadOf "https://github.com/"
(venv) serena@serena-portatil:~/stable_diffusion_practica/stable-diffusion-webui/repositories$ rm -rf ~/stable_diffusion_practica/stable-diffusion-webui/repositories/stable-diffusion-stability-ai
(venv) serena@serena-portatil:~/stable_diffusion_practica/stable-diffusion-webui/repositories$ cd ~/stable_diffusion_practica/stable-diffusion-webui 
(venv) serena@serena-portatil:~/stable_diffusion_practica/stable-diffusion-webui$ ./webui.sh

################################################################
Install script for stable-diffusion + Web UI
Tested on Debian 11 (Bullseye), Fedora 34+ and openSUSE Leap 15.4 or newer.
################################################################

################################################################
Running on serena user
################################################################

################################################################
Repo already cloned, using it as install directory
################################################################

################################################################
python venv already activate or run without venv: /home/serena/stable_diffusion_practica/venv
################################################################

################################################################
Launching launch.py...
################################################################
glibc version is 2.39
Cannot locate TCMalloc. Do you have tcmalloc or google-perftool installed on your system? (improves CPU memory usage)
=============================================================================================
INCOMPATIBLE PYTHON VERSION

This program is tested with 3.10.6 Python, but you have 3.12.3.
If you encounter an error with "RuntimeError: Couldn't install torch." message,
or any other error regarding unsuccessful package (library) installation,
please downgrade (or upgrade) to the latest version of 3.10 Python
and delete current Python and "venv" folder in WebUI's directory.

You can download 3.10 Python from here: https://www.python.org/downloads/release/python-3106/



Use --skip-python-version-check to suppress this warning.
=============================================================================================
Python 3.12.3 (main, Jan  8 2026, 11:30:50) [GCC 13.3.0]
Version: v1.10.1
Commit hash: 82a973c04367123ae98bd9abdf80d9eda9b910e2
Cloning Stable Diffusion into /home/serena/stable_diffusion_practica/stable-diffusion-webui/repositories/stable-diffusion-stability-ai...
Clonando en '/home/serena/stable_diffusion_practica/stable-diffusion-webui/repositories/stable-diffusion-stability-ai'...
ERROR: Repository not found.
fatal: No se pudo leer del repositorio remoto.

Por favor asegúrate de que tengas los permisos de acceso correctos
y que el repositorio exista.
Traceback (most recent call last):
  File "/home/serena/stable_diffusion_practica/stable-diffusion-webui/launch.py", line 48, in <module>
    main()
  File "/home/serena/stable_diffusion_practica/stable-diffusion-webui/launch.py", line 39, in main
    prepare_environment()
  File "/home/serena/stable_diffusion_practica/stable-diffusion-webui/modules/launch_utils.py", line 412, in prepare_environment
    git_clone(stable_diffusion_repo, repo_dir('stable-diffusion-stability-ai'), "Stable Diffusion", stable_diffusion_commit_hash)
  File "/home/serena/stable_diffusion_practica/stable-diffusion-webui/modules/launch_utils.py", line 192, in git_clone
    run(f'"{git}" clone --config core.filemode=false "{url}" "{dir}"', f"Cloning {name} into {dir}...", f"Couldn't clone {name}", live=True)
  File "/home/serena/stable_diffusion_practica/stable-diffusion-webui/modules/launch_utils.py", line 116, in run
    raise RuntimeError("\n".join(error_bits))
RuntimeError: Couldn't clone Stable Diffusion.
Command: "git" clone --config core.filemode=false "https://github.com/Stability-AI/stablediffusion.git" "/home/serena/stable_diffusion_practica/stable-diffusion-webui/repositories/stable-diffusion-stability-ai"
Error code: 128
(venv) serena@serena-portatil:~/stable_diffusion_practica/stable-diffusion-webui$ cd ~/stable_diffusion_practica/stable-diffusion-webui
(venv) serena@serena-portatil:~/stable_diffusion_practica/stable-diffusion-webui$ git fetch
git checkout dev
git pull
rama 'dev' configurada para rastrear 'origin/dev'.
Cambiado a nueva rama 'dev'
Ya está actualizado.
(venv) serena@serena-portatil:~/stable_diffusion_practica/stable-diffusion-webui$ rm -rf repositories/stable-diffusion-stability-ai
(venv) serena@serena-portatil:~/stable_diffusion_practica/stable-diffusion-webui$ ./webui.sh

################################################################
Install script for stable-diffusion + Web UI
Tested on Debian 11 (Bullseye), Fedora 34+ and openSUSE Leap 15.4 or newer.
################################################################

################################################################
Running on serena user
################################################################

################################################################
Repo already cloned, using it as install directory
################################################################

################################################################
python venv already activate or run without venv: /home/serena/stable_diffusion_practica/venv
################################################################

################################################################
Launching launch.py...
################################################################
glibc version is 2.39
Cannot locate TCMalloc. Do you have tcmalloc or google-perftool installed on your system? (improves CPU memory usage)
=============================================================================================
INCOMPATIBLE PYTHON VERSION

This program is tested with 3.10.6 Python, but you have 3.12.3.
If you encounter an error with "RuntimeError: Couldn't install torch." message,
or any other error regarding unsuccessful package (library) installation,
please downgrade (or upgrade) to the latest version of 3.10 Python
and delete current Python and "venv" folder in WebUI's directory.

You can download 3.10 Python from here: https://www.python.org/downloads/release/python-3106/



Use --skip-python-version-check to suppress this warning.
=============================================================================================
Python 3.12.3 (main, Jan  8 2026, 11:30:50) [GCC 13.3.0]
Version: v1.10.1-93-gfd68e0c3
Commit hash: fd68e0c3846b07c637c3d57b0c38f06c8485a753
Cloning Stable Diffusion into /home/serena/stable_diffusion_practica/stable-diffusion-webui/repositories/stable-diffusion-stability-ai...
Clonando en '/home/serena/stable_diffusion_practica/stable-diffusion-webui/repositories/stable-diffusion-stability-ai'...
remote: Enumerating objects: 580, done.
remote: Total 580 (delta 0), reused 0 (delta 0), pack-reused 580 (from 2)
Recibiendo objetos: 100% (580/580), 73.44 MiB | 6.51 MiB/s, listo.
Resolviendo deltas: 100% (282/282), listo.
Cloning Stable Diffusion XL into /home/serena/stable_diffusion_practica/stable-diffusion-webui/repositories/generative-models...
Clonando en '/home/serena/stable_diffusion_practica/stable-diffusion-webui/repositories/generative-models'...
remote: Enumerating objects: 1154, done.
remote: Counting objects: 100% (531/531), done.
remote: Compressing objects: 100% (164/164), done.
remote: Total 1154 (delta 428), reused 367 (delta 367), pack-reused 623 (from 5)
Recibiendo objetos: 100% (1154/1154), 86.70 MiB | 8.13 MiB/s, listo.
Resolviendo deltas: 100% (596/596), listo.
Cloning K-diffusion into /home/serena/stable_diffusion_practica/stable-diffusion-webui/repositories/k-diffusion...
Clonando en '/home/serena/stable_diffusion_practica/stable-diffusion-webui/repositories/k-diffusion'...
remote: Enumerating objects: 1350, done.
remote: Counting objects: 100% (651/651), done.
remote: Compressing objects: 100% (87/87), done.
remote: Total 1350 (delta 608), reused 566 (delta 564), pack-reused 699 (from 1)
Recibiendo objetos: 100% (1350/1350), 239.59 KiB | 973.00 KiB/s, listo.
Resolviendo deltas: 100% (948/948), listo.
Cloning BLIP into /home/serena/stable_diffusion_practica/stable-diffusion-webui/repositories/BLIP...
Clonando en '/home/serena/stable_diffusion_practica/stable-diffusion-webui/repositories/BLIP'...
remote: Enumerating objects: 277, done.
remote: Total 277 (delta 0), reused 0 (delta 0), pack-reused 277 (from 1)
Recibiendo objetos: 100% (277/277), 7.16 MiB | 3.97 MiB/s, listo.
Resolviendo deltas: 100% (151/151), listo.
Installing requirements
Traceback (most recent call last):
  File "/home/serena/stable_diffusion_practica/stable-diffusion-webui/launch.py", line 53, in <module>
    main()
  File "/home/serena/stable_diffusion_practica/stable-diffusion-webui/launch.py", line 44, in main
    prepare_environment()
  File "/home/serena/stable_diffusion_practica/stable-diffusion-webui/modules/launch_utils.py", line 455, in prepare_environment
    run_pip(f"install -r \"{requirements_file}\"", "requirements")
  File "/home/serena/stable_diffusion_practica/stable-diffusion-webui/modules/launch_utils.py", line 142, in run_pip
    return run(f'"{python}" -m pip {command} --prefer-binary{index_url_line}', desc=f"Installing {desc}", errdesc=f"Couldn't install {desc}", live=live)
           ^^^^^^^^^^^^^^^^^^^^^^^^^^^^^^^^^^^^^^^^^^^^^^^^^^^^^^^^^^^^^^^^^^^^^^^^^^^^^^^^^^^^^^^^^^^^^^^^^^^^^^^^^^^^^^^^^^^^^^^^^^^^^^^^^^^^^^^^^^^^^
  File "/home/serena/stable_diffusion_practica/stable-diffusion-webui/modules/launch_utils.py", line 114, in run
    raise RuntimeError("\n".join(error_bits))
RuntimeError: Couldn't install requirements.
Command: "/home/serena/stable_diffusion_practica/venv/bin/python3" -m pip install -r "requirements_versions.txt" --prefer-binary
Error code: 1
stdout: Collecting setuptools==69.5.1 (from -r requirements_versions.txt (line 1))
  Downloading setuptools-69.5.1-py3-none-any.whl.metadata (6.2 kB)
Collecting GitPython==3.1.32 (from -r requirements_versions.txt (line 2))
  Downloading GitPython-3.1.32-py3-none-any.whl.metadata (10.0 kB)
Collecting Pillow==9.5.0 (from -r requirements_versions.txt (line 3))
  Downloading Pillow-9.5.0.tar.gz (50.5 MB)
     ━━━━━━━━━━━━━━━━━━━━━━━━━━━━━━━━━━━━━ 50.5/50.5 MB 15.7 MB/s  0:00:03
  Installing build dependencies: started
  Installing build dependencies: finished with status 'done'
  Getting requirements to build wheel: started
  Getting requirements to build wheel: finished with status 'done'
  Preparing metadata (pyproject.toml): started
  Preparing metadata (pyproject.toml): finished with status 'done'
Collecting accelerate==0.21.0 (from -r requirements_versions.txt (line 4))
  Downloading accelerate-0.21.0-py3-none-any.whl.metadata (17 kB)
Collecting blendmodes==2022 (from -r requirements_versions.txt (line 5))
  Downloading blendmodes-2022-py3-none-any.whl.metadata (12 kB)
Collecting clean-fid==0.1.35 (from -r requirements_versions.txt (line 6))
  Downloading clean_fid-0.1.35-py3-none-any.whl.metadata (36 kB)
Collecting diskcache==5.6.3 (from -r requirements_versions.txt (line 7))
  Downloading diskcache-5.6.3-py3-none-any.whl.metadata (20 kB)
Collecting einops==0.4.1 (from -r requirements_versions.txt (line 8))
  Downloading einops-0.4.1-py3-none-any.whl.metadata (10 kB)
Collecting facexlib==0.3.0 (from -r requirements_versions.txt (line 9))
  Downloading facexlib-0.3.0-py3-none-any.whl.metadata (4.6 kB)
Collecting fastapi==0.94.0 (from -r requirements_versions.txt (line 10))
  Downloading fastapi-0.94.0-py3-none-any.whl.metadata (25 kB)
Collecting gradio==3.41.2 (from -r requirements_versions.txt (line 11))
  Downloading gradio-3.41.2-py3-none-any.whl.metadata (17 kB)
Collecting httpcore==0.15 (from -r requirements_versions.txt (line 12))
  Downloading httpcore-0.15.0-py3-none-any.whl.metadata (15 kB)
Collecting inflection==0.5.1 (from -r requirements_versions.txt (line 13))
  Downloading inflection-0.5.1-py2.py3-none-any.whl.metadata (1.7 kB)
Collecting jsonmerge==1.8.0 (from -r requirements_versions.txt (line 14))
  Downloading jsonmerge-1.8.0.tar.gz (26 kB)
  Installing build dependencies: started
  Installing build dependencies: finished with status 'done'
  Getting requirements to build wheel: started
  Getting requirements to build wheel: finished with status 'done'
  Preparing metadata (pyproject.toml): started
  Preparing metadata (pyproject.toml): finished with status 'done'
Collecting kornia==0.6.7 (from -r requirements_versions.txt (line 15))
  Downloading kornia-0.6.7-py2.py3-none-any.whl.metadata (12 kB)
Collecting lark==1.1.2 (from -r requirements_versions.txt (line 16))
  Downloading lark-1.1.2-py2.py3-none-any.whl.metadata (1.7 kB)
Collecting numpy==1.26.2 (from -r requirements_versions.txt (line 17))
  Downloading numpy-1.26.2-cp312-cp312-manylinux_2_17_x86_64.manylinux2014_x86_64.whl.metadata (61 kB)
Collecting omegaconf==2.2.3 (from -r requirements_versions.txt (line 18))
  Downloading omegaconf-2.2.3-py3-none-any.whl.metadata (3.9 kB)
Collecting open-clip-torch==2.20.0 (from -r requirements_versions.txt (line 19))
  Downloading open_clip_torch-2.20.0-py3-none-any.whl.metadata (46 kB)
Collecting piexif==1.1.3 (from -r requirements_versions.txt (line 20))
  Downloading piexif-1.1.3-py2.py3-none-any.whl.metadata (3.7 kB)
Requirement already satisfied: protobuf==3.20.0 in /home/serena/stable_diffusion_practica/venv/lib/python3.12/site-packages (from -r requirements_versions.txt (line 21)) (3.20.0)
Collecting psutil==5.9.5 (from -r requirements_versions.txt (line 22))
  Downloading psutil-5.9.5-cp36-abi3-manylinux_2_12_x86_64.manylinux2010_x86_64.manylinux_2_17_x86_64.manylinux2014_x86_64.whl.metadata (21 kB)
Collecting pytorch_lightning==1.9.4 (from -r requirements_versions.txt (line 23))
  Downloading pytorch_lightning-1.9.4-py3-none-any.whl.metadata (22 kB)
Collecting resize-right==0.0.2 (from -r requirements_versions.txt (line 24))
  Downloading resize_right-0.0.2-py3-none-any.whl.metadata (551 bytes)
Collecting safetensors==0.4.5 (from -r requirements_versions.txt (line 25))
  Downloading safetensors-0.4.5-cp312-cp312-manylinux_2_17_x86_64.manylinux2014_x86_64.whl.metadata (3.8 kB)
Collecting scikit-image==0.21.0 (from -r requirements_versions.txt (line 26))
  Downloading scikit_image-0.21.0.tar.gz (22.7 MB)
     ━━━━━━━━━━━━━━━━━━━━━━━━━━━━━━━━━━━━━━ 22.7/22.7 MB 8.3 MB/s  0:00:02
  Installing build dependencies: started
  Installing build dependencies: finished with status 'done'
  Getting requirements to build wheel: started
  Getting requirements to build wheel: finished with status 'done'
  Installing backend dependencies: started
  Installing backend dependencies: finished with status 'done'
  Preparing metadata (pyproject.toml): started
  Preparing metadata (pyproject.toml): still running...
  Preparing metadata (pyproject.toml): finished with status 'done'
Collecting spandrel==0.3.4 (from -r requirements_versions.txt (line 27))
  Downloading spandrel-0.3.4-py3-none-any.whl.metadata (14 kB)
Collecting spandrel-extra-arches==0.1.1 (from -r requirements_versions.txt (line 28))
  Downloading spandrel_extra_arches-0.1.1-py3-none-any.whl.metadata (3.0 kB)
Collecting tomesd==0.1.3 (from -r requirements_versions.txt (line 29))
  Downloading tomesd-0.1.3-py3-none-any.whl.metadata (9.1 kB)
Requirement already satisfied: torch in /home/serena/stable_diffusion_practica/venv/lib/python3.12/site-packages (from -r requirements_versions.txt (line 30)) (2.10.0)
Collecting torchdiffeq==0.2.3 (from -r requirements_versions.txt (line 31))
  Downloading torchdiffeq-0.2.3-py3-none-any.whl.metadata (488 bytes)
Collecting torchsde==0.2.6 (from -r requirements_versions.txt (line 32))
  Downloading torchsde-0.2.6-py3-none-any.whl.metadata (5.3 kB)
Collecting transformers==4.30.2 (from -r requirements_versions.txt (line 33))
  Downloading transformers-4.30.2-py3-none-any.whl.metadata (113 kB)
Collecting httpx==0.24.1 (from -r requirements_versions.txt (line 34))
  Downloading httpx-0.24.1-py3-none-any.whl.metadata (7.4 kB)
Collecting pillow-avif-plugin==1.4.3 (from -r requirements_versions.txt (line 35))
  Downloading pillow_avif_plugin-1.4.3-cp312-cp312-manylinux_2_17_x86_64.manylinux2014_x86_64.whl.metadata (1.7 kB)
Collecting gitdb<5,>=4.0.1 (from GitPython==3.1.32->-r requirements_versions.txt (line 2))
  Downloading gitdb-4.0.12-py3-none-any.whl.metadata (1.2 kB)
Requirement already satisfied: packaging>=20.0 in /home/serena/stable_diffusion_practica/venv/lib/python3.12/site-packages (from accelerate==0.21.0->-r requirements_versions.txt (line 4)) (26.0)
Requirement already satisfied: pyyaml in /home/serena/stable_diffusion_practica/venv/lib/python3.12/site-packages (from accelerate==0.21.0->-r requirements_versions.txt (line 4)) (6.0.3)
Collecting aenum<4,>=3.1.7 (from blendmodes==2022->-r requirements_versions.txt (line 5))
  Downloading aenum-3.1.16-py3-none-any.whl.metadata (3.8 kB)
Collecting deprecation<3,>=2.1.0 (from blendmodes==2022->-r requirements_versions.txt (line 5))
  Downloading deprecation-2.1.0-py2.py3-none-any.whl.metadata (4.6 kB)
Requirement already satisfied: torchvision in /home/serena/stable_diffusion_practica/venv/lib/python3.12/site-packages (from clean-fid==0.1.35->-r requirements_versions.txt (line 6)) (0.25.0)
Collecting scipy>=1.0.1 (from clean-fid==0.1.35->-r requirements_versions.txt (line 6))
  Downloading scipy-1.17.0-cp312-cp312-manylinux_2_27_x86_64.manylinux_2_28_x86_64.whl.metadata (62 kB)
Requirement already satisfied: tqdm>=4.28.1 in /home/serena/stable_diffusion_practica/venv/lib/python3.12/site-packages (from clean-fid==0.1.35->-r requirements_versions.txt (line 6)) (4.67.2)
Requirement already satisfied: requests in /home/serena/stable_diffusion_practica/venv/lib/python3.12/site-packages (from clean-fid==0.1.35->-r requirements_versions.txt (line 6)) (2.32.5)
Collecting filterpy (from facexlib==0.3.0->-r requirements_versions.txt (line 9))
  Downloading filterpy-1.4.5.zip (177 kB)
  Installing build dependencies: started
  Installing build dependencies: finished with status 'done'
  Getting requirements to build wheel: started
  Getting requirements to build wheel: finished with status 'done'
  Preparing metadata (pyproject.toml): started
  Preparing metadata (pyproject.toml): finished with status 'done'
Collecting numba (from facexlib==0.3.0->-r requirements_versions.txt (line 9))
  Downloading numba-0.63.1-cp312-cp312-manylinux2014_x86_64.manylinux_2_17_x86_64.whl.metadata (2.9 kB)
Collecting opencv-python (from facexlib==0.3.0->-r requirements_versions.txt (line 9))
  Downloading opencv_python-4.13.0.90-cp37-abi3-manylinux_2_28_x86_64.whl.metadata (19 kB)
Collecting pydantic!=1.7,!=1.7.1,!=1.7.2,!=1.7.3,!=1.8,!=1.8.1,<2.0.0,>=1.6.2 (from fastapi==0.94.0->-r requirements_versions.txt (line 10))
  Downloading pydantic-1.10.26-cp312-cp312-manylinux2014_x86_64.manylinux_2_17_x86_64.whl.metadata (155 kB)
Collecting starlette<0.27.0,>=0.26.0 (from fastapi==0.94.0->-r requirements_versions.txt (line 10))
  Downloading starlette-0.26.1-py3-none-any.whl.metadata (5.8 kB)
Collecting aiofiles<24.0,>=22.0 (from gradio==3.41.2->-r requirements_versions.txt (line 11))
  Downloading aiofiles-23.2.1-py3-none-any.whl.metadata (9.7 kB)
Collecting altair<6.0,>=4.2.0 (from gradio==3.41.2->-r requirements_versions.txt (line 11))
  Downloading altair-5.5.0-py3-none-any.whl.metadata (11 kB)
Collecting ffmpy (from gradio==3.41.2->-r requirements_versions.txt (line 11))
  Downloading ffmpy-1.0.0-py3-none-any.whl.metadata (3.0 kB)
Collecting gradio-client==0.5.0 (from gradio==3.41.2->-r requirements_versions.txt (line 11))
  Downloading gradio_client-0.5.0-py3-none-any.whl.metadata (7.1 kB)
Requirement already satisfied: huggingface-hub>=0.14.0 in /home/serena/stable_diffusion_practica/venv/lib/python3.12/site-packages (from gradio==3.41.2->-r requirements_versions.txt (line 11)) (1.3.7)
Collecting importlib-resources<7.0,>=1.3 (from gradio==3.41.2->-r requirements_versions.txt (line 11))
  Downloading importlib_resources-6.5.2-py3-none-any.whl.metadata (3.9 kB)
Requirement already satisfied: jinja2<4.0 in /home/serena/stable_diffusion_practica/venv/lib/python3.12/site-packages (from gradio==3.41.2->-r requirements_versions.txt (line 11)) (3.1.6)
Collecting markupsafe~=2.0 (from gradio==3.41.2->-r requirements_versions.txt (line 11))
  Downloading MarkupSafe-2.1.5-cp312-cp312-manylinux_2_17_x86_64.manylinux2014_x86_64.whl.metadata (3.0 kB)
Collecting matplotlib~=3.0 (from gradio==3.41.2->-r requirements_versions.txt (line 11))
  Downloading matplotlib-3.10.8-cp312-cp312-manylinux2014_x86_64.manylinux_2_17_x86_64.whl.metadata (52 kB)
Collecting orjson~=3.0 (from gradio==3.41.2->-r requirements_versions.txt (line 11))
  Downloading orjson-3.11.7-cp312-cp312-manylinux_2_17_x86_64.manylinux2014_x86_64.whl.metadata (41 kB)
Collecting pandas<3.0,>=1.0 (from gradio==3.41.2->-r requirements_versions.txt (line 11))
  Downloading pandas-2.3.3-cp312-cp312-manylinux_2_24_x86_64.manylinux_2_28_x86_64.whl.metadata (91 kB)
Collecting pydub (from gradio==3.41.2->-r requirements_versions.txt (line 11))
  Downloading pydub-0.25.1-py2.py3-none-any.whl.metadata (1.4 kB)
Collecting python-multipart (from gradio==3.41.2->-r requirements_versions.txt (line 11))
  Downloading python_multipart-0.0.22-py3-none-any.whl.metadata (1.8 kB)
Collecting semantic-version~=2.0 (from gradio==3.41.2->-r requirements_versions.txt (line 11))
  Downloading semantic_version-2.10.0-py2.py3-none-any.whl.metadata (9.7 kB)
Requirement already satisfied: typing-extensions~=4.0 in /home/serena/stable_diffusion_practica/venv/lib/python3.12/site-packages (from gradio==3.41.2->-r requirements_versions.txt (line 11)) (4.15.0)
Collecting uvicorn>=0.14.0 (from gradio==3.41.2->-r requirements_versions.txt (line 11))
  Downloading uvicorn-0.40.0-py3-none-any.whl.metadata (6.7 kB)
Collecting websockets<12.0,>=10.0 (from gradio==3.41.2->-r requirements_versions.txt (line 11))
  Downloading websockets-11.0.3-py3-none-any.whl.metadata (6.6 kB)
Collecting h11<0.13,>=0.11 (from httpcore==0.15->-r requirements_versions.txt (line 12))
  Downloading h11-0.12.0-py3-none-any.whl.metadata (8.1 kB)
Collecting sniffio==1.* (from httpcore==0.15->-r requirements_versions.txt (line 12))
  Downloading sniffio-1.3.1-py3-none-any.whl.metadata (3.9 kB)
Collecting anyio==3.* (from httpcore==0.15->-r requirements_versions.txt (line 12))
  Downloading anyio-3.7.1-py3-none-any.whl.metadata (4.7 kB)
Requirement already satisfied: certifi in /home/serena/stable_diffusion_practica/venv/lib/python3.12/site-packages (from httpcore==0.15->-r requirements_versions.txt (line 12)) (2026.1.4)
Collecting jsonschema (from jsonmerge==1.8.0->-r requirements_versions.txt (line 14))
  Downloading jsonschema-4.26.0-py3-none-any.whl.metadata (7.6 kB)
Collecting antlr4-python3-runtime==4.9.* (from omegaconf==2.2.3->-r requirements_versions.txt (line 18))
  Downloading antlr4-python3-runtime-4.9.3.tar.gz (117 kB)
  Installing build dependencies: started
  Installing build dependencies: finished with status 'done'
  Getting requirements to build wheel: started
  Getting requirements to build wheel: finished with status 'done'
  Preparing metadata (pyproject.toml): started
  Preparing metadata (pyproject.toml): finished with status 'done'
Requirement already satisfied: regex in /home/serena/stable_diffusion_practica/venv/lib/python3.12/site-packages (from open-clip-torch==2.20.0->-r requirements_versions.txt (line 19)) (2026.1.15)
Requirement already satisfied: ftfy in /home/serena/stable_diffusion_practica/venv/lib/python3.12/site-packages (from open-clip-torch==2.20.0->-r requirements_versions.txt (line 19)) (6.3.1)
Requirement already satisfied: sentencepiece in /home/serena/stable_diffusion_practica/venv/lib/python3.12/site-packages (from open-clip-torch==2.20.0->-r requirements_versions.txt (line 19)) (0.2.1)
Collecting timm (from open-clip-torch==2.20.0->-r requirements_versions.txt (line 19))
  Downloading timm-1.0.24-py3-none-any.whl.metadata (38 kB)
Requirement already satisfied: fsspec>2021.06.0 in /home/serena/stable_diffusion_practica/venv/lib/python3.12/site-packages (from fsspec[http]>2021.06.0->pytorch_lightning==1.9.4->-r requirements_versions.txt (line 23)) (2026.1.0)
Collecting torchmetrics>=0.7.0 (from pytorch_lightning==1.9.4->-r requirements_versions.txt (line 23))
  Downloading torchmetrics-1.8.2-py3-none-any.whl.metadata (22 kB)
Collecting lightning-utilities>=0.6.0.post0 (from pytorch_lightning==1.9.4->-r requirements_versions.txt (line 23))
  Downloading lightning_utilities-0.15.2-py3-none-any.whl.metadata (5.7 kB)
Requirement already satisfied: networkx>=2.8 in /home/serena/stable_diffusion_practica/venv/lib/python3.12/site-packages (from scikit-image==0.21.0->-r requirements_versions.txt (line 26)) (3.6.1)
Collecting imageio>=2.27 (from scikit-image==0.21.0->-r requirements_versions.txt (line 26))
  Downloading imageio-2.37.2-py3-none-any.whl.metadata (9.7 kB)
Collecting tifffile>=2022.8.12 (from scikit-image==0.21.0->-r requirements_versions.txt (line 26))
  Downloading tifffile-2026.1.28-py3-none-any.whl.metadata (30 kB)
Collecting PyWavelets>=1.1.1 (from scikit-image==0.21.0->-r requirements_versions.txt (line 26))
  Downloading pywavelets-1.9.0-cp312-cp312-manylinux_2_27_x86_64.manylinux_2_28_x86_64.whl.metadata (7.6 kB)
Collecting lazy_loader>=0.2 (from scikit-image==0.21.0->-r requirements_versions.txt (line 26))
  Using cached lazy_loader-0.4-py3-none-any.whl.metadata (7.6 kB)
Collecting trampoline>=0.1.2 (from torchsde==0.2.6->-r requirements_versions.txt (line 32))
  Downloading trampoline-0.1.2-py3-none-any.whl.metadata (10 kB)
Requirement already satisfied: filelock in /home/serena/stable_diffusion_practica/venv/lib/python3.12/site-packages (from transformers==4.30.2->-r requirements_versions.txt (line 33)) (3.20.3)
Collecting huggingface-hub>=0.14.0 (from gradio==3.41.2->-r requirements_versions.txt (line 11))
  Downloading huggingface_hub-0.36.1-py3-none-any.whl.metadata (15 kB)
Collecting tokenizers!=0.11.3,<0.14,>=0.11.1 (from transformers==4.30.2->-r requirements_versions.txt (line 33))
  Downloading tokenizers-0.13.3.tar.gz (314 kB)
  Installing build dependencies: started
  Installing build dependencies: finished with status 'done'
  Getting requirements to build wheel: started
  Getting requirements to build wheel: finished with status 'done'
  Preparing metadata (pyproject.toml): started
  Preparing metadata (pyproject.toml): finished with status 'done'
Requirement already satisfied: idna in /home/serena/stable_diffusion_practica/venv/lib/python3.12/site-packages (from httpx==0.24.1->-r requirements_versions.txt (line 34)) (3.11)
Collecting narwhals>=1.14.2 (from altair<6.0,>=4.2.0->gradio==3.41.2->-r requirements_versions.txt (line 11))
  Downloading narwhals-2.16.0-py3-none-any.whl.metadata (14 kB)
Collecting smmap<6,>=3.0.1 (from gitdb<5,>=4.0.1->GitPython==3.1.32->-r requirements_versions.txt (line 2))
  Downloading smmap-5.0.2-py3-none-any.whl.metadata (4.3 kB)
Requirement already satisfied: hf-xet<2.0.0,>=1.1.3 in /home/serena/stable_diffusion_practica/venv/lib/python3.12/site-packages (from huggingface-hub>=0.14.0->gradio==3.41.2->-r requirements_versions.txt (line 11)) (1.2.0)
Collecting contourpy>=1.0.1 (from matplotlib~=3.0->gradio==3.41.2->-r requirements_versions.txt (line 11))
  Downloading contourpy-1.3.3-cp312-cp312-manylinux_2_27_x86_64.manylinux_2_28_x86_64.whl.metadata (5.5 kB)
Collecting cycler>=0.10 (from matplotlib~=3.0->gradio==3.41.2->-r requirements_versions.txt (line 11))
  Downloading cycler-0.12.1-py3-none-any.whl.metadata (3.8 kB)
Collecting fonttools>=4.22.0 (from matplotlib~=3.0->gradio==3.41.2->-r requirements_versions.txt (line 11))
  Downloading fonttools-4.61.1-cp312-cp312-manylinux1_x86_64.manylinux2014_x86_64.manylinux_2_17_x86_64.manylinux_2_5_x86_64.whl.metadata (114 kB)
Collecting kiwisolver>=1.3.1 (from matplotlib~=3.0->gradio==3.41.2->-r requirements_versions.txt (line 11))
  Downloading kiwisolver-1.4.9-cp312-cp312-manylinux2014_x86_64.manylinux_2_17_x86_64.whl.metadata (6.3 kB)
Collecting pyparsing>=3 (from matplotlib~=3.0->gradio==3.41.2->-r requirements_versions.txt (line 11))
  Downloading pyparsing-3.3.2-py3-none-any.whl.metadata (5.8 kB)
Collecting python-dateutil>=2.7 (from matplotlib~=3.0->gradio==3.41.2->-r requirements_versions.txt (line 11))
  Downloading python_dateutil-2.9.0.post0-py2.py3-none-any.whl.metadata (8.4 kB)
Collecting pytz>=2020.1 (from pandas<3.0,>=1.0->gradio==3.41.2->-r requirements_versions.txt (line 11))
  Downloading pytz-2025.2-py2.py3-none-any.whl.metadata (22 kB)
Collecting tzdata>=2022.7 (from pandas<3.0,>=1.0->gradio==3.41.2->-r requirements_versions.txt (line 11))
  Downloading tzdata-2025.3-py2.py3-none-any.whl.metadata (1.4 kB)
Requirement already satisfied: charset_normalizer<4,>=2 in /home/serena/stable_diffusion_practica/venv/lib/python3.12/site-packages (from requests->clean-fid==0.1.35->-r requirements_versions.txt (line 6)) (3.4.4)
Requirement already satisfied: urllib3<3,>=1.21.1 in /home/serena/stable_diffusion_practica/venv/lib/python3.12/site-packages (from requests->clean-fid==0.1.35->-r requirements_versions.txt (line 6)) (2.6.3)
Requirement already satisfied: sympy>=1.13.3 in /home/serena/stable_diffusion_practica/venv/lib/python3.12/site-packages (from torch->-r requirements_versions.txt (line 30)) (1.14.0)
Requirement already satisfied: cuda-bindings==12.9.4 in /home/serena/stable_diffusion_practica/venv/lib/python3.12/site-packages (from torch->-r requirements_versions.txt (line 30)) (12.9.4)
Requirement already satisfied: nvidia-cuda-nvrtc-cu12==12.8.93 in /home/serena/stable_diffusion_practica/venv/lib/python3.12/site-packages (from torch->-r requirements_versions.txt (line 30)) (12.8.93)
Requirement already satisfied: nvidia-cuda-runtime-cu12==12.8.90 in /home/serena/stable_diffusion_practica/venv/lib/python3.12/site-packages (from torch->-r requirements_versions.txt (line 30)) (12.8.90)
Requirement already satisfied: nvidia-cuda-cupti-cu12==12.8.90 in /home/serena/stable_diffusion_practica/venv/lib/python3.12/site-packages (from torch->-r requirements_versions.txt (line 30)) (12.8.90)
Requirement already satisfied: nvidia-cudnn-cu12==9.10.2.21 in /home/serena/stable_diffusion_practica/venv/lib/python3.12/site-packages (from torch->-r requirements_versions.txt (line 30)) (9.10.2.21)
Requirement already satisfied: nvidia-cublas-cu12==12.8.4.1 in /home/serena/stable_diffusion_practica/venv/lib/python3.12/site-packages (from torch->-r requirements_versions.txt (line 30)) (12.8.4.1)
Requirement already satisfied: nvidia-cufft-cu12==11.3.3.83 in /home/serena/stable_diffusion_practica/venv/lib/python3.12/site-packages (from torch->-r requirements_versions.txt (line 30)) (11.3.3.83)
Requirement already satisfied: nvidia-curand-cu12==10.3.9.90 in /home/serena/stable_diffusion_practica/venv/lib/python3.12/site-packages (from torch->-r requirements_versions.txt (line 30)) (10.3.9.90)
Requirement already satisfied: nvidia-cusolver-cu12==11.7.3.90 in /home/serena/stable_diffusion_practica/venv/lib/python3.12/site-packages (from torch->-r requirements_versions.txt (line 30)) (11.7.3.90)
Requirement already satisfied: nvidia-cusparse-cu12==12.5.8.93 in /home/serena/stable_diffusion_practica/venv/lib/python3.12/site-packages (from torch->-r requirements_versions.txt (line 30)) (12.5.8.93)
Requirement already satisfied: nvidia-cusparselt-cu12==0.7.1 in /home/serena/stable_diffusion_practica/venv/lib/python3.12/site-packages (from torch->-r requirements_versions.txt (line 30)) (0.7.1)
Requirement already satisfied: nvidia-nccl-cu12==2.27.5 in /home/serena/stable_diffusion_practica/venv/lib/python3.12/site-packages (from torch->-r requirements_versions.txt (line 30)) (2.27.5)
Requirement already satisfied: nvidia-nvshmem-cu12==3.4.5 in /home/serena/stable_diffusion_practica/venv/lib/python3.12/site-packages (from torch->-r requirements_versions.txt (line 30)) (3.4.5)
Requirement already satisfied: nvidia-nvtx-cu12==12.8.90 in /home/serena/stable_diffusion_practica/venv/lib/python3.12/site-packages (from torch->-r requirements_versions.txt (line 30)) (12.8.90)
Requirement already satisfied: nvidia-nvjitlink-cu12==12.8.93 in /home/serena/stable_diffusion_practica/venv/lib/python3.12/site-packages (from torch->-r requirements_versions.txt (line 30)) (12.8.93)
Requirement already satisfied: nvidia-cufile-cu12==1.13.1.3 in /home/serena/stable_diffusion_practica/venv/lib/python3.12/site-packages (from torch->-r requirements_versions.txt (line 30)) (1.13.1.3)
Requirement already satisfied: triton==3.6.0 in /home/serena/stable_diffusion_practica/venv/lib/python3.12/site-packages (from torch->-r requirements_versions.txt (line 30)) (3.6.0)
Requirement already satisfied: cuda-pathfinder~=1.1 in /home/serena/stable_diffusion_practica/venv/lib/python3.12/site-packages (from cuda-bindings==12.9.4->torch->-r requirements_versions.txt (line 30)) (1.3.3)
Collecting aiohttp!=4.0.0a0,!=4.0.0a1 (from fsspec[http]>2021.06.0->pytorch_lightning==1.9.4->-r requirements_versions.txt (line 23))
  Downloading aiohttp-3.13.3-cp312-cp312-manylinux2014_x86_64.manylinux_2_17_x86_64.manylinux_2_28_x86_64.whl.metadata (8.1 kB)
Collecting aiohappyeyeballs>=2.5.0 (from aiohttp!=4.0.0a0,!=4.0.0a1->fsspec[http]>2021.06.0->pytorch_lightning==1.9.4->-r requirements_versions.txt (line 23))
  Downloading aiohappyeyeballs-2.6.1-py3-none-any.whl.metadata (5.9 kB)
Collecting aiosignal>=1.4.0 (from aiohttp!=4.0.0a0,!=4.0.0a1->fsspec[http]>2021.06.0->pytorch_lightning==1.9.4->-r requirements_versions.txt (line 23))
  Downloading aiosignal-1.4.0-py3-none-any.whl.metadata (3.7 kB)
Collecting attrs>=17.3.0 (from aiohttp!=4.0.0a0,!=4.0.0a1->fsspec[http]>2021.06.0->pytorch_lightning==1.9.4->-r requirements_versions.txt (line 23))
  Downloading attrs-25.4.0-py3-none-any.whl.metadata (10 kB)
Collecting frozenlist>=1.1.1 (from aiohttp!=4.0.0a0,!=4.0.0a1->fsspec[http]>2021.06.0->pytorch_lightning==1.9.4->-r requirements_versions.txt (line 23))
  Downloading frozenlist-1.8.0-cp312-cp312-manylinux1_x86_64.manylinux_2_28_x86_64.manylinux_2_5_x86_64.whl.metadata (20 kB)
Collecting multidict<7.0,>=4.5 (from aiohttp!=4.0.0a0,!=4.0.0a1->fsspec[http]>2021.06.0->pytorch_lightning==1.9.4->-r requirements_versions.txt (line 23))
  Downloading multidict-6.7.1-cp312-cp312-manylinux2014_x86_64.manylinux_2_17_x86_64.manylinux_2_28_x86_64.whl.metadata (5.3 kB)
Collecting propcache>=0.2.0 (from aiohttp!=4.0.0a0,!=4.0.0a1->fsspec[http]>2021.06.0->pytorch_lightning==1.9.4->-r requirements_versions.txt (line 23))
  Downloading propcache-0.4.1-cp312-cp312-manylinux2014_x86_64.manylinux_2_17_x86_64.manylinux_2_28_x86_64.whl.metadata (13 kB)
Collecting yarl<2.0,>=1.17.0 (from aiohttp!=4.0.0a0,!=4.0.0a1->fsspec[http]>2021.06.0->pytorch_lightning==1.9.4->-r requirements_versions.txt (line 23))
  Downloading yarl-1.22.0-cp312-cp312-manylinux2014_x86_64.manylinux_2_17_x86_64.manylinux_2_28_x86_64.whl.metadata (75 kB)
Collecting jsonschema-specifications>=2023.03.6 (from jsonschema->jsonmerge==1.8.0->-r requirements_versions.txt (line 14))
  Downloading jsonschema_specifications-2025.9.1-py3-none-any.whl.metadata (2.9 kB)
Collecting referencing>=0.28.4 (from jsonschema->jsonmerge==1.8.0->-r requirements_versions.txt (line 14))
  Downloading referencing-0.37.0-py3-none-any.whl.metadata (2.8 kB)
Collecting rpds-py>=0.25.0 (from jsonschema->jsonmerge==1.8.0->-r requirements_versions.txt (line 14))
  Downloading rpds_py-0.30.0-cp312-cp312-manylinux_2_17_x86_64.manylinux2014_x86_64.whl.metadata (4.1 kB)
Collecting six>=1.5 (from python-dateutil>=2.7->matplotlib~=3.0->gradio==3.41.2->-r requirements_versions.txt (line 11))
  Downloading six-1.17.0-py2.py3-none-any.whl.metadata (1.7 kB)
INFO: pip is looking at multiple versions of scipy to determine which version is compatible with other requirements. This could take a while.
Collecting scipy>=1.0.1 (from clean-fid==0.1.35->-r requirements_versions.txt (line 6))
  Downloading scipy-1.16.3-cp312-cp312-manylinux2014_x86_64.manylinux_2_17_x86_64.whl.metadata (62 kB)
Requirement already satisfied: mpmath<1.4,>=1.1.0 in /home/serena/stable_diffusion_practica/venv/lib/python3.12/site-packages (from sympy>=1.13.3->torch->-r requirements_versions.txt (line 30)) (1.3.0)
Requirement already satisfied: click>=7.0 in /home/serena/stable_diffusion_practica/venv/lib/python3.12/site-packages (from uvicorn>=0.14.0->gradio==3.41.2->-r requirements_versions.txt (line 11)) (8.3.1)
Requirement already satisfied: wcwidth in /home/serena/stable_diffusion_practica/venv/lib/python3.12/site-packages (from ftfy->open-clip-torch==2.20.0->-r requirements_versions.txt (line 19)) (0.5.3)
Collecting llvmlite<0.47,>=0.46.0dev0 (from numba->facexlib==0.3.0->-r requirements_versions.txt (line 9))
  Downloading llvmlite-0.46.0-cp312-cp312-manylinux2014_x86_64.manylinux_2_17_x86_64.whl.metadata (5.0 kB)
INFO: pip is looking at multiple versions of opencv-python to determine which version is compatible with other requirements. This could take a while.
Collecting opencv-python (from facexlib==0.3.0->-r requirements_versions.txt (line 9))
  Downloading opencv_python-4.12.0.88-cp37-abi3-manylinux2014_x86_64.manylinux_2_17_x86_64.whl.metadata (19 kB)
  Downloading opencv_python-4.11.0.86-cp37-abi3-manylinux_2_17_x86_64.manylinux2014_x86_64.whl.metadata (20 kB)
Downloading setuptools-69.5.1-py3-none-any.whl (894 kB)
   ━━━━━━━━━━━━━━━━━━━━━━━━━━━━━━━━━━━━━━ 894.6/894.6 kB 8.2 MB/s  0:00:00
Downloading GitPython-3.1.32-py3-none-any.whl (188 kB)
Downloading accelerate-0.21.0-py3-none-any.whl (244 kB)
Downloading blendmodes-2022-py3-none-any.whl (10 kB)
Downloading numpy-1.26.2-cp312-cp312-manylinux_2_17_x86_64.manylinux2014_x86_64.whl (17.9 MB)
   ━━━━━━━━━━━━━━━━━━━━━━━━━━━━━━━━━━━━━━━ 17.9/17.9 MB 10.2 MB/s  0:00:01
Downloading clean_fid-0.1.35-py3-none-any.whl (26 kB)
Downloading diskcache-5.6.3-py3-none-any.whl (45 kB)
Downloading einops-0.4.1-py3-none-any.whl (28 kB)
Downloading facexlib-0.3.0-py3-none-any.whl (59 kB)
Downloading fastapi-0.94.0-py3-none-any.whl (56 kB)
Downloading gradio-3.41.2-py3-none-any.whl (20.1 MB)
   ━━━━━━━━━━━━━━━━━━━━━━━━━━━━━━━━━━━━━━━ 20.1/20.1 MB 11.3 MB/s  0:00:01
Downloading httpcore-0.15.0-py3-none-any.whl (68 kB)
Downloading inflection-0.5.1-py2.py3-none-any.whl (9.5 kB)
Downloading kornia-0.6.7-py2.py3-none-any.whl (565 kB)
   ━━━━━━━━━━━━━━━━━━━━━━━━━━━━━━━━━━━━━ 565.1/565.1 kB 10.0 MB/s  0:00:00
Downloading lark-1.1.2-py2.py3-none-any.whl (104 kB)
Downloading omegaconf-2.2.3-py3-none-any.whl (79 kB)
Downloading open_clip_torch-2.20.0-py3-none-any.whl (1.5 MB)
   ━━━━━━━━━━━━━━━━━━━━━━━━━━━━━━━━━━━━━━━━ 1.5/1.5 MB 11.8 MB/s  0:00:00
Downloading piexif-1.1.3-py2.py3-none-any.whl (20 kB)
Downloading psutil-5.9.5-cp36-abi3-manylinux_2_12_x86_64.manylinux2010_x86_64.manylinux_2_17_x86_64.manylinux2014_x86_64.whl (282 kB)
Downloading pytorch_lightning-1.9.4-py3-none-any.whl (827 kB)
   ━━━━━━━━━━━━━━━━━━━━━━━━━━━━━━━━━━━━━ 827.8/827.8 kB 12.1 MB/s  0:00:00
Downloading resize_right-0.0.2-py3-none-any.whl (8.9 kB)
Downloading safetensors-0.4.5-cp312-cp312-manylinux_2_17_x86_64.manylinux2014_x86_64.whl (434 kB)
Downloading spandrel-0.3.4-py3-none-any.whl (268 kB)
Downloading spandrel_extra_arches-0.1.1-py3-none-any.whl (83 kB)
Downloading tomesd-0.1.3-py3-none-any.whl (11 kB)
Downloading torchdiffeq-0.2.3-py3-none-any.whl (31 kB)
Downloading torchsde-0.2.6-py3-none-any.whl (61 kB)
Downloading transformers-4.30.2-py3-none-any.whl (7.2 MB)
   ━━━━━━━━━━━━━━━━━━━━━━━━━━━━━━━━━━━━━━━━ 7.2/7.2 MB 10.8 MB/s  0:00:00
Downloading httpx-0.24.1-py3-none-any.whl (75 kB)
Downloading pillow_avif_plugin-1.4.3-cp312-cp312-manylinux_2_17_x86_64.manylinux2014_x86_64.whl (8.0 MB)
   ━━━━━━━━━━━━━━━━━━━━━━━━━━━━━━━━━━━━━━━━ 8.0/8.0 MB 11.2 MB/s  0:00:00
Downloading gradio_client-0.5.0-py3-none-any.whl (298 kB)
Downloading aenum-3.1.16-py3-none-any.whl (165 kB)
Downloading aiofiles-23.2.1-py3-none-any.whl (15 kB)
Downloading altair-5.5.0-py3-none-any.whl (731 kB)
   ━━━━━━━━━━━━━━━━━━━━━━━━━━━━━━━━━━━━━ 731.2/731.2 kB 13.2 MB/s  0:00:00
Downloading anyio-3.7.1-py3-none-any.whl (80 kB)
Downloading deprecation-2.1.0-py2.py3-none-any.whl (11 kB)
Downloading gitdb-4.0.12-py3-none-any.whl (62 kB)
Downloading h11-0.12.0-py3-none-any.whl (54 kB)
Downloading huggingface_hub-0.36.1-py3-none-any.whl (566 kB)
   ━━━━━━━━━━━━━━━━━━━━━━━━━━━━━━━━━━━━━━ 566.3/566.3 kB 9.3 MB/s  0:00:00
Downloading importlib_resources-6.5.2-py3-none-any.whl (37 kB)
Downloading MarkupSafe-2.1.5-cp312-cp312-manylinux_2_17_x86_64.manylinux2014_x86_64.whl (28 kB)
Downloading matplotlib-3.10.8-cp312-cp312-manylinux2014_x86_64.manylinux_2_17_x86_64.whl (8.7 MB)
   ━━━━━━━━━━━━━━━━━━━━━━━━━━━━━━━━━━━━━━━━ 8.7/8.7 MB 12.6 MB/s  0:00:00
Downloading orjson-3.11.7-cp312-cp312-manylinux_2_17_x86_64.manylinux2014_x86_64.whl (133 kB)
Downloading pandas-2.3.3-cp312-cp312-manylinux_2_24_x86_64.manylinux_2_28_x86_64.whl (12.4 MB)
   ━━━━━━━━━━━━━━━━━━━━━━━━━━━━━━━━━━━━━━━ 12.4/12.4 MB 10.1 MB/s  0:00:01
Downloading pydantic-1.10.26-cp312-cp312-manylinux2014_x86_64.manylinux_2_17_x86_64.whl (2.6 MB)
   ━━━━━━━━━━━━━━━━━━━━━━━━━━━━━━━━━━━━━━━━ 2.6/2.6 MB 10.1 MB/s  0:00:00
Using cached semantic_version-2.10.0-py2.py3-none-any.whl (15 kB)
Downloading smmap-5.0.2-py3-none-any.whl (24 kB)
Downloading sniffio-1.3.1-py3-none-any.whl (10 kB)
Downloading starlette-0.26.1-py3-none-any.whl (66 kB)
Downloading websockets-11.0.3-py3-none-any.whl (118 kB)
Downloading contourpy-1.3.3-cp312-cp312-manylinux_2_27_x86_64.manylinux_2_28_x86_64.whl (362 kB)
Downloading cycler-0.12.1-py3-none-any.whl (8.3 kB)
Downloading fonttools-4.61.1-cp312-cp312-manylinux1_x86_64.manylinux2014_x86_64.manylinux_2_17_x86_64.manylinux_2_5_x86_64.whl (5.0 MB)
   ━━━━━━━━━━━━━━━━━━━━━━━━━━━━━━━━━━━━━━━━ 5.0/5.0 MB 10.2 MB/s  0:00:00
Downloading aiohttp-3.13.3-cp312-cp312-manylinux2014_x86_64.manylinux_2_17_x86_64.manylinux_2_28_x86_64.whl (1.8 MB)
   ━━━━━━━━━━━━━━━━━━━━━━━━━━━━━━━━━━━━━━━━ 1.8/1.8 MB 4.6 MB/s  0:00:00
Downloading multidict-6.7.1-cp312-cp312-manylinux2014_x86_64.manylinux_2_17_x86_64.manylinux_2_28_x86_64.whl (256 kB)
Downloading yarl-1.22.0-cp312-cp312-manylinux2014_x86_64.manylinux_2_17_x86_64.manylinux_2_28_x86_64.whl (377 kB)
Downloading aiohappyeyeballs-2.6.1-py3-none-any.whl (15 kB)
Downloading aiosignal-1.4.0-py3-none-any.whl (7.5 kB)
Downloading attrs-25.4.0-py3-none-any.whl (67 kB)
Downloading frozenlist-1.8.0-cp312-cp312-manylinux1_x86_64.manylinux_2_28_x86_64.manylinux_2_5_x86_64.whl (242 kB)
Downloading imageio-2.37.2-py3-none-any.whl (317 kB)
Downloading jsonschema-4.26.0-py3-none-any.whl (90 kB)
Downloading jsonschema_specifications-2025.9.1-py3-none-any.whl (18 kB)
Downloading kiwisolver-1.4.9-cp312-cp312-manylinux2014_x86_64.manylinux_2_17_x86_64.whl (1.5 MB)
   ━━━━━━━━━━━━━━━━━━━━━━━━━━━━━━━━━━━━━━━━ 1.5/1.5 MB 3.4 MB/s  0:00:00
Using cached lazy_loader-0.4-py3-none-any.whl (12 kB)
Downloading lightning_utilities-0.15.2-py3-none-any.whl (29 kB)
Downloading narwhals-2.16.0-py3-none-any.whl (443 kB)
Downloading propcache-0.4.1-cp312-cp312-manylinux2014_x86_64.manylinux_2_17_x86_64.manylinux_2_28_x86_64.whl (221 kB)
Downloading pyparsing-3.3.2-py3-none-any.whl (122 kB)
Downloading python_dateutil-2.9.0.post0-py2.py3-none-any.whl (229 kB)
Downloading pytz-2025.2-py2.py3-none-any.whl (509 kB)
Downloading pywavelets-1.9.0-cp312-cp312-manylinux_2_27_x86_64.manylinux_2_28_x86_64.whl (4.5 MB)
   ━━━━━━━━━━━━━━━━━━━━━━━━━━━━━━━━━━━━━━━━ 4.5/4.5 MB 2.9 MB/s  0:00:01
Downloading referencing-0.37.0-py3-none-any.whl (26 kB)
Downloading rpds_py-0.30.0-cp312-cp312-manylinux_2_17_x86_64.manylinux2014_x86_64.whl (394 kB)
Downloading scipy-1.16.3-cp312-cp312-manylinux2014_x86_64.manylinux_2_17_x86_64.whl (35.7 MB)
   ━━━━━━━━━━━━━━━━━━━━━━━━━━━━━━━━━━━━━━━━ 35.7/35.7 MB 3.9 MB/s  0:00:09
Downloading six-1.17.0-py2.py3-none-any.whl (11 kB)
Downloading tifffile-2026.1.28-py3-none-any.whl (233 kB)
Downloading torchmetrics-1.8.2-py3-none-any.whl (983 kB)
   ━━━━━━━━━━━━━━━━━━━━━━━━━━━━━━━━━━━━━━ 983.2/983.2 kB 4.5 MB/s  0:00:00
Downloading trampoline-0.1.2-py3-none-any.whl (5.2 kB)
Downloading tzdata-2025.3-py2.py3-none-any.whl (348 kB)
Downloading uvicorn-0.40.0-py3-none-any.whl (68 kB)
Downloading ffmpy-1.0.0-py3-none-any.whl (5.6 kB)
Downloading numba-0.63.1-cp312-cp312-manylinux2014_x86_64.manylinux_2_17_x86_64.whl (3.8 MB)
   ━━━━━━━━━━━━━━━━━━━━━━━━━━━━━━━━━━━━━━━━ 3.8/3.8 MB 5.6 MB/s  0:00:00
Downloading llvmlite-0.46.0-cp312-cp312-manylinux2014_x86_64.manylinux_2_17_x86_64.whl (56.3 MB)
   ━━━━━━━━━━━━━━━━━━━━━━━━━━━━━━━━━━━━━━━━ 56.3/56.3 MB 8.8 MB/s  0:00:06
Downloading opencv_python-4.11.0.86-cp37-abi3-manylinux_2_17_x86_64.manylinux2014_x86_64.whl (63.0 MB)
   ━━━━━━━━━━━━━━━━━━━━━━━━━━━━━━━━━━━━━━━ 63.0/63.0 MB 11.2 MB/s  0:00:05
Downloading pydub-0.25.1-py2.py3-none-any.whl (32 kB)
Downloading python_multipart-0.0.22-py3-none-any.whl (24 kB)
Downloading timm-1.0.24-py3-none-any.whl (2.6 MB)
   ━━━━━━━━━━━━━━━━━━━━━━━━━━━━━━━━━━━━━━━━ 2.6/2.6 MB 13.7 MB/s  0:00:00
Building wheels for collected packages: Pillow, jsonmerge, scikit-image, antlr4-python3-runtime, tokenizers, filterpy
  Building wheel for Pillow (pyproject.toml): started
  Building wheel for Pillow (pyproject.toml): finished with status 'error'
  Building wheel for jsonmerge (pyproject.toml): started
  Building wheel for jsonmerge (pyproject.toml): finished with status 'done'
  Created wheel for jsonmerge: filename=jsonmerge-1.8.0-py3-none-any.whl size=18056 sha256=09a3660dd7b6e14ff66c1c3add59abc6a2f82156794baab1fbc40fb1a565eb5b
  Stored in directory: /home/serena/.cache/pip/wheels/5e/dc/5f/829628b1db183a89f6a4ce2e10a5995d399e17d175cf6c3b45
  Building wheel for scikit-image (pyproject.toml): started
  Building wheel for scikit-image (pyproject.toml): finished with status 'done'
  Created wheel for scikit-image: filename=scikit_image-0.21.0-cp312-cp312-linux_x86_64.whl size=13675651 sha256=67eb93c2eb0f7c0b9a88c5c9e3fe1e9f45215558764d7fe75f2d50faa3facd71
  Stored in directory: /home/serena/.cache/pip/wheels/47/2d/03/4a7ddd27b92cdf305bb4a12efdbed882a8af5a624cd01aeb92
  Building wheel for antlr4-python3-runtime (pyproject.toml): started
  Building wheel for antlr4-python3-runtime (pyproject.toml): finished with status 'done'
  Created wheel for antlr4-python3-runtime: filename=antlr4_python3_runtime-4.9.3-py3-none-any.whl size=144591 sha256=ddb7dfcb43b2351b48cb0b0fa54e9d83c5806b97ae544e669e01e302b636617e
  Stored in directory: /home/serena/.cache/pip/wheels/1f/be/48/13754633f1d08d1fbfc60d5e80ae1e5d7329500477685286cd
  Building wheel for tokenizers (pyproject.toml): started
  Building wheel for tokenizers (pyproject.toml): finished with status 'error'
  Building wheel for filterpy (pyproject.toml): started
  Building wheel for filterpy (pyproject.toml): finished with status 'done'
  Created wheel for filterpy: filename=filterpy-1.4.5-py3-none-any.whl size=110543 sha256=2a1672483a0af77d0dc2b351a84392b5cab32abae5083c0663d74ce9a0079e8d
  Stored in directory: /home/serena/.cache/pip/wheels/77/bf/4c/b0c3f4798a0166668752312a67118b27a3cd341e13ac0ae6ee
Successfully built jsonmerge scikit-image antlr4-python3-runtime filterpy
Failed to build Pillow tokenizers

stderr:   error: subprocess-exited-with-error
  
  × Building wheel for Pillow (pyproject.toml) did not run successfully.
  │ exit code: 1
  ╰─> [217 lines of output]
      /tmp/pip-build-env-iajxath3/overlay/lib/python3.12/site-packages/setuptools/dist.py:765: SetuptoolsDeprecationWarning: License classifiers are deprecated.
      !!
      
              ********************************************************************************
              Please consider removing the following classifiers in favor of a SPDX license expression:
      
              License :: OSI Approved :: Historical Permission Notice and Disclaimer (HPND)
      
              See https://packaging.python.org/en/latest/guides/writing-pyproject-toml/#license for details.
              ********************************************************************************
      
      !!
        self._finalize_license_expression()
      running bdist_wheel
      running build
      running build_py
      creating build/lib.linux-x86_64-cpython-312/PIL
      copying src/PIL/Image.py -> build/lib.linux-x86_64-cpython-312/PIL
      copying src/PIL/GimpGradientFile.py -> build/lib.linux-x86_64-cpython-312/PIL
      copying src/PIL/BufrStubImagePlugin.py -> build/lib.linux-x86_64-cpython-312/PIL
      copying src/PIL/DdsImagePlugin.py -> build/lib.linux-x86_64-cpython-312/PIL
      copying src/PIL/WebPImagePlugin.py -> build/lib.linux-x86_64-cpython-312/PIL
      copying src/PIL/ExifTags.py -> build/lib.linux-x86_64-cpython-312/PIL
      copying src/PIL/TiffTags.py -> build/lib.linux-x86_64-cpython-312/PIL
      copying src/PIL/GifImagePlugin.py -> build/lib.linux-x86_64-cpython-312/PIL
      copying src/PIL/PdfParser.py -> build/lib.linux-x86_64-cpython-312/PIL
      copying src/PIL/GribStubImagePlugin.py -> build/lib.linux-x86_64-cpython-312/PIL
      copying src/PIL/ContainerIO.py -> build/lib.linux-x86_64-cpython-312/PIL
      copying src/PIL/FitsImagePlugin.py -> build/lib.linux-x86_64-cpython-312/PIL
      copying src/PIL/JpegPresets.py -> build/lib.linux-x86_64-cpython-312/PIL
      copying src/PIL/PalmImagePlugin.py -> build/lib.linux-x86_64-cpython-312/PIL
      copying src/PIL/ImageSequence.py -> build/lib.linux-x86_64-cpython-312/PIL
      copying src/PIL/ImageMode.py -> build/lib.linux-x86_64-cpython-312/PIL
      copying src/PIL/ImageTk.py -> build/lib.linux-x86_64-cpython-312/PIL
      copying src/PIL/PdfImagePlugin.py -> build/lib.linux-x86_64-cpython-312/PIL
      copying src/PIL/__main__.py -> build/lib.linux-x86_64-cpython-312/PIL
      copying src/PIL/PyAccess.py -> build/lib.linux-x86_64-cpython-312/PIL
      copying src/PIL/ImageTransform.py -> build/lib.linux-x86_64-cpython-312/PIL
      copying src/PIL/ImageStat.py -> build/lib.linux-x86_64-cpython-312/PIL
      copying src/PIL/features.py -> build/lib.linux-x86_64-cpython-312/PIL
      copying src/PIL/ImageWin.py -> build/lib.linux-x86_64-cpython-312/PIL
      copying src/PIL/FontFile.py -> build/lib.linux-x86_64-cpython-312/PIL
      copying src/PIL/_version.py -> build/lib.linux-x86_64-cpython-312/PIL
      copying src/PIL/PngImagePlugin.py -> build/lib.linux-x86_64-cpython-312/PIL
      copying src/PIL/ImtImagePlugin.py -> build/lib.linux-x86_64-cpython-312/PIL
      copying src/PIL/ImagePath.py -> build/lib.linux-x86_64-cpython-312/PIL
      copying src/PIL/PpmImagePlugin.py -> build/lib.linux-x86_64-cpython-312/PIL
      copying src/PIL/ImageQt.py -> build/lib.linux-x86_64-cpython-312/PIL
      copying src/PIL/Jpeg2KImagePlugin.py -> build/lib.linux-x86_64-cpython-312/PIL
      copying src/PIL/CurImagePlugin.py -> build/lib.linux-x86_64-cpython-312/PIL
      copying src/PIL/ImageFilter.py -> build/lib.linux-x86_64-cpython-312/PIL
      copying src/PIL/ImagePalette.py -> build/lib.linux-x86_64-cpython-312/PIL
      copying src/PIL/McIdasImagePlugin.py -> build/lib.linux-x86_64-cpython-312/PIL
      copying src/PIL/IcnsImagePlugin.py -> build/lib.linux-x86_64-cpython-312/PIL
      copying src/PIL/PcfFontFile.py -> build/lib.linux-x86_64-cpython-312/PIL
      copying src/PIL/_binary.py -> build/lib.linux-x86_64-cpython-312/PIL
      copying src/PIL/WalImageFile.py -> build/lib.linux-x86_64-cpython-312/PIL
      copying src/PIL/ImageMorph.py -> build/lib.linux-x86_64-cpython-312/PIL
      copying src/PIL/_deprecate.py -> build/lib.linux-x86_64-cpython-312/PIL
      copying src/PIL/GimpPaletteFile.py -> build/lib.linux-x86_64-cpython-312/PIL
      copying src/PIL/FtexImagePlugin.py -> build/lib.linux-x86_64-cpython-312/PIL
      copying src/PIL/GbrImagePlugin.py -> build/lib.linux-x86_64-cpython-312/PIL
      copying src/PIL/EpsImagePlugin.py -> build/lib.linux-x86_64-cpython-312/PIL
      copying src/PIL/XVThumbImagePlugin.py -> build/lib.linux-x86_64-cpython-312/PIL
      copying src/PIL/ImageMath.py -> build/lib.linux-x86_64-cpython-312/PIL
      copying src/PIL/MpegImagePlugin.py -> build/lib.linux-x86_64-cpython-312/PIL
      copying src/PIL/PsdImagePlugin.py -> build/lib.linux-x86_64-cpython-312/PIL
      copying src/PIL/_util.py -> build/lib.linux-x86_64-cpython-312/PIL
      copying src/PIL/ImageDraw2.py -> build/lib.linux-x86_64-cpython-312/PIL
      copying src/PIL/GdImageFile.py -> build/lib.linux-x86_64-cpython-312/PIL
      copying src/PIL/WmfImagePlugin.py -> build/lib.linux-x86_64-cpython-312/PIL
      copying src/PIL/ImageDraw.py -> build/lib.linux-x86_64-cpython-312/PIL
      copying src/PIL/ImageCms.py -> build/lib.linux-x86_64-cpython-312/PIL
      copying src/PIL/JpegImagePlugin.py -> build/lib.linux-x86_64-cpython-312/PIL
      copying src/PIL/IptcImagePlugin.py -> build/lib.linux-x86_64-cpython-312/PIL
      copying src/PIL/DcxImagePlugin.py -> build/lib.linux-x86_64-cpython-312/PIL
      copying src/PIL/FpxImagePlugin.py -> build/lib.linux-x86_64-cpython-312/PIL
      copying src/PIL/ImImagePlugin.py -> build/lib.linux-x86_64-cpython-312/PIL
      copying src/PIL/FliImagePlugin.py -> build/lib.linux-x86_64-cpython-312/PIL
      copying src/PIL/ImageFile.py -> build/lib.linux-x86_64-cpython-312/PIL
      copying src/PIL/PixarImagePlugin.py -> build/lib.linux-x86_64-cpython-312/PIL
      copying src/PIL/SpiderImagePlugin.py -> build/lib.linux-x86_64-cpython-312/PIL
      copying src/PIL/ImageFont.py -> build/lib.linux-x86_64-cpython-312/PIL
      copying src/PIL/IcoImagePlugin.py -> build/lib.linux-x86_64-cpython-312/PIL
      copying src/PIL/XbmImagePlugin.py -> build/lib.linux-x86_64-cpython-312/PIL
      copying src/PIL/ImageOps.py -> build/lib.linux-x86_64-cpython-312/PIL
      copying src/PIL/ImageEnhance.py -> build/lib.linux-x86_64-cpython-312/PIL
      copying src/PIL/Hdf5StubImagePlugin.py -> build/lib.linux-x86_64-cpython-312/PIL
      copying src/PIL/SunImagePlugin.py -> build/lib.linux-x86_64-cpython-312/PIL
      copying src/PIL/PcxImagePlugin.py -> build/lib.linux-x86_64-cpython-312/PIL
      copying src/PIL/__init__.py -> build/lib.linux-x86_64-cpython-312/PIL
      copying src/PIL/PSDraw.py -> build/lib.linux-x86_64-cpython-312/PIL
      copying src/PIL/MspImagePlugin.py -> build/lib.linux-x86_64-cpython-312/PIL
      copying src/PIL/ImageShow.py -> build/lib.linux-x86_64-cpython-312/PIL
      copying src/PIL/TiffImagePlugin.py -> build/lib.linux-x86_64-cpython-312/PIL
      copying src/PIL/SgiImagePlugin.py -> build/lib.linux-x86_64-cpython-312/PIL
      copying src/PIL/TgaImagePlugin.py -> build/lib.linux-x86_64-cpython-312/PIL
      copying src/PIL/ImageColor.py -> build/lib.linux-x86_64-cpython-312/PIL
      copying src/PIL/BdfFontFile.py -> build/lib.linux-x86_64-cpython-312/PIL
      copying src/PIL/PcdImagePlugin.py -> build/lib.linux-x86_64-cpython-312/PIL
      copying src/PIL/FitsStubImagePlugin.py -> build/lib.linux-x86_64-cpython-312/PIL
      copying src/PIL/MicImagePlugin.py -> build/lib.linux-x86_64-cpython-312/PIL
      copying src/PIL/TarIO.py -> build/lib.linux-x86_64-cpython-312/PIL
      copying src/PIL/BmpImagePlugin.py -> build/lib.linux-x86_64-cpython-312/PIL
      copying src/PIL/_tkinter_finder.py -> build/lib.linux-x86_64-cpython-312/PIL
      copying src/PIL/BlpImagePlugin.py -> build/lib.linux-x86_64-cpython-312/PIL
      copying src/PIL/QoiImagePlugin.py -> build/lib.linux-x86_64-cpython-312/PIL
      copying src/PIL/PaletteFile.py -> build/lib.linux-x86_64-cpython-312/PIL
      copying src/PIL/MpoImagePlugin.py -> build/lib.linux-x86_64-cpython-312/PIL
      copying src/PIL/XpmImagePlugin.py -> build/lib.linux-x86_64-cpython-312/PIL
      copying src/PIL/ImageChops.py -> build/lib.linux-x86_64-cpython-312/PIL
      copying src/PIL/ImageGrab.py -> build/lib.linux-x86_64-cpython-312/PIL
      running egg_info
      writing src/Pillow.egg-info/PKG-INFO
      writing dependency_links to src/Pillow.egg-info/dependency_links.txt
      writing requirements to src/Pillow.egg-info/requires.txt
      writing top-level names to src/Pillow.egg-info/top_level.txt
      reading manifest file 'src/Pillow.egg-info/SOURCES.txt'
      reading manifest template 'MANIFEST.in'
      warning: no files found matching '*.c'
      warning: no files found matching '*.h'
      warning: no files found matching '*.sh'
      warning: no files found matching '*.txt'
      warning: no previously-included files found matching '.appveyor.yml'
      warning: no previously-included files found matching '.clang-format'
      warning: no previously-included files found matching '.coveragerc'
      warning: no previously-included files found matching '.editorconfig'
      warning: no previously-included files found matching '.readthedocs.yml'
      warning: no previously-included files found matching 'codecov.yml'
      warning: no previously-included files found matching 'renovate.json'
      warning: no previously-included files matching '.git*' found anywhere in distribution
      warning: no previously-included files matching '*.pyc' found anywhere in distribution
      warning: no previously-included files matching '*.so' found anywhere in distribution
      no previously-included directories found matching '.ci'
      adding license file 'LICENSE'
      writing manifest file 'src/Pillow.egg-info/SOURCES.txt'
      running build_ext
      
      
      The headers or library files could not be found for jpeg,
      a required dependency when compiling Pillow from source.
      
      Please see the install instructions at:
         https://pillow.readthedocs.io/en/latest/installation.html
      
      Traceback (most recent call last):
        File "<string>", line 993, in <module>
        File "/tmp/pip-build-env-iajxath3/overlay/lib/python3.12/site-packages/setuptools/__init__.py", line 117, in setup
          return distutils.core.setup(**attrs)  # type: ignore[return-value]
                 ^^^^^^^^^^^^^^^^^^^^^^^^^^^^^
        File "/tmp/pip-build-env-iajxath3/overlay/lib/python3.12/site-packages/setuptools/_distutils/core.py", line 186, in setup
          return run_commands(dist)
                 ^^^^^^^^^^^^^^^^^^
        File "/tmp/pip-build-env-iajxath3/overlay/lib/python3.12/site-packages/setuptools/_distutils/core.py", line 202, in run_commands
          dist.run_commands()
        File "/tmp/pip-build-env-iajxath3/overlay/lib/python3.12/site-packages/setuptools/_distutils/dist.py", line 1002, in run_commands
          self.run_command(cmd)
        File "/tmp/pip-build-env-iajxath3/overlay/lib/python3.12/site-packages/setuptools/dist.py", line 1107, in run_command
          super().run_command(command)
        File "/tmp/pip-build-env-iajxath3/overlay/lib/python3.12/site-packages/setuptools/_distutils/dist.py", line 1021, in run_command
          cmd_obj.run()
        File "/tmp/pip-build-env-iajxath3/overlay/lib/python3.12/site-packages/setuptools/command/bdist_wheel.py", line 370, in run
          self.run_command("build")
        File "/tmp/pip-build-env-iajxath3/overlay/lib/python3.12/site-packages/setuptools/_distutils/cmd.py", line 357, in run_command
          self.distribution.run_command(command)
        File "/tmp/pip-build-env-iajxath3/overlay/lib/python3.12/site-packages/setuptools/dist.py", line 1107, in run_command
          super().run_command(command)
        File "/tmp/pip-build-env-iajxath3/overlay/lib/python3.12/site-packages/setuptools/_distutils/dist.py", line 1021, in run_command
          cmd_obj.run()
        File "/tmp/pip-build-env-iajxath3/overlay/lib/python3.12/site-packages/setuptools/_distutils/command/build.py", line 135, in run
          self.run_command(cmd_name)
        File "/tmp/pip-build-env-iajxath3/overlay/lib/python3.12/site-packages/setuptools/_distutils/cmd.py", line 357, in run_command
          self.distribution.run_command(command)
        File "/tmp/pip-build-env-iajxath3/overlay/lib/python3.12/site-packages/setuptools/dist.py", line 1107, in run_command
          super().run_command(command)
        File "/tmp/pip-build-env-iajxath3/overlay/lib/python3.12/site-packages/setuptools/_distutils/dist.py", line 1021, in run_command
          cmd_obj.run()
        File "/tmp/pip-build-env-iajxath3/overlay/lib/python3.12/site-packages/setuptools/command/build_ext.py", line 97, in run
          _build_ext.run(self)
        File "/tmp/pip-build-env-iajxath3/overlay/lib/python3.12/site-packages/setuptools/_distutils/command/build_ext.py", line 368, in run
          self.build_extensions()
        File "<string>", line 809, in build_extensions
      RequiredDependencyException: jpeg
      
      During handling of the above exception, another exception occurred:
      
      Traceback (most recent call last):
        File "/home/serena/stable_diffusion_practica/venv/lib/python3.12/site-packages/pip/_vendor/pyproject_hooks/_in_process/_in_process.py", line 389, in <module>
          main()
        File "/home/serena/stable_diffusion_practica/venv/lib/python3.12/site-packages/pip/_vendor/pyproject_hooks/_in_process/_in_process.py", line 373, in main
          json_out["return_val"] = hook(**hook_input["kwargs"])
                                   ^^^^^^^^^^^^^^^^^^^^^^^^^^^^
        File "/home/serena/stable_diffusion_practica/venv/lib/python3.12/site-packages/pip/_vendor/pyproject_hooks/_in_process/_in_process.py", line 280, in build_wheel
          return _build_backend().build_wheel(
                 ^^^^^^^^^^^^^^^^^^^^^^^^^^^^^
        File "/tmp/pip-build-env-iajxath3/overlay/lib/python3.12/site-packages/setuptools/build_meta.py", line 439, in build_wheel
          return _build(['bdist_wheel', '--dist-info-dir', str(metadata_directory)])
                 ^^^^^^^^^^^^^^^^^^^^^^^^^^^^^^^^^^^^^^^^^^^^^^^^^^^^^^^^^^^^^^^^^^^
        File "/tmp/pip-build-env-iajxath3/overlay/lib/python3.12/site-packages/setuptools/build_meta.py", line 427, in _build
          return self._build_with_temp_dir(
                 ^^^^^^^^^^^^^^^^^^^^^^^^^^
        File "/tmp/pip-build-env-iajxath3/overlay/lib/python3.12/site-packages/setuptools/build_meta.py", line 408, in _build_with_temp_dir
          self.run_setup()
        File "/tmp/pip-build-env-iajxath3/overlay/lib/python3.12/site-packages/setuptools/build_meta.py", line 518, in run_setup
          super().run_setup(setup_script=setup_script)
        File "/tmp/pip-build-env-iajxath3/overlay/lib/python3.12/site-packages/setuptools/build_meta.py", line 317, in run_setup
          exec(code, locals())
        File "<string>", line 1010, in <module>
      RequiredDependencyException:
      
      The headers or library files could not be found for jpeg,
      a required dependency when compiling Pillow from source.
      
      Please see the install instructions at:
         https://pillow.readthedocs.io/en/latest/installation.html
      
      
      [end of output]
  
  note: This error originates from a subprocess, and is likely not a problem with pip.
  ERROR: Failed building wheel for Pillow
  error: subprocess-exited-with-error
  
  × Building wheel for tokenizers (pyproject.toml) did not run successfully.
  │ exit code: 1
  ╰─> [62 lines of output]
      /tmp/pip-build-env-yrjy6opz/overlay/lib/python3.12/site-packages/setuptools/dist.py:765: SetuptoolsDeprecationWarning: License classifiers are deprecated.
      !!
      
              ********************************************************************************
              Please consider removing the following classifiers in favor of a SPDX license expression:
      
              License :: OSI Approved :: Apache Software License
      
              See https://packaging.python.org/en/latest/guides/writing-pyproject-toml/#license for details.
              ********************************************************************************
      
      !!
        self._finalize_license_expression()
      running bdist_wheel
      running build
      running build_py
      creating build/lib.linux-x86_64-cpython-312/tokenizers
      copying py_src/tokenizers/__init__.py -> build/lib.linux-x86_64-cpython-312/tokenizers
      creating build/lib.linux-x86_64-cpython-312/tokenizers/models
      copying py_src/tokenizers/models/__init__.py -> build/lib.linux-x86_64-cpython-312/tokenizers/models
      creating build/lib.linux-x86_64-cpython-312/tokenizers/decoders
      copying py_src/tokenizers/decoders/__init__.py -> build/lib.linux-x86_64-cpython-312/tokenizers/decoders
      creating build/lib.linux-x86_64-cpython-312/tokenizers/normalizers
      copying py_src/tokenizers/normalizers/__init__.py -> build/lib.linux-x86_64-cpython-312/tokenizers/normalizers
      creating build/lib.linux-x86_64-cpython-312/tokenizers/pre_tokenizers
      copying py_src/tokenizers/pre_tokenizers/__init__.py -> build/lib.linux-x86_64-cpython-312/tokenizers/pre_tokenizers
      creating build/lib.linux-x86_64-cpython-312/tokenizers/processors
      copying py_src/tokenizers/processors/__init__.py -> build/lib.linux-x86_64-cpython-312/tokenizers/processors
      creating build/lib.linux-x86_64-cpython-312/tokenizers/trainers
      copying py_src/tokenizers/trainers/__init__.py -> build/lib.linux-x86_64-cpython-312/tokenizers/trainers
      creating build/lib.linux-x86_64-cpython-312/tokenizers/implementations
      copying py_src/tokenizers/implementations/base_tokenizer.py -> build/lib.linux-x86_64-cpython-312/tokenizers/implementations
      copying py_src/tokenizers/implementations/byte_level_bpe.py -> build/lib.linux-x86_64-cpython-312/tokenizers/implementations
      copying py_src/tokenizers/implementations/sentencepiece_unigram.py -> build/lib.linux-x86_64-cpython-312/tokenizers/implementations
      copying py_src/tokenizers/implementations/sentencepiece_bpe.py -> build/lib.linux-x86_64-cpython-312/tokenizers/implementations
      copying py_src/tokenizers/implementations/char_level_bpe.py -> build/lib.linux-x86_64-cpython-312/tokenizers/implementations
      copying py_src/tokenizers/implementations/__init__.py -> build/lib.linux-x86_64-cpython-312/tokenizers/implementations
      copying py_src/tokenizers/implementations/bert_wordpiece.py -> build/lib.linux-x86_64-cpython-312/tokenizers/implementations
      creating build/lib.linux-x86_64-cpython-312/tokenizers/tools
      copying py_src/tokenizers/tools/visualizer.py -> build/lib.linux-x86_64-cpython-312/tokenizers/tools
      copying py_src/tokenizers/tools/__init__.py -> build/lib.linux-x86_64-cpython-312/tokenizers/tools
      copying py_src/tokenizers/__init__.pyi -> build/lib.linux-x86_64-cpython-312/tokenizers
      copying py_src/tokenizers/models/__init__.pyi -> build/lib.linux-x86_64-cpython-312/tokenizers/models
      copying py_src/tokenizers/decoders/__init__.pyi -> build/lib.linux-x86_64-cpython-312/tokenizers/decoders
      copying py_src/tokenizers/normalizers/__init__.pyi -> build/lib.linux-x86_64-cpython-312/tokenizers/normalizers
      copying py_src/tokenizers/pre_tokenizers/__init__.pyi -> build/lib.linux-x86_64-cpython-312/tokenizers/pre_tokenizers
      copying py_src/tokenizers/processors/__init__.pyi -> build/lib.linux-x86_64-cpython-312/tokenizers/processors
      copying py_src/tokenizers/trainers/__init__.pyi -> build/lib.linux-x86_64-cpython-312/tokenizers/trainers
      copying py_src/tokenizers/tools/visualizer-styles.css -> build/lib.linux-x86_64-cpython-312/tokenizers/tools
      running build_ext
      running build_rust
      error: can't find Rust compiler
      
      If you are using an outdated pip version, it is possible a prebuilt wheel is available for this package but pip is not able to install from it. Installing from the wheel would avoid the need for a Rust compiler.
      
      To update pip, run:
      
          pip install --upgrade pip
      
      and then retry package installation.
      
      If you did intend to build this package from source, try installing a Rust compiler from your system package manager and ensure it is on the PATH during installation. Alternatively, rustup (available at https://rustup.rs) is the recommended way to download and update the Rust compiler toolchain.
      [end of output]
  
  note: This error originates from a subprocess, and is likely not a problem with pip.
  ERROR: Failed building wheel for tokenizers
error: failed-wheel-build-for-install

× Failed to build installable wheels for some pyproject.toml based projects
╰─> Pillow, tokenizers

(venv) serena@serena-portatil:~/stable_diffusion_practica/stable-diffusion-webui$ sudo apt update
sudo apt install -y build-essential pkg-config \
  libssl-dev libffi-dev python3-dev \
  libjpeg-dev zlib1g-dev \
  rustc cargo
[sudo] contraseña para serena: 
Ign:1 https://apt.packages.shiftkey.dev/ubuntu any InRelease
Ign:1 https://apt.packages.shiftkey.dev/ubuntu any InRelease             
Obj:2 http://security.ubuntu.com/ubuntu noble-security InRelease
Ign:1 https://apt.packages.shiftkey.dev/ubuntu any InRelease
Obj:3 http://es.archive.ubuntu.com/ubuntu noble InRelease
Obj:4 http://es.archive.ubuntu.com/ubuntu noble-updates InRelease
Obj:5 http://es.archive.ubuntu.com/ubuntu noble-backports InRelease
Err:1 https://apt.packages.shiftkey.dev/ubuntu any InRelease
  Certificate verification failed: The certificate is NOT trusted. The name in the certificate does not match the expected.  Could not handshake: Error in the certificate verification. [IP: 13.107.213.43 443]
Leyendo lista de paquetes... Hecho
Creando árbol de dependencias... Hecho
Leyendo la información de estado... Hecho
Se pueden actualizar 186 paquetes. Ejecute «apt list --upgradable» para verlos.
W: Fallo al obtener https://apt.packages.shiftkey.dev/ubuntu/dists/any/InRelease  Certificate verification failed: The certificate is NOT trusted. The name in the certificate does not match the expected.  Could not handshake: Error in the certificate verification. [IP: 13.107.213.43 443]
W: No se han podido descargar algunos archivos de índice, se han omitido, o se han utilizado unos antiguos en su lugar.
Leyendo lista de paquetes... Hecho
Creando árbol de dependencias... Hecho
Leyendo la información de estado... Hecho
build-essential ya está en su versión más reciente (12.10ubuntu1).
fijado build-essential como instalado manualmente.
pkg-config ya está en su versión más reciente (1.8.1-2build1).
fijado pkg-config como instalado manualmente.
python3-dev ya está en su versión más reciente (3.12.3-0ubuntu2.1).
fijado python3-dev como instalado manualmente.
zlib1g-dev ya está en su versión más reciente (1:1.3.dfsg-3.1ubuntu2.1).
fijado zlib1g-dev como instalado manualmente.
El paquete indicado a continuación se instaló de forma automática y ya no es necesario.
  libllvm19
Utilice «sudo apt autoremove» para eliminarlo.
Se instalarán los siguientes paquetes adicionales:
  libgit2-1.7 libhttp-parser2.9 libjpeg-turbo8-dev libjpeg8-dev
  libllvm17t64 libssh2-1t64 libstd-rust-1.75 libstd-rust-dev
Paquetes sugeridos:
  cargo-doc libssl-doc llvm-17 lld-17 clang-17
Se instalarán los siguientes paquetes NUEVOS:
  cargo libffi-dev libgit2-1.7 libhttp-parser2.9 libjpeg-dev
  libjpeg-turbo8-dev libjpeg8-dev libllvm17t64 libssh2-1t64 libssl-dev
  libstd-rust-1.75 libstd-rust-dev rustc
0 actualizados, 13 nuevos se instalarán, 0 para eliminar y 186 no actualizados.
Se necesita descargar 99,5 MB de archivos.
Se utilizarán 436 MB de espacio de disco adicional después de esta operación.
Des:1 http://es.archive.ubuntu.com/ubuntu noble/main amd64 libhttp-parser2.9 amd64 2.9.4-6build1 [22,3 kB]
Des:2 http://es.archive.ubuntu.com/ubuntu noble/main amd64 libssh2-1t64 amd64 1.11.0-4.1build2 [120 kB]
Des:3 http://es.archive.ubuntu.com/ubuntu noble/main amd64 libgit2-1.7 amd64 1.7.2+ds-1ubuntu3 [529 kB]
Des:4 http://es.archive.ubuntu.com/ubuntu noble/main amd64 libjpeg-turbo8-dev amd64 2.1.5-2ubuntu2 [295 kB]
Des:5 http://es.archive.ubuntu.com/ubuntu noble/main amd64 libjpeg8-dev amd64 8c-2ubuntu11 [1.484 B]
Des:6 http://es.archive.ubuntu.com/ubuntu noble/main amd64 libjpeg-dev amd64 8c-2ubuntu11 [1.482 B]
Des:7 http://es.archive.ubuntu.com/ubuntu noble/main amd64 libllvm17t64 amd64 1:17.0.6-9ubuntu1 [26,2 MB]
Des:8 http://es.archive.ubuntu.com/ubuntu noble-updates/main amd64 libssl-dev amd64 3.0.13-0ubuntu3.7 [2.407 kB]
Des:9 http://es.archive.ubuntu.com/ubuntu noble-updates/main amd64 libstd-rust-1.75 amd64 1.75.0+dfsg0ubuntu1-0ubuntu7.1 [20,0 MB]
Des:10 http://es.archive.ubuntu.com/ubuntu noble-updates/main amd64 libstd-rust-dev amd64 1.75.0+dfsg0ubuntu1-0ubuntu7.1 [40,6 MB]
Des:11 http://es.archive.ubuntu.com/ubuntu noble-updates/main amd64 rustc amd64 1.75.0+dfsg0ubuntu1-0ubuntu7.1 [3.183 kB]
Des:12 http://es.archive.ubuntu.com/ubuntu noble-updates/main amd64 cargo amd64 1.75.0+dfsg0ubuntu1-0ubuntu7.1 [6.053 kB]
Des:13 http://es.archive.ubuntu.com/ubuntu noble/main amd64 libffi-dev amd64 3.4.6-1build1 [62,8 kB]
Descargados 99,5 MB en 10s (9.472 kB/s)                                  
Seleccionando el paquete libhttp-parser2.9:amd64 previamente no selecciona
do.
(Leyendo la base de datos ... 161442 ficheros o directorios instalados act
ualmente.)
Preparando para desempaquetar .../00-libhttp-parser2.9_2.9.4-6build1_amd64
.deb ...
Desempaquetando libhttp-parser2.9:amd64 (2.9.4-6build1) ...
Seleccionando el paquete libssh2-1t64:amd64 previamente no seleccionado.
Preparando para desempaquetar .../01-libssh2-1t64_1.11.0-4.1build2_amd64.d
eb ...
Desempaquetando libssh2-1t64:amd64 (1.11.0-4.1build2) ...
Seleccionando el paquete libgit2-1.7:amd64 previamente no seleccionado.
Preparando para desempaquetar .../02-libgit2-1.7_1.7.2+ds-1ubuntu3_amd64.d
eb ...
Desempaquetando libgit2-1.7:amd64 (1.7.2+ds-1ubuntu3) ...
Seleccionando el paquete libjpeg-turbo8-dev:amd64 previamente no seleccion
ado.
Preparando para desempaquetar .../03-libjpeg-turbo8-dev_2.1.5-2ubuntu2_amd
64.deb ...
Desempaquetando libjpeg-turbo8-dev:amd64 (2.1.5-2ubuntu2) ...
Seleccionando el paquete libjpeg8-dev:amd64 previamente no seleccionado.
Preparando para desempaquetar .../04-libjpeg8-dev_8c-2ubuntu11_amd64.deb .
..
Desempaquetando libjpeg8-dev:amd64 (8c-2ubuntu11) ...
Seleccionando el paquete libjpeg-dev:amd64 previamente no seleccionado.
Preparando para desempaquetar .../05-libjpeg-dev_8c-2ubuntu11_amd64.deb ..
.
Desempaquetando libjpeg-dev:amd64 (8c-2ubuntu11) ...
Seleccionando el paquete libllvm17t64:amd64 previamente no seleccionado.
Preparando para desempaquetar .../06-libllvm17t64_1%3a17.0.6-9ubuntu1_amd6
4.deb ...
Desempaquetando libllvm17t64:amd64 (1:17.0.6-9ubuntu1) ...
Seleccionando el paquete libssl-dev:amd64 previamente no seleccionado.
Preparando para desempaquetar .../07-libssl-dev_3.0.13-0ubuntu3.7_amd64.de
b ...
Desempaquetando libssl-dev:amd64 (3.0.13-0ubuntu3.7) ...
Seleccionando el paquete libstd-rust-1.75:amd64 previamente no seleccionad
o.
Preparando para desempaquetar .../08-libstd-rust-1.75_1.75.0+dfsg0ubuntu1-
0ubuntu7.1_amd64.deb ...
Desempaquetando libstd-rust-1.75:amd64 (1.75.0+dfsg0ubuntu1-0ubuntu7.1) ..
.
Seleccionando el paquete libstd-rust-dev:amd64 previamente no seleccionado
.
Preparando para desempaquetar .../09-libstd-rust-dev_1.75.0+dfsg0ubuntu1-0
ubuntu7.1_amd64.deb ...
Desempaquetando libstd-rust-dev:amd64 (1.75.0+dfsg0ubuntu1-0ubuntu7.1) ...
Seleccionando el paquete rustc previamente no seleccionado.
Preparando para desempaquetar .../10-rustc_1.75.0+dfsg0ubuntu1-0ubuntu7.1_
amd64.deb ...
Desempaquetando rustc (1.75.0+dfsg0ubuntu1-0ubuntu7.1) ...
Seleccionando el paquete cargo previamente no seleccionado.
Preparando para desempaquetar .../11-cargo_1.75.0+dfsg0ubuntu1-0ubuntu7.1_
amd64.deb ...
Desempaquetando cargo (1.75.0+dfsg0ubuntu1-0ubuntu7.1) ...
Seleccionando el paquete libffi-dev:amd64 previamente no seleccionado.
Preparando para desempaquetar .../12-libffi-dev_3.4.6-1build1_amd64.deb ..
.
Desempaquetando libffi-dev:amd64 (3.4.6-1build1) ...
Configurando libjpeg-turbo8-dev:amd64 (2.1.5-2ubuntu2) ...
Configurando libffi-dev:amd64 (3.4.6-1build1) ...
Configurando libllvm17t64:amd64 (1:17.0.6-9ubuntu1) ...
Configurando libssl-dev:amd64 (3.0.13-0ubuntu3.7) ...
Configurando libssh2-1t64:amd64 (1.11.0-4.1build2) ...
Configurando libjpeg8-dev:amd64 (8c-2ubuntu11) ...
Configurando libhttp-parser2.9:amd64 (2.9.4-6build1) ...
Configurando libstd-rust-1.75:amd64 (1.75.0+dfsg0ubuntu1-0ubuntu7.1) ...
Configurando libjpeg-dev:amd64 (8c-2ubuntu11) ...
Configurando libstd-rust-dev:amd64 (1.75.0+dfsg0ubuntu1-0ubuntu7.1) ...
Configurando rustc (1.75.0+dfsg0ubuntu1-0ubuntu7.1) ...
Configurando libgit2-1.7:amd64 (1.7.2+ds-1ubuntu3) ...
Configurando cargo (1.75.0+dfsg0ubuntu1-0ubuntu7.1) ...
Procesando disparadores para libc-bin (2.39-0ubuntu8.6) ...
Procesando disparadores para man-db (2.12.0-4build2) ...
Procesando disparadores para install-info (7.1-3build2) ...
(venv) serena@serena-portatil:~/stable_diffusion_practica/stable-diffusion-webui$ pip install -U pip setuptools wheel
Requirement already satisfied: pip in /home/serena/stable_diffusion_practica/venv/lib/python3.12/site-packages (26.0)
Requirement already satisfied: setuptools in /home/serena/stable_diffusion_practica/venv/lib/python3.12/site-packages (80.10.2)
Collecting wheel
  Using cached wheel-0.46.3-py3-none-any.whl.metadata (2.4 kB)
Requirement already satisfied: packaging>=24.0 in /home/serena/stable_diffusion_practica/venv/lib/python3.12/site-packages (from wheel) (26.0)
Using cached wheel-0.46.3-py3-none-any.whl (30 kB)
Installing collected packages: wheel
Successfully installed wheel-0.46.3
(venv) serena@serena-portatil:~/stable_diffusion_practica/stable-diffusion-webui$ pip install -U pillow
Requirement already satisfied: pillow in /home/serena/stable_diffusion_practica/venv/lib/python3.12/site-packages (12.1.0)
(venv) serena@serena-portatil:~/stable_diffusion_practica/stable-diffusion-webui$ pip install -U tokenizers
Requirement already satisfied: tokenizers in /home/serena/stable_diffusion_practica/venv/lib/python3.12/site-packages (0.22.2)
Requirement already satisfied: huggingface-hub<2.0,>=0.16.4 in /home/serena/stable_diffusion_practica/venv/lib/python3.12/site-packages (from tokenizers) (1.3.7)
Requirement already satisfied: filelock in /home/serena/stable_diffusion_practica/venv/lib/python3.12/site-packages (from huggingface-hub<2.0,>=0.16.4->tokenizers) (3.20.3)
Requirement already satisfied: fsspec>=2023.5.0 in /home/serena/stable_diffusion_practica/venv/lib/python3.12/site-packages (from huggingface-hub<2.0,>=0.16.4->tokenizers) (2026.1.0)
Requirement already satisfied: hf-xet<2.0.0,>=1.2.0 in /home/serena/stable_diffusion_practica/venv/lib/python3.12/site-packages (from huggingface-hub<2.0,>=0.16.4->tokenizers) (1.2.0)
Requirement already satisfied: httpx<1,>=0.23.0 in /home/serena/stable_diffusion_practica/venv/lib/python3.12/site-packages (from huggingface-hub<2.0,>=0.16.4->tokenizers) (0.28.1)
Requirement already satisfied: packaging>=20.9 in /home/serena/stable_diffusion_practica/venv/lib/python3.12/site-packages (from huggingface-hub<2.0,>=0.16.4->tokenizers) (26.0)
Requirement already satisfied: pyyaml>=5.1 in /home/serena/stable_diffusion_practica/venv/lib/python3.12/site-packages (from huggingface-hub<2.0,>=0.16.4->tokenizers) (6.0.3)
Requirement already satisfied: shellingham in /home/serena/stable_diffusion_practica/venv/lib/python3.12/site-packages (from huggingface-hub<2.0,>=0.16.4->tokenizers) (1.5.4)
Requirement already satisfied: tqdm>=4.42.1 in /home/serena/stable_diffusion_practica/venv/lib/python3.12/site-packages (from huggingface-hub<2.0,>=0.16.4->tokenizers) (4.67.2)
Requirement already satisfied: typer-slim in /home/serena/stable_diffusion_practica/venv/lib/python3.12/site-packages (from huggingface-hub<2.0,>=0.16.4->tokenizers) (0.21.1)
Requirement already satisfied: typing-extensions>=4.1.0 in /home/serena/stable_diffusion_practica/venv/lib/python3.12/site-packages (from huggingface-hub<2.0,>=0.16.4->tokenizers) (4.15.0)
Requirement already satisfied: anyio in /home/serena/stable_diffusion_practica/venv/lib/python3.12/site-packages (from httpx<1,>=0.23.0->huggingface-hub<2.0,>=0.16.4->tokenizers) (4.12.1)
Requirement already satisfied: certifi in /home/serena/stable_diffusion_practica/venv/lib/python3.12/site-packages (from httpx<1,>=0.23.0->huggingface-hub<2.0,>=0.16.4->tokenizers) (2026.1.4)
Requirement already satisfied: httpcore==1.* in /home/serena/stable_diffusion_practica/venv/lib/python3.12/site-packages (from httpx<1,>=0.23.0->huggingface-hub<2.0,>=0.16.4->tokenizers) (1.0.9)
Requirement already satisfied: idna in /home/serena/stable_diffusion_practica/venv/lib/python3.12/site-packages (from httpx<1,>=0.23.0->huggingface-hub<2.0,>=0.16.4->tokenizers) (3.11)
Requirement already satisfied: h11>=0.16 in /home/serena/stable_diffusion_practica/venv/lib/python3.12/site-packages (from httpcore==1.*->httpx<1,>=0.23.0->huggingface-hub<2.0,>=0.16.4->tokenizers) (0.16.0)
Requirement already satisfied: click>=8.0.0 in /home/serena/stable_diffusion_practica/venv/lib/python3.12/site-packages (from typer-slim->huggingface-hub<2.0,>=0.16.4->tokenizers) (8.3.1)
(venv) serena@serena-portatil:~/stable_diffusion_practica/stable-diffusion-webui$ cd ~/stable_diffusion_practica/stable-diffusion-webui
./webui.sh --skip-python-version-check

################################################################
Install script for stable-diffusion + Web UI
Tested on Debian 11 (Bullseye), Fedora 34+ and openSUSE Leap 15.4 or newer.
################################################################

################################################################
Running on serena user
################################################################

################################################################
Repo already cloned, using it as install directory
################################################################

################################################################
python venv already activate or run without venv: /home/serena/stable_diffusion_practica/venv
################################################################

################################################################
Launching launch.py...
################################################################
glibc version is 2.39
Cannot locate TCMalloc. Do you have tcmalloc or google-perftool installed on your system? (improves CPU memory usage)
Python 3.12.3 (main, Jan  8 2026, 11:30:50) [GCC 13.3.0]
Version: v1.10.1-93-gfd68e0c3
Commit hash: fd68e0c3846b07c637c3d57b0c38f06c8485a753
Installing requirements
Traceback (most recent call last):
  File "/home/serena/stable_diffusion_practica/stable-diffusion-webui/launch.py", line 53, in <module>
    main()
  File "/home/serena/stable_diffusion_practica/stable-diffusion-webui/launch.py", line 44, in main
    prepare_environment()
  File "/home/serena/stable_diffusion_practica/stable-diffusion-webui/modules/launch_utils.py", line 455, in prepare_environment
    run_pip(f"install -r \"{requirements_file}\"", "requirements")
  File "/home/serena/stable_diffusion_practica/stable-diffusion-webui/modules/launch_utils.py", line 142, in run_pip
    return run(f'"{python}" -m pip {command} --prefer-binary{index_url_line}', desc=f"Installing {desc}", errdesc=f"Couldn't install {desc}", live=live)
           ^^^^^^^^^^^^^^^^^^^^^^^^^^^^^^^^^^^^^^^^^^^^^^^^^^^^^^^^^^^^^^^^^^^^^^^^^^^^^^^^^^^^^^^^^^^^^^^^^^^^^^^^^^^^^^^^^^^^^^^^^^^^^^^^^^^^^^^^^^^^^
  File "/home/serena/stable_diffusion_practica/stable-diffusion-webui/modules/launch_utils.py", line 114, in run
    raise RuntimeError("\n".join(error_bits))
RuntimeError: Couldn't install requirements.
Command: "/home/serena/stable_diffusion_practica/venv/bin/python3" -m pip install -r "requirements_versions.txt" --prefer-binary
Error code: 1
stdout: Collecting setuptools==69.5.1 (from -r requirements_versions.txt (line 1))
  Using cached setuptools-69.5.1-py3-none-any.whl.metadata (6.2 kB)
Collecting GitPython==3.1.32 (from -r requirements_versions.txt (line 2))
  Using cached GitPython-3.1.32-py3-none-any.whl.metadata (10.0 kB)
Collecting Pillow==9.5.0 (from -r requirements_versions.txt (line 3))
  Using cached Pillow-9.5.0.tar.gz (50.5 MB)
  Installing build dependencies: started
  Installing build dependencies: finished with status 'done'
  Getting requirements to build wheel: started
  Getting requirements to build wheel: finished with status 'done'
  Preparing metadata (pyproject.toml): started
  Preparing metadata (pyproject.toml): finished with status 'done'
Collecting accelerate==0.21.0 (from -r requirements_versions.txt (line 4))
  Using cached accelerate-0.21.0-py3-none-any.whl.metadata (17 kB)
Collecting blendmodes==2022 (from -r requirements_versions.txt (line 5))
  Using cached blendmodes-2022-py3-none-any.whl.metadata (12 kB)
Collecting clean-fid==0.1.35 (from -r requirements_versions.txt (line 6))
  Using cached clean_fid-0.1.35-py3-none-any.whl.metadata (36 kB)
Collecting diskcache==5.6.3 (from -r requirements_versions.txt (line 7))
  Using cached diskcache-5.6.3-py3-none-any.whl.metadata (20 kB)
Collecting einops==0.4.1 (from -r requirements_versions.txt (line 8))
  Using cached einops-0.4.1-py3-none-any.whl.metadata (10 kB)
Collecting facexlib==0.3.0 (from -r requirements_versions.txt (line 9))
  Using cached facexlib-0.3.0-py3-none-any.whl.metadata (4.6 kB)
Collecting fastapi==0.94.0 (from -r requirements_versions.txt (line 10))
  Using cached fastapi-0.94.0-py3-none-any.whl.metadata (25 kB)
Collecting gradio==3.41.2 (from -r requirements_versions.txt (line 11))
  Using cached gradio-3.41.2-py3-none-any.whl.metadata (17 kB)
Collecting httpcore==0.15 (from -r requirements_versions.txt (line 12))
  Using cached httpcore-0.15.0-py3-none-any.whl.metadata (15 kB)
Collecting inflection==0.5.1 (from -r requirements_versions.txt (line 13))
  Using cached inflection-0.5.1-py2.py3-none-any.whl.metadata (1.7 kB)
Collecting jsonmerge==1.8.0 (from -r requirements_versions.txt (line 14))
  Using cached jsonmerge-1.8.0-py3-none-any.whl
Collecting kornia==0.6.7 (from -r requirements_versions.txt (line 15))
  Using cached kornia-0.6.7-py2.py3-none-any.whl.metadata (12 kB)
Collecting lark==1.1.2 (from -r requirements_versions.txt (line 16))
  Using cached lark-1.1.2-py2.py3-none-any.whl.metadata (1.7 kB)
Collecting numpy==1.26.2 (from -r requirements_versions.txt (line 17))
  Using cached numpy-1.26.2-cp312-cp312-manylinux_2_17_x86_64.manylinux2014_x86_64.whl.metadata (61 kB)
Collecting omegaconf==2.2.3 (from -r requirements_versions.txt (line 18))
  Using cached omegaconf-2.2.3-py3-none-any.whl.metadata (3.9 kB)
Collecting open-clip-torch==2.20.0 (from -r requirements_versions.txt (line 19))
  Using cached open_clip_torch-2.20.0-py3-none-any.whl.metadata (46 kB)
Collecting piexif==1.1.3 (from -r requirements_versions.txt (line 20))
  Using cached piexif-1.1.3-py2.py3-none-any.whl.metadata (3.7 kB)
Requirement already satisfied: protobuf==3.20.0 in /home/serena/stable_diffusion_practica/venv/lib/python3.12/site-packages (from -r requirements_versions.txt (line 21)) (3.20.0)
Collecting psutil==5.9.5 (from -r requirements_versions.txt (line 22))
  Using cached psutil-5.9.5-cp36-abi3-manylinux_2_12_x86_64.manylinux2010_x86_64.manylinux_2_17_x86_64.manylinux2014_x86_64.whl.metadata (21 kB)
Collecting pytorch_lightning==1.9.4 (from -r requirements_versions.txt (line 23))
  Using cached pytorch_lightning-1.9.4-py3-none-any.whl.metadata (22 kB)
Collecting resize-right==0.0.2 (from -r requirements_versions.txt (line 24))
  Using cached resize_right-0.0.2-py3-none-any.whl.metadata (551 bytes)
Collecting safetensors==0.4.5 (from -r requirements_versions.txt (line 25))
  Using cached safetensors-0.4.5-cp312-cp312-manylinux_2_17_x86_64.manylinux2014_x86_64.whl.metadata (3.8 kB)
Collecting scikit-image==0.21.0 (from -r requirements_versions.txt (line 26))
  Using cached scikit_image-0.21.0-cp312-cp312-linux_x86_64.whl
Collecting spandrel==0.3.4 (from -r requirements_versions.txt (line 27))
  Using cached spandrel-0.3.4-py3-none-any.whl.metadata (14 kB)
Collecting spandrel-extra-arches==0.1.1 (from -r requirements_versions.txt (line 28))
  Using cached spandrel_extra_arches-0.1.1-py3-none-any.whl.metadata (3.0 kB)
Collecting tomesd==0.1.3 (from -r requirements_versions.txt (line 29))
  Using cached tomesd-0.1.3-py3-none-any.whl.metadata (9.1 kB)
Requirement already satisfied: torch in /home/serena/stable_diffusion_practica/venv/lib/python3.12/site-packages (from -r requirements_versions.txt (line 30)) (2.10.0)
Collecting torchdiffeq==0.2.3 (from -r requirements_versions.txt (line 31))
  Using cached torchdiffeq-0.2.3-py3-none-any.whl.metadata (488 bytes)
Collecting torchsde==0.2.6 (from -r requirements_versions.txt (line 32))
  Using cached torchsde-0.2.6-py3-none-any.whl.metadata (5.3 kB)
Collecting transformers==4.30.2 (from -r requirements_versions.txt (line 33))
  Using cached transformers-4.30.2-py3-none-any.whl.metadata (113 kB)
Collecting httpx==0.24.1 (from -r requirements_versions.txt (line 34))
  Using cached httpx-0.24.1-py3-none-any.whl.metadata (7.4 kB)
Collecting pillow-avif-plugin==1.4.3 (from -r requirements_versions.txt (line 35))
  Using cached pillow_avif_plugin-1.4.3-cp312-cp312-manylinux_2_17_x86_64.manylinux2014_x86_64.whl.metadata (1.7 kB)
Collecting gitdb<5,>=4.0.1 (from GitPython==3.1.32->-r requirements_versions.txt (line 2))
  Using cached gitdb-4.0.12-py3-none-any.whl.metadata (1.2 kB)
Requirement already satisfied: packaging>=20.0 in /home/serena/stable_diffusion_practica/venv/lib/python3.12/site-packages (from accelerate==0.21.0->-r requirements_versions.txt (line 4)) (26.0)
Requirement already satisfied: pyyaml in /home/serena/stable_diffusion_practica/venv/lib/python3.12/site-packages (from accelerate==0.21.0->-r requirements_versions.txt (line 4)) (6.0.3)
Collecting aenum<4,>=3.1.7 (from blendmodes==2022->-r requirements_versions.txt (line 5))
  Using cached aenum-3.1.16-py3-none-any.whl.metadata (3.8 kB)
Collecting deprecation<3,>=2.1.0 (from blendmodes==2022->-r requirements_versions.txt (line 5))
  Using cached deprecation-2.1.0-py2.py3-none-any.whl.metadata (4.6 kB)
Requirement already satisfied: torchvision in /home/serena/stable_diffusion_practica/venv/lib/python3.12/site-packages (from clean-fid==0.1.35->-r requirements_versions.txt (line 6)) (0.25.0)
Collecting scipy>=1.0.1 (from clean-fid==0.1.35->-r requirements_versions.txt (line 6))
  Using cached scipy-1.17.0-cp312-cp312-manylinux_2_27_x86_64.manylinux_2_28_x86_64.whl.metadata (62 kB)
Requirement already satisfied: tqdm>=4.28.1 in /home/serena/stable_diffusion_practica/venv/lib/python3.12/site-packages (from clean-fid==0.1.35->-r requirements_versions.txt (line 6)) (4.67.2)
Requirement already satisfied: requests in /home/serena/stable_diffusion_practica/venv/lib/python3.12/site-packages (from clean-fid==0.1.35->-r requirements_versions.txt (line 6)) (2.32.5)
Collecting filterpy (from facexlib==0.3.0->-r requirements_versions.txt (line 9))
  Using cached filterpy-1.4.5-py3-none-any.whl
Collecting numba (from facexlib==0.3.0->-r requirements_versions.txt (line 9))
  Using cached numba-0.63.1-cp312-cp312-manylinux2014_x86_64.manylinux_2_17_x86_64.whl.metadata (2.9 kB)
Collecting opencv-python (from facexlib==0.3.0->-r requirements_versions.txt (line 9))
  Using cached opencv_python-4.13.0.90-cp37-abi3-manylinux_2_28_x86_64.whl.metadata (19 kB)
Collecting pydantic!=1.7,!=1.7.1,!=1.7.2,!=1.7.3,!=1.8,!=1.8.1,<2.0.0,>=1.6.2 (from fastapi==0.94.0->-r requirements_versions.txt (line 10))
  Using cached pydantic-1.10.26-cp312-cp312-manylinux2014_x86_64.manylinux_2_17_x86_64.whl.metadata (155 kB)
Collecting starlette<0.27.0,>=0.26.0 (from fastapi==0.94.0->-r requirements_versions.txt (line 10))
  Using cached starlette-0.26.1-py3-none-any.whl.metadata (5.8 kB)
Collecting aiofiles<24.0,>=22.0 (from gradio==3.41.2->-r requirements_versions.txt (line 11))
  Using cached aiofiles-23.2.1-py3-none-any.whl.metadata (9.7 kB)
Collecting altair<6.0,>=4.2.0 (from gradio==3.41.2->-r requirements_versions.txt (line 11))
  Using cached altair-5.5.0-py3-none-any.whl.metadata (11 kB)
Collecting ffmpy (from gradio==3.41.2->-r requirements_versions.txt (line 11))
  Using cached ffmpy-1.0.0-py3-none-any.whl.metadata (3.0 kB)
Collecting gradio-client==0.5.0 (from gradio==3.41.2->-r requirements_versions.txt (line 11))
  Using cached gradio_client-0.5.0-py3-none-any.whl.metadata (7.1 kB)
Requirement already satisfied: huggingface-hub>=0.14.0 in /home/serena/stable_diffusion_practica/venv/lib/python3.12/site-packages (from gradio==3.41.2->-r requirements_versions.txt (line 11)) (1.3.7)
Collecting importlib-resources<7.0,>=1.3 (from gradio==3.41.2->-r requirements_versions.txt (line 11))
  Using cached importlib_resources-6.5.2-py3-none-any.whl.metadata (3.9 kB)
Requirement already satisfied: jinja2<4.0 in /home/serena/stable_diffusion_practica/venv/lib/python3.12/site-packages (from gradio==3.41.2->-r requirements_versions.txt (line 11)) (3.1.6)
Collecting markupsafe~=2.0 (from gradio==3.41.2->-r requirements_versions.txt (line 11))
  Using cached MarkupSafe-2.1.5-cp312-cp312-manylinux_2_17_x86_64.manylinux2014_x86_64.whl.metadata (3.0 kB)
Collecting matplotlib~=3.0 (from gradio==3.41.2->-r requirements_versions.txt (line 11))
  Using cached matplotlib-3.10.8-cp312-cp312-manylinux2014_x86_64.manylinux_2_17_x86_64.whl.metadata (52 kB)
Collecting orjson~=3.0 (from gradio==3.41.2->-r requirements_versions.txt (line 11))
  Using cached orjson-3.11.7-cp312-cp312-manylinux_2_17_x86_64.manylinux2014_x86_64.whl.metadata (41 kB)
Collecting pandas<3.0,>=1.0 (from gradio==3.41.2->-r requirements_versions.txt (line 11))
  Using cached pandas-2.3.3-cp312-cp312-manylinux_2_24_x86_64.manylinux_2_28_x86_64.whl.metadata (91 kB)
Collecting pydub (from gradio==3.41.2->-r requirements_versions.txt (line 11))
  Using cached pydub-0.25.1-py2.py3-none-any.whl.metadata (1.4 kB)
Collecting python-multipart (from gradio==3.41.2->-r requirements_versions.txt (line 11))
  Using cached python_multipart-0.0.22-py3-none-any.whl.metadata (1.8 kB)
Collecting semantic-version~=2.0 (from gradio==3.41.2->-r requirements_versions.txt (line 11))
  Using cached semantic_version-2.10.0-py2.py3-none-any.whl.metadata (9.7 kB)
Requirement already satisfied: typing-extensions~=4.0 in /home/serena/stable_diffusion_practica/venv/lib/python3.12/site-packages (from gradio==3.41.2->-r requirements_versions.txt (line 11)) (4.15.0)
Collecting uvicorn>=0.14.0 (from gradio==3.41.2->-r requirements_versions.txt (line 11))
  Using cached uvicorn-0.40.0-py3-none-any.whl.metadata (6.7 kB)
Collecting websockets<12.0,>=10.0 (from gradio==3.41.2->-r requirements_versions.txt (line 11))
  Using cached websockets-11.0.3-py3-none-any.whl.metadata (6.6 kB)
Collecting h11<0.13,>=0.11 (from httpcore==0.15->-r requirements_versions.txt (line 12))
  Using cached h11-0.12.0-py3-none-any.whl.metadata (8.1 kB)
Collecting sniffio==1.* (from httpcore==0.15->-r requirements_versions.txt (line 12))
  Using cached sniffio-1.3.1-py3-none-any.whl.metadata (3.9 kB)
Collecting anyio==3.* (from httpcore==0.15->-r requirements_versions.txt (line 12))
  Using cached anyio-3.7.1-py3-none-any.whl.metadata (4.7 kB)
Requirement already satisfied: certifi in /home/serena/stable_diffusion_practica/venv/lib/python3.12/site-packages (from httpcore==0.15->-r requirements_versions.txt (line 12)) (2026.1.4)
Collecting jsonschema (from jsonmerge==1.8.0->-r requirements_versions.txt (line 14))
  Using cached jsonschema-4.26.0-py3-none-any.whl.metadata (7.6 kB)
Collecting antlr4-python3-runtime==4.9.* (from omegaconf==2.2.3->-r requirements_versions.txt (line 18))
  Using cached antlr4_python3_runtime-4.9.3-py3-none-any.whl
Requirement already satisfied: regex in /home/serena/stable_diffusion_practica/venv/lib/python3.12/site-packages (from open-clip-torch==2.20.0->-r requirements_versions.txt (line 19)) (2026.1.15)
Requirement already satisfied: ftfy in /home/serena/stable_diffusion_practica/venv/lib/python3.12/site-packages (from open-clip-torch==2.20.0->-r requirements_versions.txt (line 19)) (6.3.1)
Requirement already satisfied: sentencepiece in /home/serena/stable_diffusion_practica/venv/lib/python3.12/site-packages (from open-clip-torch==2.20.0->-r requirements_versions.txt (line 19)) (0.2.1)
Collecting timm (from open-clip-torch==2.20.0->-r requirements_versions.txt (line 19))
  Using cached timm-1.0.24-py3-none-any.whl.metadata (38 kB)
Requirement already satisfied: fsspec>2021.06.0 in /home/serena/stable_diffusion_practica/venv/lib/python3.12/site-packages (from fsspec[http]>2021.06.0->pytorch_lightning==1.9.4->-r requirements_versions.txt (line 23)) (2026.1.0)
Collecting torchmetrics>=0.7.0 (from pytorch_lightning==1.9.4->-r requirements_versions.txt (line 23))
  Using cached torchmetrics-1.8.2-py3-none-any.whl.metadata (22 kB)
Collecting lightning-utilities>=0.6.0.post0 (from pytorch_lightning==1.9.4->-r requirements_versions.txt (line 23))
  Using cached lightning_utilities-0.15.2-py3-none-any.whl.metadata (5.7 kB)
Requirement already satisfied: networkx>=2.8 in /home/serena/stable_diffusion_practica/venv/lib/python3.12/site-packages (from scikit-image==0.21.0->-r requirements_versions.txt (line 26)) (3.6.1)
Collecting imageio>=2.27 (from scikit-image==0.21.0->-r requirements_versions.txt (line 26))
  Using cached imageio-2.37.2-py3-none-any.whl.metadata (9.7 kB)
Collecting tifffile>=2022.8.12 (from scikit-image==0.21.0->-r requirements_versions.txt (line 26))
  Using cached tifffile-2026.1.28-py3-none-any.whl.metadata (30 kB)
Collecting PyWavelets>=1.1.1 (from scikit-image==0.21.0->-r requirements_versions.txt (line 26))
  Using cached pywavelets-1.9.0-cp312-cp312-manylinux_2_27_x86_64.manylinux_2_28_x86_64.whl.metadata (7.6 kB)
Collecting lazy_loader>=0.2 (from scikit-image==0.21.0->-r requirements_versions.txt (line 26))
  Using cached lazy_loader-0.4-py3-none-any.whl.metadata (7.6 kB)
Collecting trampoline>=0.1.2 (from torchsde==0.2.6->-r requirements_versions.txt (line 32))
  Using cached trampoline-0.1.2-py3-none-any.whl.metadata (10 kB)
Requirement already satisfied: filelock in /home/serena/stable_diffusion_practica/venv/lib/python3.12/site-packages (from transformers==4.30.2->-r requirements_versions.txt (line 33)) (3.20.3)
Collecting huggingface-hub>=0.14.0 (from gradio==3.41.2->-r requirements_versions.txt (line 11))
  Using cached huggingface_hub-0.36.1-py3-none-any.whl.metadata (15 kB)
Collecting tokenizers!=0.11.3,<0.14,>=0.11.1 (from transformers==4.30.2->-r requirements_versions.txt (line 33))
  Using cached tokenizers-0.13.3.tar.gz (314 kB)
  Installing build dependencies: started
  Installing build dependencies: finished with status 'done'
  Getting requirements to build wheel: started
  Getting requirements to build wheel: finished with status 'done'
  Preparing metadata (pyproject.toml): started
  Preparing metadata (pyproject.toml): finished with status 'done'
Requirement already satisfied: idna in /home/serena/stable_diffusion_practica/venv/lib/python3.12/site-packages (from httpx==0.24.1->-r requirements_versions.txt (line 34)) (3.11)
Collecting narwhals>=1.14.2 (from altair<6.0,>=4.2.0->gradio==3.41.2->-r requirements_versions.txt (line 11))
  Using cached narwhals-2.16.0-py3-none-any.whl.metadata (14 kB)
Collecting smmap<6,>=3.0.1 (from gitdb<5,>=4.0.1->GitPython==3.1.32->-r requirements_versions.txt (line 2))
  Using cached smmap-5.0.2-py3-none-any.whl.metadata (4.3 kB)
Requirement already satisfied: hf-xet<2.0.0,>=1.1.3 in /home/serena/stable_diffusion_practica/venv/lib/python3.12/site-packages (from huggingface-hub>=0.14.0->gradio==3.41.2->-r requirements_versions.txt (line 11)) (1.2.0)
Collecting contourpy>=1.0.1 (from matplotlib~=3.0->gradio==3.41.2->-r requirements_versions.txt (line 11))
  Using cached contourpy-1.3.3-cp312-cp312-manylinux_2_27_x86_64.manylinux_2_28_x86_64.whl.metadata (5.5 kB)
Collecting cycler>=0.10 (from matplotlib~=3.0->gradio==3.41.2->-r requirements_versions.txt (line 11))
  Using cached cycler-0.12.1-py3-none-any.whl.metadata (3.8 kB)
Collecting fonttools>=4.22.0 (from matplotlib~=3.0->gradio==3.41.2->-r requirements_versions.txt (line 11))
  Using cached fonttools-4.61.1-cp312-cp312-manylinux1_x86_64.manylinux2014_x86_64.manylinux_2_17_x86_64.manylinux_2_5_x86_64.whl.metadata (114 kB)
Collecting kiwisolver>=1.3.1 (from matplotlib~=3.0->gradio==3.41.2->-r requirements_versions.txt (line 11))
  Using cached kiwisolver-1.4.9-cp312-cp312-manylinux2014_x86_64.manylinux_2_17_x86_64.whl.metadata (6.3 kB)
Collecting pyparsing>=3 (from matplotlib~=3.0->gradio==3.41.2->-r requirements_versions.txt (line 11))
  Using cached pyparsing-3.3.2-py3-none-any.whl.metadata (5.8 kB)
Collecting python-dateutil>=2.7 (from matplotlib~=3.0->gradio==3.41.2->-r requirements_versions.txt (line 11))
  Using cached python_dateutil-2.9.0.post0-py2.py3-none-any.whl.metadata (8.4 kB)
Collecting pytz>=2020.1 (from pandas<3.0,>=1.0->gradio==3.41.2->-r requirements_versions.txt (line 11))
  Using cached pytz-2025.2-py2.py3-none-any.whl.metadata (22 kB)
Collecting tzdata>=2022.7 (from pandas<3.0,>=1.0->gradio==3.41.2->-r requirements_versions.txt (line 11))
  Using cached tzdata-2025.3-py2.py3-none-any.whl.metadata (1.4 kB)
Requirement already satisfied: charset_normalizer<4,>=2 in /home/serena/stable_diffusion_practica/venv/lib/python3.12/site-packages (from requests->clean-fid==0.1.35->-r requirements_versions.txt (line 6)) (3.4.4)
Requirement already satisfied: urllib3<3,>=1.21.1 in /home/serena/stable_diffusion_practica/venv/lib/python3.12/site-packages (from requests->clean-fid==0.1.35->-r requirements_versions.txt (line 6)) (2.6.3)
Requirement already satisfied: sympy>=1.13.3 in /home/serena/stable_diffusion_practica/venv/lib/python3.12/site-packages (from torch->-r requirements_versions.txt (line 30)) (1.14.0)
Requirement already satisfied: cuda-bindings==12.9.4 in /home/serena/stable_diffusion_practica/venv/lib/python3.12/site-packages (from torch->-r requirements_versions.txt (line 30)) (12.9.4)
Requirement already satisfied: nvidia-cuda-nvrtc-cu12==12.8.93 in /home/serena/stable_diffusion_practica/venv/lib/python3.12/site-packages (from torch->-r requirements_versions.txt (line 30)) (12.8.93)
Requirement already satisfied: nvidia-cuda-runtime-cu12==12.8.90 in /home/serena/stable_diffusion_practica/venv/lib/python3.12/site-packages (from torch->-r requirements_versions.txt (line 30)) (12.8.90)
Requirement already satisfied: nvidia-cuda-cupti-cu12==12.8.90 in /home/serena/stable_diffusion_practica/venv/lib/python3.12/site-packages (from torch->-r requirements_versions.txt (line 30)) (12.8.90)
Requirement already satisfied: nvidia-cudnn-cu12==9.10.2.21 in /home/serena/stable_diffusion_practica/venv/lib/python3.12/site-packages (from torch->-r requirements_versions.txt (line 30)) (9.10.2.21)
Requirement already satisfied: nvidia-cublas-cu12==12.8.4.1 in /home/serena/stable_diffusion_practica/venv/lib/python3.12/site-packages (from torch->-r requirements_versions.txt (line 30)) (12.8.4.1)
Requirement already satisfied: nvidia-cufft-cu12==11.3.3.83 in /home/serena/stable_diffusion_practica/venv/lib/python3.12/site-packages (from torch->-r requirements_versions.txt (line 30)) (11.3.3.83)
Requirement already satisfied: nvidia-curand-cu12==10.3.9.90 in /home/serena/stable_diffusion_practica/venv/lib/python3.12/site-packages (from torch->-r requirements_versions.txt (line 30)) (10.3.9.90)
Requirement already satisfied: nvidia-cusolver-cu12==11.7.3.90 in /home/serena/stable_diffusion_practica/venv/lib/python3.12/site-packages (from torch->-r requirements_versions.txt (line 30)) (11.7.3.90)
Requirement already satisfied: nvidia-cusparse-cu12==12.5.8.93 in /home/serena/stable_diffusion_practica/venv/lib/python3.12/site-packages (from torch->-r requirements_versions.txt (line 30)) (12.5.8.93)
Requirement already satisfied: nvidia-cusparselt-cu12==0.7.1 in /home/serena/stable_diffusion_practica/venv/lib/python3.12/site-packages (from torch->-r requirements_versions.txt (line 30)) (0.7.1)
Requirement already satisfied: nvidia-nccl-cu12==2.27.5 in /home/serena/stable_diffusion_practica/venv/lib/python3.12/site-packages (from torch->-r requirements_versions.txt (line 30)) (2.27.5)
Requirement already satisfied: nvidia-nvshmem-cu12==3.4.5 in /home/serena/stable_diffusion_practica/venv/lib/python3.12/site-packages (from torch->-r requirements_versions.txt (line 30)) (3.4.5)
Requirement already satisfied: nvidia-nvtx-cu12==12.8.90 in /home/serena/stable_diffusion_practica/venv/lib/python3.12/site-packages (from torch->-r requirements_versions.txt (line 30)) (12.8.90)
Requirement already satisfied: nvidia-nvjitlink-cu12==12.8.93 in /home/serena/stable_diffusion_practica/venv/lib/python3.12/site-packages (from torch->-r requirements_versions.txt (line 30)) (12.8.93)
Requirement already satisfied: nvidia-cufile-cu12==1.13.1.3 in /home/serena/stable_diffusion_practica/venv/lib/python3.12/site-packages (from torch->-r requirements_versions.txt (line 30)) (1.13.1.3)
Requirement already satisfied: triton==3.6.0 in /home/serena/stable_diffusion_practica/venv/lib/python3.12/site-packages (from torch->-r requirements_versions.txt (line 30)) (3.6.0)
Requirement already satisfied: cuda-pathfinder~=1.1 in /home/serena/stable_diffusion_practica/venv/lib/python3.12/site-packages (from cuda-bindings==12.9.4->torch->-r requirements_versions.txt (line 30)) (1.3.3)
Collecting aiohttp!=4.0.0a0,!=4.0.0a1 (from fsspec[http]>2021.06.0->pytorch_lightning==1.9.4->-r requirements_versions.txt (line 23))
  Using cached aiohttp-3.13.3-cp312-cp312-manylinux2014_x86_64.manylinux_2_17_x86_64.manylinux_2_28_x86_64.whl.metadata (8.1 kB)
Collecting aiohappyeyeballs>=2.5.0 (from aiohttp!=4.0.0a0,!=4.0.0a1->fsspec[http]>2021.06.0->pytorch_lightning==1.9.4->-r requirements_versions.txt (line 23))
  Using cached aiohappyeyeballs-2.6.1-py3-none-any.whl.metadata (5.9 kB)
Collecting aiosignal>=1.4.0 (from aiohttp!=4.0.0a0,!=4.0.0a1->fsspec[http]>2021.06.0->pytorch_lightning==1.9.4->-r requirements_versions.txt (line 23))
  Using cached aiosignal-1.4.0-py3-none-any.whl.metadata (3.7 kB)
Collecting attrs>=17.3.0 (from aiohttp!=4.0.0a0,!=4.0.0a1->fsspec[http]>2021.06.0->pytorch_lightning==1.9.4->-r requirements_versions.txt (line 23))
  Using cached attrs-25.4.0-py3-none-any.whl.metadata (10 kB)
Collecting frozenlist>=1.1.1 (from aiohttp!=4.0.0a0,!=4.0.0a1->fsspec[http]>2021.06.0->pytorch_lightning==1.9.4->-r requirements_versions.txt (line 23))
  Using cached frozenlist-1.8.0-cp312-cp312-manylinux1_x86_64.manylinux_2_28_x86_64.manylinux_2_5_x86_64.whl.metadata (20 kB)
Collecting multidict<7.0,>=4.5 (from aiohttp!=4.0.0a0,!=4.0.0a1->fsspec[http]>2021.06.0->pytorch_lightning==1.9.4->-r requirements_versions.txt (line 23))
  Using cached multidict-6.7.1-cp312-cp312-manylinux2014_x86_64.manylinux_2_17_x86_64.manylinux_2_28_x86_64.whl.metadata (5.3 kB)
Collecting propcache>=0.2.0 (from aiohttp!=4.0.0a0,!=4.0.0a1->fsspec[http]>2021.06.0->pytorch_lightning==1.9.4->-r requirements_versions.txt (line 23))
  Using cached propcache-0.4.1-cp312-cp312-manylinux2014_x86_64.manylinux_2_17_x86_64.manylinux_2_28_x86_64.whl.metadata (13 kB)
Collecting yarl<2.0,>=1.17.0 (from aiohttp!=4.0.0a0,!=4.0.0a1->fsspec[http]>2021.06.0->pytorch_lightning==1.9.4->-r requirements_versions.txt (line 23))
  Using cached yarl-1.22.0-cp312-cp312-manylinux2014_x86_64.manylinux_2_17_x86_64.manylinux_2_28_x86_64.whl.metadata (75 kB)
Collecting jsonschema-specifications>=2023.03.6 (from jsonschema->jsonmerge==1.8.0->-r requirements_versions.txt (line 14))
  Using cached jsonschema_specifications-2025.9.1-py3-none-any.whl.metadata (2.9 kB)
Collecting referencing>=0.28.4 (from jsonschema->jsonmerge==1.8.0->-r requirements_versions.txt (line 14))
  Using cached referencing-0.37.0-py3-none-any.whl.metadata (2.8 kB)
Collecting rpds-py>=0.25.0 (from jsonschema->jsonmerge==1.8.0->-r requirements_versions.txt (line 14))
  Using cached rpds_py-0.30.0-cp312-cp312-manylinux_2_17_x86_64.manylinux2014_x86_64.whl.metadata (4.1 kB)
Collecting six>=1.5 (from python-dateutil>=2.7->matplotlib~=3.0->gradio==3.41.2->-r requirements_versions.txt (line 11))
  Using cached six-1.17.0-py2.py3-none-any.whl.metadata (1.7 kB)
INFO: pip is looking at multiple versions of scipy to determine which version is compatible with other requirements. This could take a while.
Collecting scipy>=1.0.1 (from clean-fid==0.1.35->-r requirements_versions.txt (line 6))
  Using cached scipy-1.16.3-cp312-cp312-manylinux2014_x86_64.manylinux_2_17_x86_64.whl.metadata (62 kB)
Requirement already satisfied: mpmath<1.4,>=1.1.0 in /home/serena/stable_diffusion_practica/venv/lib/python3.12/site-packages (from sympy>=1.13.3->torch->-r requirements_versions.txt (line 30)) (1.3.0)
Requirement already satisfied: click>=7.0 in /home/serena/stable_diffusion_practica/venv/lib/python3.12/site-packages (from uvicorn>=0.14.0->gradio==3.41.2->-r requirements_versions.txt (line 11)) (8.3.1)
Requirement already satisfied: wcwidth in /home/serena/stable_diffusion_practica/venv/lib/python3.12/site-packages (from ftfy->open-clip-torch==2.20.0->-r requirements_versions.txt (line 19)) (0.5.3)
Collecting llvmlite<0.47,>=0.46.0dev0 (from numba->facexlib==0.3.0->-r requirements_versions.txt (line 9))
  Using cached llvmlite-0.46.0-cp312-cp312-manylinux2014_x86_64.manylinux_2_17_x86_64.whl.metadata (5.0 kB)
INFO: pip is looking at multiple versions of opencv-python to determine which version is compatible with other requirements. This could take a while.
Collecting opencv-python (from facexlib==0.3.0->-r requirements_versions.txt (line 9))
  Using cached opencv_python-4.12.0.88-cp37-abi3-manylinux2014_x86_64.manylinux_2_17_x86_64.whl.metadata (19 kB)
  Using cached opencv_python-4.11.0.86-cp37-abi3-manylinux_2_17_x86_64.manylinux2014_x86_64.whl.metadata (20 kB)
Using cached setuptools-69.5.1-py3-none-any.whl (894 kB)
Using cached GitPython-3.1.32-py3-none-any.whl (188 kB)
Using cached accelerate-0.21.0-py3-none-any.whl (244 kB)
Using cached blendmodes-2022-py3-none-any.whl (10 kB)
Using cached numpy-1.26.2-cp312-cp312-manylinux_2_17_x86_64.manylinux2014_x86_64.whl (17.9 MB)
Using cached clean_fid-0.1.35-py3-none-any.whl (26 kB)
Using cached diskcache-5.6.3-py3-none-any.whl (45 kB)
Using cached einops-0.4.1-py3-none-any.whl (28 kB)
Using cached facexlib-0.3.0-py3-none-any.whl (59 kB)
Using cached fastapi-0.94.0-py3-none-any.whl (56 kB)
Using cached gradio-3.41.2-py3-none-any.whl (20.1 MB)
Using cached httpcore-0.15.0-py3-none-any.whl (68 kB)
Using cached inflection-0.5.1-py2.py3-none-any.whl (9.5 kB)
Using cached kornia-0.6.7-py2.py3-none-any.whl (565 kB)
Using cached lark-1.1.2-py2.py3-none-any.whl (104 kB)
Using cached omegaconf-2.2.3-py3-none-any.whl (79 kB)
Using cached open_clip_torch-2.20.0-py3-none-any.whl (1.5 MB)
Using cached piexif-1.1.3-py2.py3-none-any.whl (20 kB)
Using cached psutil-5.9.5-cp36-abi3-manylinux_2_12_x86_64.manylinux2010_x86_64.manylinux_2_17_x86_64.manylinux2014_x86_64.whl (282 kB)
Using cached pytorch_lightning-1.9.4-py3-none-any.whl (827 kB)
Using cached resize_right-0.0.2-py3-none-any.whl (8.9 kB)
Using cached safetensors-0.4.5-cp312-cp312-manylinux_2_17_x86_64.manylinux2014_x86_64.whl (434 kB)
Using cached spandrel-0.3.4-py3-none-any.whl (268 kB)
Using cached spandrel_extra_arches-0.1.1-py3-none-any.whl (83 kB)
Using cached tomesd-0.1.3-py3-none-any.whl (11 kB)
Using cached torchdiffeq-0.2.3-py3-none-any.whl (31 kB)
Using cached torchsde-0.2.6-py3-none-any.whl (61 kB)
Using cached transformers-4.30.2-py3-none-any.whl (7.2 MB)
Using cached httpx-0.24.1-py3-none-any.whl (75 kB)
Using cached pillow_avif_plugin-1.4.3-cp312-cp312-manylinux_2_17_x86_64.manylinux2014_x86_64.whl (8.0 MB)
Using cached gradio_client-0.5.0-py3-none-any.whl (298 kB)
Using cached aenum-3.1.16-py3-none-any.whl (165 kB)
Using cached aiofiles-23.2.1-py3-none-any.whl (15 kB)
Using cached altair-5.5.0-py3-none-any.whl (731 kB)
Using cached anyio-3.7.1-py3-none-any.whl (80 kB)
Using cached deprecation-2.1.0-py2.py3-none-any.whl (11 kB)
Using cached gitdb-4.0.12-py3-none-any.whl (62 kB)
Using cached h11-0.12.0-py3-none-any.whl (54 kB)
Using cached huggingface_hub-0.36.1-py3-none-any.whl (566 kB)
Using cached importlib_resources-6.5.2-py3-none-any.whl (37 kB)
Using cached MarkupSafe-2.1.5-cp312-cp312-manylinux_2_17_x86_64.manylinux2014_x86_64.whl (28 kB)
Using cached matplotlib-3.10.8-cp312-cp312-manylinux2014_x86_64.manylinux_2_17_x86_64.whl (8.7 MB)
Using cached orjson-3.11.7-cp312-cp312-manylinux_2_17_x86_64.manylinux2014_x86_64.whl (133 kB)
Using cached pandas-2.3.3-cp312-cp312-manylinux_2_24_x86_64.manylinux_2_28_x86_64.whl (12.4 MB)
Using cached pydantic-1.10.26-cp312-cp312-manylinux2014_x86_64.manylinux_2_17_x86_64.whl (2.6 MB)
Using cached semantic_version-2.10.0-py2.py3-none-any.whl (15 kB)
Using cached smmap-5.0.2-py3-none-any.whl (24 kB)
Using cached sniffio-1.3.1-py3-none-any.whl (10 kB)
Using cached starlette-0.26.1-py3-none-any.whl (66 kB)
Using cached websockets-11.0.3-py3-none-any.whl (118 kB)
Using cached contourpy-1.3.3-cp312-cp312-manylinux_2_27_x86_64.manylinux_2_28_x86_64.whl (362 kB)
Using cached cycler-0.12.1-py3-none-any.whl (8.3 kB)
Using cached fonttools-4.61.1-cp312-cp312-manylinux1_x86_64.manylinux2014_x86_64.manylinux_2_17_x86_64.manylinux_2_5_x86_64.whl (5.0 MB)
Using cached aiohttp-3.13.3-cp312-cp312-manylinux2014_x86_64.manylinux_2_17_x86_64.manylinux_2_28_x86_64.whl (1.8 MB)
Using cached multidict-6.7.1-cp312-cp312-manylinux2014_x86_64.manylinux_2_17_x86_64.manylinux_2_28_x86_64.whl (256 kB)
Using cached yarl-1.22.0-cp312-cp312-manylinux2014_x86_64.manylinux_2_17_x86_64.manylinux_2_28_x86_64.whl (377 kB)
Using cached aiohappyeyeballs-2.6.1-py3-none-any.whl (15 kB)
Using cached aiosignal-1.4.0-py3-none-any.whl (7.5 kB)
Using cached attrs-25.4.0-py3-none-any.whl (67 kB)
Using cached frozenlist-1.8.0-cp312-cp312-manylinux1_x86_64.manylinux_2_28_x86_64.manylinux_2_5_x86_64.whl (242 kB)
Using cached imageio-2.37.2-py3-none-any.whl (317 kB)
Using cached jsonschema-4.26.0-py3-none-any.whl (90 kB)
Using cached jsonschema_specifications-2025.9.1-py3-none-any.whl (18 kB)
Using cached kiwisolver-1.4.9-cp312-cp312-manylinux2014_x86_64.manylinux_2_17_x86_64.whl (1.5 MB)
Using cached lazy_loader-0.4-py3-none-any.whl (12 kB)
Using cached lightning_utilities-0.15.2-py3-none-any.whl (29 kB)
Using cached narwhals-2.16.0-py3-none-any.whl (443 kB)
Using cached propcache-0.4.1-cp312-cp312-manylinux2014_x86_64.manylinux_2_17_x86_64.manylinux_2_28_x86_64.whl (221 kB)
Using cached pyparsing-3.3.2-py3-none-any.whl (122 kB)
Using cached python_dateutil-2.9.0.post0-py2.py3-none-any.whl (229 kB)
Using cached pytz-2025.2-py2.py3-none-any.whl (509 kB)
Using cached pywavelets-1.9.0-cp312-cp312-manylinux_2_27_x86_64.manylinux_2_28_x86_64.whl (4.5 MB)
Using cached referencing-0.37.0-py3-none-any.whl (26 kB)
Using cached rpds_py-0.30.0-cp312-cp312-manylinux_2_17_x86_64.manylinux2014_x86_64.whl (394 kB)
Using cached scipy-1.16.3-cp312-cp312-manylinux2014_x86_64.manylinux_2_17_x86_64.whl (35.7 MB)
Using cached six-1.17.0-py2.py3-none-any.whl (11 kB)
Using cached tifffile-2026.1.28-py3-none-any.whl (233 kB)
Using cached torchmetrics-1.8.2-py3-none-any.whl (983 kB)
Using cached trampoline-0.1.2-py3-none-any.whl (5.2 kB)
Using cached tzdata-2025.3-py2.py3-none-any.whl (348 kB)
Using cached uvicorn-0.40.0-py3-none-any.whl (68 kB)
Using cached ffmpy-1.0.0-py3-none-any.whl (5.6 kB)
Using cached numba-0.63.1-cp312-cp312-manylinux2014_x86_64.manylinux_2_17_x86_64.whl (3.8 MB)
Using cached llvmlite-0.46.0-cp312-cp312-manylinux2014_x86_64.manylinux_2_17_x86_64.whl (56.3 MB)
Using cached opencv_python-4.11.0.86-cp37-abi3-manylinux_2_17_x86_64.manylinux2014_x86_64.whl (63.0 MB)
Using cached pydub-0.25.1-py2.py3-none-any.whl (32 kB)
Using cached python_multipart-0.0.22-py3-none-any.whl (24 kB)
Using cached timm-1.0.24-py3-none-any.whl (2.6 MB)
Building wheels for collected packages: Pillow, tokenizers
  Building wheel for Pillow (pyproject.toml): started
  Building wheel for Pillow (pyproject.toml): finished with status 'done'
  Created wheel for Pillow: filename=pillow-9.5.0-cp312-cp312-linux_x86_64.whl size=1058744 sha256=bfbf6233581a647973ebb42debc6fae703eb9fc8725723cf8c5433a9bb1179df
  Stored in directory: /home/serena/.cache/pip/wheels/ea/de/2e/75a6399e5d8cd3a55c13c8f0658d996d4ce4cff37389de044c
  Building wheel for tokenizers (pyproject.toml): started
  Building wheel for tokenizers (pyproject.toml): finished with status 'error'
Successfully built Pillow
Failed to build tokenizers

stderr:   error: subprocess-exited-with-error
  
  × Building wheel for tokenizers (pyproject.toml) did not run successfully.
  │ exit code: 1
  ╰─> [90 lines of output]
      /tmp/pip-build-env-uca1q989/overlay/lib/python3.12/site-packages/setuptools/dist.py:765: SetuptoolsDeprecationWarning: License classifiers are deprecated.
      !!
      
              ********************************************************************************
              Please consider removing the following classifiers in favor of a SPDX license expression:
      
              License :: OSI Approved :: Apache Software License
      
              See https://packaging.python.org/en/latest/guides/writing-pyproject-toml/#license for details.
              ********************************************************************************
      
      !!
        self._finalize_license_expression()
      running bdist_wheel
      running build
      running build_py
      creating build/lib.linux-x86_64-cpython-312/tokenizers
      copying py_src/tokenizers/__init__.py -> build/lib.linux-x86_64-cpython-312/tokenizers
      creating build/lib.linux-x86_64-cpython-312/tokenizers/models
      copying py_src/tokenizers/models/__init__.py -> build/lib.linux-x86_64-cpython-312/tokenizers/models
      creating build/lib.linux-x86_64-cpython-312/tokenizers/decoders
      copying py_src/tokenizers/decoders/__init__.py -> build/lib.linux-x86_64-cpython-312/tokenizers/decoders
      creating build/lib.linux-x86_64-cpython-312/tokenizers/normalizers
      copying py_src/tokenizers/normalizers/__init__.py -> build/lib.linux-x86_64-cpython-312/tokenizers/normalizers
      creating build/lib.linux-x86_64-cpython-312/tokenizers/pre_tokenizers
      copying py_src/tokenizers/pre_tokenizers/__init__.py -> build/lib.linux-x86_64-cpython-312/tokenizers/pre_tokenizers
      creating build/lib.linux-x86_64-cpython-312/tokenizers/processors
      copying py_src/tokenizers/processors/__init__.py -> build/lib.linux-x86_64-cpython-312/tokenizers/processors
      creating build/lib.linux-x86_64-cpython-312/tokenizers/trainers
      copying py_src/tokenizers/trainers/__init__.py -> build/lib.linux-x86_64-cpython-312/tokenizers/trainers
      creating build/lib.linux-x86_64-cpython-312/tokenizers/implementations
      copying py_src/tokenizers/implementations/base_tokenizer.py -> build/lib.linux-x86_64-cpython-312/tokenizers/implementations
      copying py_src/tokenizers/implementations/byte_level_bpe.py -> build/lib.linux-x86_64-cpython-312/tokenizers/implementations
      copying py_src/tokenizers/implementations/sentencepiece_unigram.py -> build/lib.linux-x86_64-cpython-312/tokenizers/implementations
      copying py_src/tokenizers/implementations/sentencepiece_bpe.py -> build/lib.linux-x86_64-cpython-312/tokenizers/implementations
      copying py_src/tokenizers/implementations/char_level_bpe.py -> build/lib.linux-x86_64-cpython-312/tokenizers/implementations
      copying py_src/tokenizers/implementations/__init__.py -> build/lib.linux-x86_64-cpython-312/tokenizers/implementations
      copying py_src/tokenizers/implementations/bert_wordpiece.py -> build/lib.linux-x86_64-cpython-312/tokenizers/implementations
      creating build/lib.linux-x86_64-cpython-312/tokenizers/tools
      copying py_src/tokenizers/tools/visualizer.py -> build/lib.linux-x86_64-cpython-312/tokenizers/tools
      copying py_src/tokenizers/tools/__init__.py -> build/lib.linux-x86_64-cpython-312/tokenizers/tools
      copying py_src/tokenizers/__init__.pyi -> build/lib.linux-x86_64-cpython-312/tokenizers
      copying py_src/tokenizers/models/__init__.pyi -> build/lib.linux-x86_64-cpython-312/tokenizers/models
      copying py_src/tokenizers/decoders/__init__.pyi -> build/lib.linux-x86_64-cpython-312/tokenizers/decoders
      copying py_src/tokenizers/normalizers/__init__.pyi -> build/lib.linux-x86_64-cpython-312/tokenizers/normalizers
      copying py_src/tokenizers/pre_tokenizers/__init__.pyi -> build/lib.linux-x86_64-cpython-312/tokenizers/pre_tokenizers
      copying py_src/tokenizers/processors/__init__.pyi -> build/lib.linux-x86_64-cpython-312/tokenizers/processors
      copying py_src/tokenizers/trainers/__init__.pyi -> build/lib.linux-x86_64-cpython-312/tokenizers/trainers
      copying py_src/tokenizers/tools/visualizer-styles.css -> build/lib.linux-x86_64-cpython-312/tokenizers/tools
      running build_ext
      running build_rust
          Updating crates.io index
       Downloading crates ...
        Downloaded block-buffer v0.10.4
        Downloaded bitflags v2.10.0
        Downloaded autocfg v1.5.0
        Downloaded anstyle-wincon v3.0.11
        Downloaded adler2 v2.0.1
        Downloaded atty v0.2.14
        Downloaded cpufeatures v0.2.17
        Downloaded futures-io v0.3.31
        Downloaded anstyle-query v1.1.5
        Downloaded dirs-sys v0.3.7
        Downloaded colorchoice v1.0.4
        Downloaded byteorder v1.5.0
        Downloaded foreign-types-shared v0.1.1
        Downloaded heck v0.5.0
        Downloaded crypto-common v0.1.7
        Downloaded cfg-if v1.0.4
        Downloaded constant_time_eq v0.1.5
        Downloaded cipher v0.4.4
        Downloaded bitflags v1.3.2
        Downloaded sync_wrapper v0.1.2
        Downloaded strsim v0.10.0
        Downloaded clap_lex v0.7.7
        Downloaded time-core v0.1.8
      error: failed to download replaced source registry `crates-io`
      
      Caused by:
        failed to parse manifest at `/home/serena/.cargo/registry/src/index.crates.io-6f17d22bba15001f/time-core-0.1.8/Cargo.toml`
      
      Caused by:
        feature `edition2024` is required
      
        The package requires the Cargo feature called `edition2024`, but that feature is not stabilized in this version of Cargo (1.75.0).
        Consider trying a more recent nightly release.
        See https://doc.rust-lang.org/nightly/cargo/reference/unstable.html#edition-2024 for more information about the status of this feature.
      error: `cargo metadata --manifest-path Cargo.toml --format-version 1` failed with code 101
      -- Output captured from stdout:
      
      [end of output]
  
  note: This error originates from a subprocess, and is likely not a problem with pip.
  ERROR: Failed building wheel for tokenizers
error: failed-wheel-build-for-install

× Failed to build installable wheels for some pyproject.toml based projects
╰─> tokenizers

(venv) serena@serena-portatil:~/stable_diffusion_practica/stable-diffusion-webui$ sudo apt update
sudo apt install -y software-properties-common
sudo add-apt-repository -y ppa:deadsnakes/ppa
sudo apt update
sudo apt install -y python3.10 python3.10-venv python3.10-dev
Ign:1 https://apt.packages.shiftkey.dev/ubuntu any InRelease
Obj:2 http://security.ubuntu.com/ubuntu noble-security InRelease
Obj:3 http://es.archive.ubuntu.com/ubuntu noble InRelease
Obj:4 http://es.archive.ubuntu.com/ubuntu noble-updates InRelease
Obj:5 http://es.archive.ubuntu.com/ubuntu noble-backports InRelease
Ign:1 https://apt.packages.shiftkey.dev/ubuntu any InRelease
Ign:1 https://apt.packages.shiftkey.dev/ubuntu any InRelease
Err:1 https://apt.packages.shiftkey.dev/ubuntu any InRelease
  Certificate verification failed: The certificate is NOT trusted. The name in the certificate does not match the expected.  Could not handshake: Error in the certificate verification. [IP: 13.107.246.43 443]
Leyendo lista de paquetes... Hecho
Creando árbol de dependencias... Hecho
Leyendo la información de estado... Hecho
Se pueden actualizar 186 paquetes. Ejecute «apt list --upgradable» para verlos.
W: Fallo al obtener https://apt.packages.shiftkey.dev/ubuntu/dists/any/InRelease  Certificate verification failed: The certificate is NOT trusted. The name in the certificate does not match the expected.  Could not handshake: Error in the certificate verification. [IP: 13.107.246.43 443]
W: No se han podido descargar algunos archivos de índice, se han omitido, o se han utilizado unos antiguos en su lugar.
Leyendo lista de paquetes... Hecho
Creando árbol de dependencias... Hecho
Leyendo la información de estado... Hecho
El paquete indicado a continuación se instaló de forma automática y ya no es necesario.
  libllvm19
Utilice «sudo apt autoremove» para eliminarlo.
Se instalarán los siguientes paquetes adicionales:
  python3-software-properties software-properties-gtk
Se actualizarán los siguientes paquetes:
  python3-software-properties software-properties-common
  software-properties-gtk
3 actualizados, 0 nuevos se instalarán, 0 para eliminar y 183 no actualizados.
Se necesita descargar 128 kB de archivos.
Se utilizarán 0 B de espacio de disco adicional después de esta operación.
Des:1 http://es.archive.ubuntu.com/ubuntu noble-updates/main amd64 software-properties-common all 0.99.49.3 [14,4 kB]
Des:2 http://es.archive.ubuntu.com/ubuntu noble-updates/main amd64 software-properties-gtk all 0.99.49.3 [83,2 kB]
Des:3 http://es.archive.ubuntu.com/ubuntu noble-updates/main amd64 python3-software-properties all 0.99.49.3 [29,9 kB]
Descargados 128 kB en 5s (23,3 kB/s)                  
(Leyendo la base de datos ... 161797 ficheros o directorios instalados act
ualmente.)
Preparando para desempaquetar .../software-properties-common_0.99.49.3_all
.deb ...
Desempaquetando software-properties-common (0.99.49.3) sobre (0.99.49.2) .
..
Preparando para desempaquetar .../software-properties-gtk_0.99.49.3_all.de
b ...
Desempaquetando software-properties-gtk (0.99.49.3) sobre (0.99.49.2) ...
Preparando para desempaquetar .../python3-software-properties_0.99.49.3_al
l.deb ...
Desempaquetando python3-software-properties (0.99.49.3) sobre (0.99.49.2) 
...
Configurando python3-software-properties (0.99.49.3) ...
Configurando software-properties-common (0.99.49.3) ...
Configurando software-properties-gtk (0.99.49.3) ...
Procesando disparadores para libglib2.0-0t64:amd64 (2.80.0-6ubuntu3.7) ...
Procesando disparadores para dbus (1.14.10-4ubuntu4.1) ...
Procesando disparadores para shared-mime-info (2.4-4) ...
Procesando disparadores para desktop-file-utils (0.27-2build1) ...
Procesando disparadores para hicolor-icon-theme (0.17-2) ...
Procesando disparadores para gnome-menus (3.36.0-1.1ubuntu3) ...
Procesando disparadores para man-db (2.12.0-4build2) ...
Repositorio: «Types: deb
URIs: https://ppa.launchpadcontent.net/deadsnakes/ppa/ubuntu/
Suites: noble
Components: main
»
Descripción:
This PPA contains more recent Python versions packaged for Ubuntu.

Disclaimer: there's no guarantee of timely updates in case of security problems or other issues. If you want to use them in a security-or-otherwise-critical environment (say, on a production server), you do so at your own risk.

Update Note
===========
Please use this repository instead of ppa:fkrull/deadsnakes.

Reporting Issues
================

Issues can be reported in the master issue tracker at:
https://github.com/deadsnakes/issues/issues

Supported Ubuntu and Python Versions
====================================

- Ubuntu 22.04 (jammy) Python3.7 - Python3.9, Python3.11 - Python3.13
- Ubuntu 24.04 (noble) Python3.7 - Python3.11, Python3.13
- Note: Python 3.10 (jammy), Python3.12 (noble) are not provided by deadsnakes as upstream ubuntu provides those packages.

Why some packages aren't built:
- Note: for jammy and noble, older python versions requre libssl<3 so they are not currently built
- If you need these, reach out to asottile to set up a private ppa

The packages may also work on other versions of Ubuntu or Debian, but that is not tested or supported.

Packages
========

The packages provided here are loosely based on the debian upstream packages with some modifications to make them more usable as non-default pythons and on ubuntu.  As such, the packages follow debian's patterns and often do not include a full python distribution with just `apt install python#.#`.  Here is a list of packages that may be useful along with the default install:

- `python#.#-dev`: includes development headers for building C extensions
- `python#.#-venv`: provides the standard library `venv` module
- `python#.#-distutils`: provides the standard library `distutils` module
- `python#.#-lib2to3`: provides the `2to3-#.#` utility as well as the standard library `lib2to3` module
- `python#.#-gdbm`: provides the standard library `dbm.gnu` module
- `python#.#-tk`: provides the standard library `tkinter` module

Third-Party Python Modules
==========================

Python modules in the official Ubuntu repositories are packaged to work with the Python interpreters from the official repositories. Accordingly, they generally won't work with the Python interpreters from this PPA. As an exception, pure-Python modules for Python 3 will work, but any compiled extension modules won't.

To install 3rd-party Python modules, you should use the common Python packaging tools.  For an introduction into the Python packaging ecosystem and its tools, refer to the Python Packaging User Guide:
https://packaging.python.org/installing/

Sources
=======
The package sources are available at:
https://github.com/deadsnakes/

Nightly Builds
==============

For nightly builds, see ppa:deadsnakes/nightly https://launchpad.net/~deadsnakes/+archive/ubuntu/nightly
Más información: https://launchpad.net/~deadsnakes/+archive/ubuntu/ppa
Añadiendo repositorio.
Ign:1 https://apt.packages.shiftkey.dev/ubuntu any InRelease
Obj:2 http://security.ubuntu.com/ubuntu noble-security InRelease         
Des:3 https://ppa.launchpadcontent.net/deadsnakes/ppa/ubuntu noble InRelease [17,8 kB]
Des:4 https://ppa.launchpadcontent.net/deadsnakes/ppa/ubuntu noble/main amd64 Packages [33,5 kB]
Des:5 https://ppa.launchpadcontent.net/deadsnakes/ppa/ubuntu noble/main Translation-en [5.904 B]
Ign:1 https://apt.packages.shiftkey.dev/ubuntu any InRelease        
Ign:1 https://apt.packages.shiftkey.dev/ubuntu any InRelease
Obj:6 http://es.archive.ubuntu.com/ubuntu noble InRelease
Obj:7 http://es.archive.ubuntu.com/ubuntu noble-updates InRelease
Obj:8 http://es.archive.ubuntu.com/ubuntu noble-backports InRelease
Err:1 https://apt.packages.shiftkey.dev/ubuntu any InRelease             
  Certificate verification failed: The certificate is NOT trusted. The name in the certificate does not match the expected.  Could not handshake: Error in the certificate verification. [IP: 13.107.246.43 443]
Descargados 57,2 kB en 7s (7.677 B/s)                                    
Leyendo lista de paquetes... Hecho
W: Fallo al obtener https://apt.packages.shiftkey.dev/ubuntu/dists/any/InRelease  Certificate verification failed: The certificate is NOT trusted. The name in the certificate does not match the expected.  Could not handshake: Error in the certificate verification. [IP: 13.107.246.43 443]
W: No se han podido descargar algunos archivos de índice, se han omitido, o se han utilizado unos antiguos en su lugar.
Ign:1 https://apt.packages.shiftkey.dev/ubuntu any InRelease
Obj:2 https://ppa.launchpadcontent.net/deadsnakes/ppa/ubuntu noble InRelease
Obj:3 http://es.archive.ubuntu.com/ubuntu noble InRelease                
Obj:4 http://es.archive.ubuntu.com/ubuntu noble-updates InRelease
Obj:5 http://es.archive.ubuntu.com/ubuntu noble-backports InRelease
Ign:1 https://apt.packages.shiftkey.dev/ubuntu any InRelease
Obj:6 http://security.ubuntu.com/ubuntu noble-security InRelease
Ign:1 https://apt.packages.shiftkey.dev/ubuntu any InRelease
Err:1 https://apt.packages.shiftkey.dev/ubuntu any InRelease
  Certificate verification failed: The certificate is NOT trusted. The name in the certificate does not match the expected.  Could not handshake: Error in the certificate verification. [IP: 13.107.246.43 443]
Leyendo lista de paquetes... Hecho
Creando árbol de dependencias... Hecho
Leyendo la información de estado... Hecho
Se pueden actualizar 183 paquetes. Ejecute «apt list --upgradable» para verlos.
W: Fallo al obtener https://apt.packages.shiftkey.dev/ubuntu/dists/any/InRelease  Certificate verification failed: The certificate is NOT trusted. The name in the certificate does not match the expected.  Could not handshake: Error in the certificate verification. [IP: 13.107.246.43 443]
W: No se han podido descargar algunos archivos de índice, se han omitido, o se han utilizado unos antiguos en su lugar.
Leyendo lista de paquetes... Hecho
Creando árbol de dependencias... Hecho
Leyendo la información de estado... Hecho
El paquete indicado a continuación se instaló de forma automática y ya no es necesario.
  libllvm19
Utilice «sudo apt autoremove» para eliminarlo.
Se instalarán los siguientes paquetes adicionales:
  libpython3.10 libpython3.10-dev libpython3.10-minimal
  libpython3.10-stdlib python3.10-distutils python3.10-lib2to3
  python3.10-minimal
Paquetes sugeridos:
  binfmt-support
Se instalarán los siguientes paquetes NUEVOS:
  libpython3.10 libpython3.10-dev libpython3.10-minimal
  libpython3.10-stdlib python3.10 python3.10-dev python3.10-distutils
  python3.10-lib2to3 python3.10-minimal python3.10-venv
0 actualizados, 10 nuevos se instalarán, 0 para eliminar y 183 no actualizados.
Se necesita descargar 14,9 MB de archivos.
Se utilizarán 50,0 MB de espacio de disco adicional después de esta operación.
Des:1 https://ppa.launchpadcontent.net/deadsnakes/ppa/ubuntu noble/main amd64 libpython3.10-minimal amd64 3.10.19-1+noble1 [804 kB]
Des:2 https://ppa.launchpadcontent.net/deadsnakes/ppa/ubuntu noble/main amd64 python3.10-minimal amd64 3.10.19-1+noble1 [1.910 kB]
Des:3 https://ppa.launchpadcontent.net/deadsnakes/ppa/ubuntu noble/main amd64 libpython3.10-stdlib amd64 3.10.19-1+noble1 [1.823 kB]
Des:4 https://ppa.launchpadcontent.net/deadsnakes/ppa/ubuntu noble/main amd64 libpython3.10 amd64 3.10.19-1+noble1 [1.938 kB]
Des:5 https://ppa.launchpadcontent.net/deadsnakes/ppa/ubuntu noble/main amd64 libpython3.10-dev amd64 3.10.19-1+noble1 [4.532 kB]
Des:6 https://ppa.launchpadcontent.net/deadsnakes/ppa/ubuntu noble/main amd64 python3.10 amd64 3.10.19-1+noble1 [49,0 kB]
Des:7 https://ppa.launchpadcontent.net/deadsnakes/ppa/ubuntu noble/main amd64 python3.10-dev amd64 3.10.19-1+noble1 [500 kB]
Des:8 https://ppa.launchpadcontent.net/deadsnakes/ppa/ubuntu noble/main amd64 python3.10-lib2to3 all 3.10.19-1+noble1 [82,2 kB]
Des:9 https://ppa.launchpadcontent.net/deadsnakes/ppa/ubuntu noble/main amd64 python3.10-distutils all 3.10.19-1+noble1 [144 kB]
Des:10 https://ppa.launchpadcontent.net/deadsnakes/ppa/ubuntu noble/main amd64 python3.10-venv amd64 3.10.19-1+noble1 [3.159 kB]
Descargados 14,9 MB en 19s (796 kB/s)                                    
Seleccionando el paquete libpython3.10-minimal:amd64 previamente no selecc
ionado.
(Leyendo la base de datos ... 161797 ficheros o directorios instalados act
ualmente.)
Preparando para desempaquetar .../0-libpython3.10-minimal_3.10.19-1+noble1
_amd64.deb ...
Desempaquetando libpython3.10-minimal:amd64 (3.10.19-1+noble1) ...
Seleccionando el paquete python3.10-minimal previamente no seleccionado.
Preparando para desempaquetar .../1-python3.10-minimal_3.10.19-1+noble1_am
d64.deb ...
Desempaquetando python3.10-minimal (3.10.19-1+noble1) ...
Seleccionando el paquete libpython3.10-stdlib:amd64 previamente no selecci
onado.
Preparando para desempaquetar .../2-libpython3.10-stdlib_3.10.19-1+noble1_
amd64.deb ...
Desempaquetando libpython3.10-stdlib:amd64 (3.10.19-1+noble1) ...
Seleccionando el paquete libpython3.10:amd64 previamente no seleccionado.
Preparando para desempaquetar .../3-libpython3.10_3.10.19-1+noble1_amd64.d
eb ...
Desempaquetando libpython3.10:amd64 (3.10.19-1+noble1) ...
Seleccionando el paquete libpython3.10-dev:amd64 previamente no selecciona
do.
Preparando para desempaquetar .../4-libpython3.10-dev_3.10.19-1+noble1_amd
64.deb ...
Desempaquetando libpython3.10-dev:amd64 (3.10.19-1+noble1) ...
Seleccionando el paquete python3.10 previamente no seleccionado.
Preparando para desempaquetar .../5-python3.10_3.10.19-1+noble1_amd64.deb 
...
Desempaquetando python3.10 (3.10.19-1+noble1) ...
Seleccionando el paquete python3.10-dev previamente no seleccionado.
Preparando para desempaquetar .../6-python3.10-dev_3.10.19-1+noble1_amd64.
deb ...
Desempaquetando python3.10-dev (3.10.19-1+noble1) ...
Seleccionando el paquete python3.10-lib2to3 previamente no seleccionado.
Preparando para desempaquetar .../7-python3.10-lib2to3_3.10.19-1+noble1_al
l.deb ...
Desempaquetando python3.10-lib2to3 (3.10.19-1+noble1) ...
Seleccionando el paquete python3.10-distutils previamente no seleccionado.
Preparando para desempaquetar .../8-python3.10-distutils_3.10.19-1+noble1_
all.deb ...
Desempaquetando python3.10-distutils (3.10.19-1+noble1) ...
Seleccionando el paquete python3.10-venv previamente no seleccionado.
Preparando para desempaquetar .../9-python3.10-venv_3.10.19-1+noble1_amd64
.deb ...
Desempaquetando python3.10-venv (3.10.19-1+noble1) ...
Configurando python3.10-lib2to3 (3.10.19-1+noble1) ...
Configurando libpython3.10-minimal:amd64 (3.10.19-1+noble1) ...
Configurando python3.10-distutils (3.10.19-1+noble1) ...
Configurando python3.10-minimal (3.10.19-1+noble1) ...
Configurando libpython3.10-stdlib:amd64 (3.10.19-1+noble1) ...
Configurando libpython3.10:amd64 (3.10.19-1+noble1) ...
Configurando python3.10 (3.10.19-1+noble1) ...
Configurando libpython3.10-dev:amd64 (3.10.19-1+noble1) ...
Configurando python3.10-dev (3.10.19-1+noble1) ...
Configurando python3.10-venv (3.10.19-1+noble1) ...
Procesando disparadores para man-db (2.12.0-4build2) ...
Procesando disparadores para desktop-file-utils (0.27-2build1) ...
Procesando disparadores para gnome-menus (3.36.0-1.1ubuntu3) ...
(venv) serena@serena-portatil:~/stable_diffusion_practica/stable-diffusion-webui$ cd ~/stable_diffusion_practica/stable-diffusion-webui
rm -rf venv
python3.10 -m venv venv
source venv/bin/activate
pip install -U pip setuptools wheel
Requirement already satisfied: pip in ./venv/lib/python3.10/site-packages (23.0.1)
Collecting pip
  Downloading pip-26.0-py3-none-any.whl (1.8 MB)
     ━━━━━━━━━━━━━━━━━━━━━━━━━━━━━━━━━━━━━ 1.8/1.8 MB 7.5 MB/s eta 0:00:00
Requirement already satisfied: setuptools in ./venv/lib/python3.10/site-packages (79.0.1)
Collecting setuptools
  Downloading setuptools-80.10.2-py3-none-any.whl (1.1 MB)
     ━━━━━━━━━━━━━━━━━━━━━━━━━━━━━━━━━━━━━ 1.1/1.1 MB 8.0 MB/s eta 0:00:00
Collecting wheel
  Downloading wheel-0.46.3-py3-none-any.whl (30 kB)
Collecting packaging>=24.0
  Downloading packaging-26.0-py3-none-any.whl (74 kB)
     ━━━━━━━━━━━━━━━━━━━━━━━━━━━━━━━━━━ 74.4/74.4 kB 11.7 MB/s eta 0:00:00
Installing collected packages: setuptools, pip, packaging, wheel
  Attempting uninstall: setuptools
    Found existing installation: setuptools 79.0.1
    Uninstalling setuptools-79.0.1:
      Successfully uninstalled setuptools-79.0.1
  Attempting uninstall: pip
    Found existing installation: pip 23.0.1
    Uninstalling pip-23.0.1:
      Successfully uninstalled pip-23.0.1
Successfully installed packaging-26.0 pip-26.0 setuptools-80.10.2 wheel-0.46.3
(venv) serena@serena-portatil:~/stable_diffusion_practica/stable-diffusion-webui$ ./webui.sh

################################################################
Install script for stable-diffusion + Web UI
Tested on Debian 11 (Bullseye), Fedora 34+ and openSUSE Leap 15.4 or newer.
################################################################

################################################################
Running on serena user
################################################################

################################################################
Repo already cloned, using it as install directory
################################################################

################################################################
python venv already activate or run without venv: /home/serena/stable_diffusion_practica/stable-diffusion-webui/venv
################################################################

################################################################
Launching launch.py...
################################################################
glibc version is 2.39
Cannot locate TCMalloc. Do you have tcmalloc or google-perftool installed on your system? (improves CPU memory usage)
Python 3.10.19 (main, Oct 10 2025, 08:52:10) [GCC 13.3.0]
Version: v1.10.1-93-gfd68e0c3
Commit hash: fd68e0c3846b07c637c3d57b0c38f06c8485a753
Installing torch and torchvision
Looking in indexes: https://pypi.org/simple, https://download.pytorch.org/whl/cu128
Collecting torch==2.7.0
  Downloading https://download.pytorch.org/whl/cu128/torch-2.7.0%2Bcu128-cp310-cp310-manylinux_2_28_x86_64.whl.metadata (29 kB)
Collecting torchvision==0.22.0
  Downloading https://download.pytorch.org/whl/cu128/torchvision-0.22.0%2Bcu128-cp310-cp310-manylinux_2_28_x86_64.whl.metadata (6.1 kB)
Collecting filelock (from torch==2.7.0)
  Using cached filelock-3.20.3-py3-none-any.whl.metadata (2.1 kB)
Collecting typing-extensions>=4.10.0 (from torch==2.7.0)
  Downloading https://download.pytorch.org/whl/typing_extensions-4.15.0-py3-none-any.whl.metadata (3.3 kB)
Collecting sympy>=1.13.3 (from torch==2.7.0)
  Using cached sympy-1.14.0-py3-none-any.whl.metadata (12 kB)
Collecting networkx (from torch==2.7.0)
  Downloading networkx-3.4.2-py3-none-any.whl.metadata (6.3 kB)
Collecting jinja2 (from torch==2.7.0)
  Downloading https://download.pytorch.org/whl/jinja2-3.1.6-py3-none-any.whl.metadata (2.9 kB)
Collecting fsspec (from torch==2.7.0)
  Using cached fsspec-2026.1.0-py3-none-any.whl.metadata (10 kB)
Collecting nvidia-cuda-nvrtc-cu12==12.8.61 (from torch==2.7.0)
  Downloading https://pypi.nvidia.com/nvidia-cuda-nvrtc-cu12/nvidia_cuda_nvrtc_cu12-12.8.61-py3-none-manylinux2010_x86_64.manylinux_2_12_x86_64.whl (88.0 MB)
     ━━━━━━━━━━━━━━━━━━━━━━━━━━━━━━━━━━━━━ 88.0/88.0 MB 15.5 MB/s  0:00:05
Collecting nvidia-cuda-runtime-cu12==12.8.57 (from torch==2.7.0)
  Downloading https://pypi.nvidia.com/nvidia-cuda-runtime-cu12/nvidia_cuda_runtime_cu12-12.8.57-py3-none-manylinux2014_x86_64.manylinux_2_17_x86_64.whl (954 kB)
     ━━━━━━━━━━━━━━━━━━━━━━━━━━━━━━━━━━━ 954.8/954.8 kB 10.6 MB/s  0:00:00
Collecting nvidia-cuda-cupti-cu12==12.8.57 (from torch==2.7.0)
  Downloading https://pypi.nvidia.com/nvidia-cuda-cupti-cu12/nvidia_cuda_cupti_cu12-12.8.57-py3-none-manylinux2014_x86_64.manylinux_2_17_x86_64.whl (10.2 MB)
     ━━━━━━━━━━━━━━━━━━━━━━━━━━━━━━━━━━━━━━ 10.2/10.2 MB 9.3 MB/s  0:00:01
Collecting nvidia-cudnn-cu12==9.7.1.26 (from torch==2.7.0)
  Downloading https://pypi.nvidia.com/nvidia-cudnn-cu12/nvidia_cudnn_cu12-9.7.1.26-py3-none-manylinux_2_27_x86_64.whl (726.9 MB)
     ━━━━━━━━━━━━━━━━━━━━━━━━━━━━━━━━━━━ 726.9/726.9 MB 13.8 MB/s  0:00:52
Collecting nvidia-cublas-cu12==12.8.3.14 (from torch==2.7.0)
  Downloading https://pypi.nvidia.com/nvidia-cublas-cu12/nvidia_cublas_cu12-12.8.3.14-py3-none-manylinux_2_27_x86_64.whl (609.6 MB)
     ━━━━━━━━━━━━━━━━━━━━━━━━━━━━━━━━━━━ 609.6/609.6 MB 11.3 MB/s  0:00:52
Collecting nvidia-cufft-cu12==11.3.3.41 (from torch==2.7.0)
  Downloading https://pypi.nvidia.com/nvidia-cufft-cu12/nvidia_cufft_cu12-11.3.3.41-py3-none-manylinux2014_x86_64.manylinux_2_17_x86_64.whl (193.1 MB)
     ━━━━━━━━━━━━━━━━━━━━━━━━━━━━━━━━━━━ 193.1/193.1 MB 10.0 MB/s  0:00:19
Collecting nvidia-curand-cu12==10.3.9.55 (from torch==2.7.0)
  Downloading https://pypi.nvidia.com/nvidia-curand-cu12/nvidia_curand_cu12-10.3.9.55-py3-none-manylinux_2_27_x86_64.whl (63.6 MB)
     ━━━━━━━━━━━━━━━━━━━━━━━━━━━━━━━━━━━━━ 63.6/63.6 MB 10.6 MB/s  0:00:06
Collecting nvidia-cusolver-cu12==11.7.2.55 (from torch==2.7.0)
  Downloading https://pypi.nvidia.com/nvidia-cusolver-cu12/nvidia_cusolver_cu12-11.7.2.55-py3-none-manylinux_2_27_x86_64.whl (260.4 MB)
     ━━━━━━━━━━━━━━━━━━━━━━━━━━━━━━━━━━━ 260.4/260.4 MB 10.7 MB/s  0:00:24
Collecting nvidia-cusparse-cu12==12.5.7.53 (from torch==2.7.0)
  Downloading https://pypi.nvidia.com/nvidia-cusparse-cu12/nvidia_cusparse_cu12-12.5.7.53-py3-none-manylinux2014_x86_64.manylinux_2_17_x86_64.whl (292.1 MB)
     ━━━━━━━━━━━━━━━━━━━━━━━━━━━━━━━━━━━ 292.1/292.1 MB 10.5 MB/s  0:00:27
Collecting nvidia-cusparselt-cu12==0.6.3 (from torch==2.7.0)
  Downloading https://pypi.nvidia.com/nvidia-cusparselt-cu12/nvidia_cusparselt_cu12-0.6.3-py3-none-manylinux2014_x86_64.whl (156.8 MB)
     ━━━━━━━━━━━━━━━━━━━━━━━━━━━━━━━━━━━ 156.8/156.8 MB 10.3 MB/s  0:00:15
Collecting nvidia-nccl-cu12==2.26.2 (from torch==2.7.0)
  Downloading https://pypi.nvidia.com/nvidia-nccl-cu12/nvidia_nccl_cu12-2.26.2-py3-none-manylinux2014_x86_64.manylinux_2_17_x86_64.whl (201.3 MB)
     ━━━━━━━━━━━━━━━━━━━━━━━━━━━━━━━━━━━ 201.3/201.3 MB 11.3 MB/s  0:00:17
Collecting nvidia-nvtx-cu12==12.8.55 (from torch==2.7.0)
  Downloading https://pypi.nvidia.com/nvidia-nvtx-cu12/nvidia_nvtx_cu12-12.8.55-py3-none-manylinux2014_x86_64.manylinux_2_17_x86_64.whl (89 kB)
Collecting nvidia-nvjitlink-cu12==12.8.61 (from torch==2.7.0)
  Downloading https://pypi.nvidia.com/nvidia-nvjitlink-cu12/nvidia_nvjitlink_cu12-12.8.61-py3-none-manylinux2010_x86_64.manylinux_2_12_x86_64.whl (39.2 MB)
     ━━━━━━━━━━━━━━━━━━━━━━━━━━━━━━━━━━━━━ 39.2/39.2 MB 10.5 MB/s  0:00:03
Collecting nvidia-cufile-cu12==1.13.0.11 (from torch==2.7.0)
  Downloading https://pypi.nvidia.com/nvidia-cufile-cu12/nvidia_cufile_cu12-1.13.0.11-py3-none-manylinux2014_x86_64.manylinux_2_17_x86_64.whl (1.2 MB)
     ━━━━━━━━━━━━━━━━━━━━━━━━━━━━━━━━━━━━━━━━ 1.2/1.2 MB 8.7 MB/s  0:00:00
Collecting triton==3.3.0 (from torch==2.7.0)
  Downloading https://download.pytorch.org/whl/triton-3.3.0-cp310-cp310-manylinux_2_27_x86_64.manylinux_2_28_x86_64.whl.metadata (1.5 kB)
Collecting numpy (from torchvision==0.22.0)
  Downloading numpy-2.2.6-cp310-cp310-manylinux_2_17_x86_64.manylinux2014_x86_64.whl.metadata (62 kB)
Collecting pillow!=8.3.*,>=5.3.0 (from torchvision==0.22.0)
  Downloading pillow-12.1.0-cp310-cp310-manylinux_2_27_x86_64.manylinux_2_28_x86_64.whl.metadata (8.8 kB)
Requirement already satisfied: setuptools>=40.8.0 in ./venv/lib/python3.10/site-packages (from triton==3.3.0->torch==2.7.0) (80.10.2)
Collecting mpmath<1.4,>=1.1.0 (from sympy>=1.13.3->torch==2.7.0)
  Using cached mpmath-1.3.0-py3-none-any.whl.metadata (8.6 kB)
Collecting MarkupSafe>=2.0 (from jinja2->torch==2.7.0)
  Downloading markupsafe-3.0.3-cp310-cp310-manylinux2014_x86_64.manylinux_2_17_x86_64.manylinux_2_28_x86_64.whl.metadata (2.7 kB)
Downloading https://download.pytorch.org/whl/cu128/torch-2.7.0%2Bcu128-cp310-cp310-manylinux_2_28_x86_64.whl (1097.8 MB)
   ━━━━━━━━━━━━━━━━━━━━━━━━━━━━━━━━━━━━━━━━ 1.1/1.1 GB 9.1 MB/s  0:01:51
Downloading https://download.pytorch.org/whl/cu128/torchvision-0.22.0%2Bcu128-cp310-cp310-manylinux_2_28_x86_64.whl (8.7 MB)
   ━━━━━━━━━━━━━━━━━━━━━━━━━━━━━━━━━━━━━━━━ 8.7/8.7 MB 8.5 MB/s  0:00:01
Downloading https://download.pytorch.org/whl/triton-3.3.0-cp310-cp310-manylinux_2_27_x86_64.manylinux_2_28_x86_64.whl (156.4 MB)
   ━━━━━━━━━━━━━━━━━━━━━━━━━━━━━━━━━━━━━ 156.4/156.4 MB 12.9 MB/s  0:00:12
Downloading pillow-12.1.0-cp310-cp310-manylinux_2_27_x86_64.manylinux_2_28_x86_64.whl (7.0 MB)
   ━━━━━━━━━━━━━━━━━━━━━━━━━━━━━━━━━━━━━━━━ 7.0/7.0 MB 7.2 MB/s  0:00:01
Using cached sympy-1.14.0-py3-none-any.whl (6.3 MB)
Using cached mpmath-1.3.0-py3-none-any.whl (536 kB)
Downloading https://download.pytorch.org/whl/typing_extensions-4.15.0-py3-none-any.whl (44 kB)
Using cached filelock-3.20.3-py3-none-any.whl (16 kB)
Using cached fsspec-2026.1.0-py3-none-any.whl (201 kB)
Downloading https://download.pytorch.org/whl/jinja2-3.1.6-py3-none-any.whl (134 kB)
Downloading markupsafe-3.0.3-cp310-cp310-manylinux2014_x86_64.manylinux_2_17_x86_64.manylinux_2_28_x86_64.whl (20 kB)
Downloading networkx-3.4.2-py3-none-any.whl (1.7 MB)
   ━━━━━━━━━━━━━━━━━━━━━━━━━━━━━━━━━━━━━━━━ 1.7/1.7 MB 8.6 MB/s  0:00:00
Downloading numpy-2.2.6-cp310-cp310-manylinux_2_17_x86_64.manylinux2014_x86_64.whl (16.8 MB)
   ━━━━━━━━━━━━━━━━━━━━━━━━━━━━━━━━━━━━━━━ 16.8/16.8 MB 10.6 MB/s  0:00:01
Installing collected packages: nvidia-cusparselt-cu12, mpmath, typing-extensions, triton, sympy, pillow, nvidia-nvtx-cu12, nvidia-nvjitlink-cu12, nvidia-nccl-cu12, nvidia-curand-cu12, nvidia-cufile-cu12, nvidia-cuda-runtime-cu12, nvidia-cuda-nvrtc-cu12, nvidia-cuda-cupti-cu12, nvidia-cublas-cu12, numpy, networkx, MarkupSafe, fsspec, filelock, nvidia-cusparse-cu12, nvidia-cufft-cu12, nvidia-cudnn-cu12, jinja2, nvidia-cusolver-cu12, torch, torchvision
Successfully installed MarkupSafe-3.0.3 filelock-3.20.3 fsspec-2026.1.0 jinja2-3.1.6 mpmath-1.3.0 networkx-3.4.2 numpy-2.2.6 nvidia-cublas-cu12-12.8.3.14 nvidia-cuda-cupti-cu12-12.8.57 nvidia-cuda-nvrtc-cu12-12.8.61 nvidia-cuda-runtime-cu12-12.8.57 nvidia-cudnn-cu12-9.7.1.26 nvidia-cufft-cu12-11.3.3.41 nvidia-cufile-cu12-1.13.0.11 nvidia-curand-cu12-10.3.9.55 nvidia-cusolver-cu12-11.7.2.55 nvidia-cusparse-cu12-12.5.7.53 nvidia-cusparselt-cu12-0.6.3 nvidia-nccl-cu12-2.26.2 nvidia-nvjitlink-cu12-12.8.61 nvidia-nvtx-cu12-12.8.55 pillow-12.1.0 sympy-1.14.0 torch-2.7.0+cu128 torchvision-0.22.0+cu128 triton-3.3.0 typing-extensions-4.15.0
Installing clip
Installing open_clip
Installing requirements
Launching Web UI with arguments: 
/home/serena/stable_diffusion_practica/stable-diffusion-webui/venv/lib/python3.10/site-packages/timm/models/layers/__init__.py:49: FutureWarning: Importing from timm.models.layers is deprecated, please import via timm.layers
  warnings.warn(f"Importing from {__name__} is deprecated, please import via timm.layers", FutureWarning)
no module 'xformers'. Processing without...
no module 'xformers'. Processing without...
No module 'xformers'. Proceeding without it.

Downloading: "https://huggingface.co/stable-diffusion-v1-5/stable-diffusion-v1-5/resolve/main/v1-5-pruned-emaonly.safetensors" to /home/serena/stable_diffusion_practica/stable-diffusion-webui/models/Stable-diffusion/v1-5-pruned-emaonly.safetensors
v1-5-pruned-emaonly.safetensors: 100%|█| 4.27G/4.27G [05:51<00:00, 12.1MB/
Calculating sha256 for /home/serena/stable_diffusion_practica/stable-diffusion-webui/models/Stable-diffusion/v1-5-pruned-emaonly.safetensors: Running on local URL:  http://127.0.0.1:7860

To create a public link, set `share=True` in `launch()`.
Startup time: 823.1s (prepare environment: 459.0s, import torch: 3.2s, import gradio: 0.5s, setup paths: 2.2s, initialize shared: 0.3s, other imports: 0.3s, list SD models: 356.2s, load scripts: 0.4s, create ui: 0.4s, gradio launch: 0.6s).
6ce0161689b3853acaa03779ec93eafe75a02f4ced659bee03f50797806fa2fa
Loading weights [6ce0161689] from /home/serena/stable_diffusion_practica/stable-diffusion-webui/models/Stable-diffusion/v1-5-pruned-emaonly.safetensors
Creating model from config: /home/serena/stable_diffusion_practica/stable-diffusion-webui/configs/v1-inference.yaml
/home/serena/stable_diffusion_practica/stable-diffusion-webui/venv/lib/python3.10/site-packages/huggingface_hub/file_download.py:942: FutureWarning: `resume_download` is deprecated and will be removed in version 1.0.0. Downloads always resume when possible. If you want to force a new download, use `force_download=True`.
  warnings.warn(
vocab.json: 961kB [00:00, 5.37MB/s]
merges.txt: 525kB [00:00, 18.3MB/s]
special_tokens_map.json: 100%|███████████| 389/389 [00:00<00:00, 3.04MB/s]
tokenizer_config.json: 100%|█████████████| 905/905 [00:00<00:00, 8.16MB/s]
config.json: 4.52kB [00:00, 25.5MB/s]
Applying attention optimization: Doggettx... done.
Model loaded in 9.9s (calculate hash: 5.3s, create model: 1.6s, apply weights to model: 2.4s, calculate empty prompt: 0.3s).
100%|█████████████████████████████████████| 20/20 [00:04<00:00,  4.28it/s]
Total progress: 100%|█████████████████████| 20/20 [00:04<00:00,  4.38it/s]
100%|█████████████████████████████████████| 20/20 [00:04<00:00,  4.54it/s]
Total progress: 100%|█████████████████████| 20/20 [00:04<00:00,  4.22it/s]
100%|█████████████████████████████████████| 20/20 [00:04<00:00,  4.52it/s]
Total progress: 100%|█████████████████████| 20/20 [00:04<00:00,  4.23it/s]
Total progress: 100%|█████████████████████| 20/20 [00:04<00:00,  4.41it/s]
```

	
Terminal2:
```
serena@serena-portatil:~/stable_diffusion_practica/stable-diffusion-webui$ cd ~/stable_diffusion_practica
source venv/bin/activate
(venv) serena@serena-portatil:~/stable_diffusion_practica$ mkdir -p scripts
cd scripts
(venv) serena@serena-portatil:~/stable_diffusion_practica/scripts$ nano 003-crear_imagen.py
(venv) serena@serena-portatil:~/stable_diffusion_practica/scripts$ python 003-crear_imagen.py
model_index.json: 100%|██████████████████| 541/541 [00:00<00:00, 2.91MB/s]
Downloading (incomplete total...): 100%|█| 342/342 [00:00<00:00, 1.12kB/s]Warning: You are sending unauthenticated requests to the HF Hub. Please set a HF_TOKEN to enable higher rate limits and faster downloads.
Fetching 13 files: 100%|██████████████████| 13/13 [04:31<00:00, 20.89s/it]
Download complete: : 4.27GB [04:31, 15.7MB/s]              :41, 20.55s/it]
Loading weights: 100%|█| 196/196 [00:00<00:00, 1379.90it/s, Materializing 
CLIPTextModel LOAD REPORT from: /home/serena/.cache/huggingface/hub/models--runwayml--stable-diffusion-v1-5/snapshots/451f4fe16113bff5a5d2269ed5ad43b0592e9a14/text_encoder
Key                                | Status     |  | 
-----------------------------------+------------+--+-
text_model.embeddings.position_ids | UNEXPECTED |  | 

Notes:
- UNEXPECTED	:can be ignored when loading from different task/architecture; not ok if you expect identical arch.
Loading pipeline components...: 100%|███████| 6/6 [00:01<00:00,  3.22it/s]
You have disabled the safety checker for <class 'diffusers.pipelines.stable_diffusion.pipeline_stable_diffusion.StableDiffusionPipeline'> by passing `safety_checker=None`. Ensure that you abide to the conditions of the Stable Diffusion license and do not expose unfiltered results in services or applications open to the public. Both the diffusers team and Hugging Face strongly recommend to keep the safety filter enabled in all public facing circumstances, disabling it only for use-cases that involve analyzing network behavior or auditing its results. For more information, please have a look at https://github.com/huggingface/diffusers/pull/254 .
100%|█████████████████████████████████████| 30/30 [00:04<00:00,  6.39it/s]
Saved out.png
(venv) serena@serena-portatil:~/stable_diffusion_practica/scripts$ ls
003-crear_imagen.py  out.png
(venv) serena@serena-portatil:~/stable_diffusion_practica/scripts$ nano 004-lista_peticiones.py
(venv) serena@serena-portatil:~/stable_diffusion_practica/scripts$ python 004-lista_peticiones.py
Loading weights: 100%|█| 196/196 [00:00<00:00, 2992.17it/s, Materializing 
CLIPTextModel LOAD REPORT from: /home/serena/.cache/huggingface/hub/models--runwayml--stable-diffusion-v1-5/snapshots/451f4fe16113bff5a5d2269ed5ad43b0592e9a14/text_encoder
Key                                | Status     |  | 
-----------------------------------+------------+--+-
text_model.embeddings.position_ids | UNEXPECTED |  | 

Notes:
- UNEXPECTED	:can be ignored when loading from different task/architecture; not ok if you expect identical arch.
Loading pipeline components...: 100%|███████| 6/6 [00:00<00:00,  6.23it/s]
You have disabled the safety checker for <class 'diffusers.pipelines.stable_diffusion.pipeline_stable_diffusion.StableDiffusionPipeline'> by passing `safety_checker=None`. Ensure that you abide to the conditions of the Stable Diffusion license and do not expose unfiltered results in services or applications open to the public. Both the diffusers team and Hugging Face strongly recommend to keep the safety filter enabled in all public facing circumstances, disabling it only for use-cases that involve analyzing network behavior or auditing its results. For more information, please have a look at https://github.com/huggingface/diffusers/pull/254 .
100%|█████████████████████████████████████| 30/30 [00:01<00:00, 16.36it/s]
Saved a_green_dog_over_green_grass.png
100%|█████████████████████████████████████| 30/30 [00:01<00:00, 17.96it/s]
Saved a_pink_cat_over_a_sofa.png
100%|█████████████████████████████████████| 30/30 [00:01<00:00, 17.99it/s]
Saved a_horse_running_in_the_forest.png
(venv) serena@serena-portatil:~/stable_diffusion_practica/scripts$ ls *.png
a_green_dog_over_green_grass.png   a_pink_cat_over_a_sofa.png
a_horse_running_in_the_forest.png  out.png
(venv) serena@serena-portatil:~/stable_diffusion_practica/scripts$ 
```



Capturas de las imagenes generadas:

https://files.fm/u/kf96csjmtt

Con esta actividad consigo instalar y usar Stable Diffusion en local. Aprendo a generar imágenes de dos formas: con la interfaz WebUI y mediante scripts Python, lo cual me permite automatizar procesos y entender mejor cómo funcionan los modelos de difusión.

También practico el uso de entornos virtuales, el manejo de dependencias y la resolución de errores reales (GitHub SSH, instalación de librerías, compilación). Considero que esta práctica es muy útil porque la generación de imágenes con IA puede aplicarse a proyectos reales como diseño, creación de contenido, videojuegos o apps donde se necesite generar imágenes automáticamente a partir de texto.
